{"C:\\Users\\Michał\\Desktop\\PracaInzynierska\\points-service\\src\\config\\db.js": {"path":"C:\\Users\\Michał\\Desktop\\PracaInzynierska\\points-service\\src\\config\\db.js","statementMap":{"0":{"start":{"line":1,"column":0},"end":{"line":1,"column":62}},"1":{"start":{"line":2,"column":22},"end":{"line":2,"column":42}},"2":{"start":{"line":4,"column":18},"end":{"line":13,"column":2}},"3":{"start":{"line":15,"column":0},"end":{"line":15,"column":31}}},"fnMap":{},"branchMap":{},"s":{"0":2,"1":2,"2":2,"3":2},"f":{},"b":{},"_coverageSchema":"1a1c01bbd47fc00a2c39e90264f33305004495a9","hash":"34cb4aa5d20525e125b023e87735d29fa7cfef17"}
,"C:\\Users\\Michał\\Desktop\\PracaInzynierska\\points-service\\src\\modules\\points\\points.controller.js": {"path":"C:\\Users\\Michał\\Desktop\\PracaInzynierska\\points-service\\src\\modules\\points\\points.controller.js","statementMap":{"0":{"start":{"line":1,"column":22},"end":{"line":1,"column":49}},"1":{"start":{"line":5,"column":8},"end":{"line":10,"column":9}},"2":{"start":{"line":6,"column":29},"end":{"line":6,"column":65}},"3":{"start":{"line":7,"column":12},"end":{"line":7,"column":31}},"4":{"start":{"line":9,"column":12},"end":{"line":9,"column":57}},"5":{"start":{"line":14,"column":8},"end":{"line":19,"column":9}},"6":{"start":{"line":15,"column":28},"end":{"line":15,"column":77}},"7":{"start":{"line":16,"column":12},"end":{"line":16,"column":30}},"8":{"start":{"line":18,"column":12},"end":{"line":18,"column":57}},"9":{"start":{"line":23,"column":8},"end":{"line":28,"column":9}},"10":{"start":{"line":24,"column":27},"end":{"line":24,"column":78}},"11":{"start":{"line":25,"column":12},"end":{"line":25,"column":29}},"12":{"start":{"line":27,"column":12},"end":{"line":27,"column":57}},"13":{"start":{"line":32,"column":8},"end":{"line":38,"column":9}},"14":{"start":{"line":33,"column":42},"end":{"line":33,"column":50}},"15":{"start":{"line":34,"column":28},"end":{"line":34,"column":76}},"16":{"start":{"line":35,"column":12},"end":{"line":35,"column":30}},"17":{"start":{"line":37,"column":12},"end":{"line":37,"column":57}},"18":{"start":{"line":42,"column":8},"end":{"line":48,"column":9}},"19":{"start":{"line":43,"column":42},"end":{"line":43,"column":50}},"20":{"start":{"line":44,"column":28},"end":{"line":44,"column":81}},"21":{"start":{"line":45,"column":12},"end":{"line":45,"column":30}},"22":{"start":{"line":47,"column":12},"end":{"line":47,"column":57}},"23":{"start":{"line":52,"column":8},"end":{"line":58,"column":9}},"24":{"start":{"line":53,"column":42},"end":{"line":53,"column":50}},"25":{"start":{"line":54,"column":28},"end":{"line":54,"column":76}},"26":{"start":{"line":55,"column":12},"end":{"line":55,"column":30}},"27":{"start":{"line":57,"column":12},"end":{"line":57,"column":57}},"28":{"start":{"line":62,"column":8},"end":{"line":67,"column":9}},"29":{"start":{"line":63,"column":28},"end":{"line":63,"column":86}},"30":{"start":{"line":64,"column":12},"end":{"line":64,"column":30}},"31":{"start":{"line":66,"column":12},"end":{"line":66,"column":57}},"32":{"start":{"line":71,"column":8},"end":{"line":77,"column":9}},"33":{"start":{"line":72,"column":26},"end":{"line":72,"column":76}},"34":{"start":{"line":73,"column":28},"end":{"line":73,"column":65}},"35":{"start":{"line":74,"column":12},"end":{"line":74,"column":30}},"36":{"start":{"line":76,"column":12},"end":{"line":76,"column":57}},"37":{"start":{"line":81,"column":8},"end":{"line":87,"column":9}},"38":{"start":{"line":82,"column":26},"end":{"line":82,"column":76}},"39":{"start":{"line":83,"column":28},"end":{"line":83,"column":92}},"40":{"start":{"line":84,"column":12},"end":{"line":84,"column":30}},"41":{"start":{"line":86,"column":12},"end":{"line":86,"column":57}},"42":{"start":{"line":91,"column":0},"end":{"line":91,"column":40}}},"fnMap":{"0":{"name":"(anonymous_0)","decl":{"start":{"line":4,"column":4},"end":{"line":4,"column":5}},"loc":{"start":{"line":4,"column":35},"end":{"line":11,"column":5}},"line":4},"1":{"name":"(anonymous_1)","decl":{"start":{"line":13,"column":4},"end":{"line":13,"column":5}},"loc":{"start":{"line":13,"column":35},"end":{"line":20,"column":5}},"line":13},"2":{"name":"(anonymous_2)","decl":{"start":{"line":22,"column":4},"end":{"line":22,"column":5}},"loc":{"start":{"line":22,"column":37},"end":{"line":29,"column":5}},"line":22},"3":{"name":"(anonymous_3)","decl":{"start":{"line":31,"column":4},"end":{"line":31,"column":5}},"loc":{"start":{"line":31,"column":30},"end":{"line":39,"column":5}},"line":31},"4":{"name":"(anonymous_4)","decl":{"start":{"line":41,"column":4},"end":{"line":41,"column":5}},"loc":{"start":{"line":41,"column":35},"end":{"line":49,"column":5}},"line":41},"5":{"name":"(anonymous_5)","decl":{"start":{"line":51,"column":4},"end":{"line":51,"column":5}},"loc":{"start":{"line":51,"column":30},"end":{"line":59,"column":5}},"line":51},"6":{"name":"(anonymous_6)","decl":{"start":{"line":61,"column":4},"end":{"line":61,"column":5}},"loc":{"start":{"line":61,"column":34},"end":{"line":68,"column":5}},"line":61},"7":{"name":"(anonymous_7)","decl":{"start":{"line":70,"column":4},"end":{"line":70,"column":5}},"loc":{"start":{"line":70,"column":31},"end":{"line":78,"column":5}},"line":70},"8":{"name":"(anonymous_8)","decl":{"start":{"line":80,"column":4},"end":{"line":80,"column":5}},"loc":{"start":{"line":80,"column":38},"end":{"line":88,"column":5}},"line":80}},"branchMap":{"0":{"loc":{"start":{"line":72,"column":26},"end":{"line":72,"column":76}},"type":"cond-expr","locations":[{"start":{"line":72,"column":44},"end":{"line":72,"column":69}},{"start":{"line":72,"column":72},"end":{"line":72,"column":76}}],"line":72},"1":{"loc":{"start":{"line":82,"column":26},"end":{"line":82,"column":76}},"type":"cond-expr","locations":[{"start":{"line":82,"column":44},"end":{"line":82,"column":69}},{"start":{"line":82,"column":72},"end":{"line":82,"column":76}}],"line":82}},"s":{"0":1,"1":0,"2":0,"3":0,"4":0,"5":0,"6":0,"7":0,"8":0,"9":0,"10":0,"11":0,"12":0,"13":0,"14":0,"15":0,"16":0,"17":0,"18":0,"19":0,"20":0,"21":0,"22":0,"23":0,"24":0,"25":0,"26":0,"27":0,"28":0,"29":0,"30":0,"31":0,"32":0,"33":0,"34":0,"35":0,"36":0,"37":0,"38":0,"39":0,"40":0,"41":0,"42":1},"f":{"0":0,"1":0,"2":0,"3":0,"4":0,"5":0,"6":0,"7":0,"8":0},"b":{"0":[0,0],"1":[0,0]},"_coverageSchema":"1a1c01bbd47fc00a2c39e90264f33305004495a9","hash":"f49e036100af0e6e434f69a2401c570d28e1e13f"}
,"C:\\Users\\Michał\\Desktop\\PracaInzynierska\\points-service\\src\\modules\\points\\points.model.js": {"path":"C:\\Users\\Michał\\Desktop\\PracaInzynierska\\points-service\\src\\modules\\points\\points.model.js","statementMap":{"0":{"start":{"line":1,"column":29},"end":{"line":1,"column":49}},"1":{"start":{"line":2,"column":22},"end":{"line":2,"column":48}},"2":{"start":{"line":6,"column":0},"end":{"line":35,"column":3}},"3":{"start":{"line":37,"column":0},"end":{"line":37,"column":23}}},"fnMap":{},"branchMap":{},"s":{"0":2,"1":2,"2":2,"3":2},"f":{},"b":{},"_coverageSchema":"1a1c01bbd47fc00a2c39e90264f33305004495a9","hash":"9af57c72c291e17c60154c575a2f21cdd47ed0a9"}
,"C:\\Users\\Michał\\Desktop\\PracaInzynierska\\points-service\\src\\modules\\points\\points.repository.js": {"path":"C:\\Users\\Michał\\Desktop\\PracaInzynierska\\points-service\\src\\modules\\points\\points.repository.js","statementMap":{"0":{"start":{"line":1,"column":14},"end":{"line":1,"column":39}},"1":{"start":{"line":5,"column":8},"end":{"line":5,"column":37}},"2":{"start":{"line":9,"column":8},"end":{"line":9,"column":40}},"3":{"start":{"line":13,"column":22},"end":{"line":13,"column":53}},"4":{"start":{"line":14,"column":8},"end":{"line":14,"column":60}},"5":{"start":{"line":14,"column":20},"end":{"line":14,"column":60}},"6":{"start":{"line":15,"column":8},"end":{"line":15,"column":35}},"7":{"start":{"line":19,"column":22},"end":{"line":19,"column":52}},"8":{"start":{"line":20,"column":8},"end":{"line":20,"column":60}},"9":{"start":{"line":20,"column":20},"end":{"line":20,"column":60}},"10":{"start":{"line":21,"column":8},"end":{"line":21,"column":38}},"11":{"start":{"line":22,"column":8},"end":{"line":22,"column":27}},"12":{"start":{"line":23,"column":8},"end":{"line":23,"column":21}},"13":{"start":{"line":27,"column":22},"end":{"line":27,"column":52}},"14":{"start":{"line":28,"column":8},"end":{"line":28,"column":60}},"15":{"start":{"line":28,"column":20},"end":{"line":28,"column":60}},"16":{"start":{"line":29,"column":8},"end":{"line":31,"column":9}},"17":{"start":{"line":30,"column":12},"end":{"line":30,"column":63}},"18":{"start":{"line":32,"column":8},"end":{"line":32,"column":38}},"19":{"start":{"line":33,"column":8},"end":{"line":33,"column":27}},"20":{"start":{"line":34,"column":8},"end":{"line":34,"column":21}},"21":{"start":{"line":38,"column":22},"end":{"line":38,"column":52}},"22":{"start":{"line":39,"column":8},"end":{"line":39,"column":60}},"23":{"start":{"line":39,"column":20},"end":{"line":39,"column":60}},"24":{"start":{"line":40,"column":8},"end":{"line":40,"column":37}},"25":{"start":{"line":41,"column":8},"end":{"line":41,"column":27}},"26":{"start":{"line":42,"column":8},"end":{"line":42,"column":21}},"27":{"start":{"line":46,"column":22},"end":{"line":46,"column":45}},"28":{"start":{"line":47,"column":8},"end":{"line":47,"column":60}},"29":{"start":{"line":47,"column":20},"end":{"line":47,"column":60}},"30":{"start":{"line":48,"column":8},"end":{"line":48,"column":40}},"31":{"start":{"line":52,"column":24},"end":{"line":55,"column":9}},"32":{"start":{"line":56,"column":8},"end":{"line":58,"column":9}},"33":{"start":{"line":57,"column":12},"end":{"line":57,"column":34}},"34":{"start":{"line":59,"column":8},"end":{"line":59,"column":44}},"35":{"start":{"line":63,"column":24},"end":{"line":67,"column":9}},"36":{"start":{"line":68,"column":8},"end":{"line":70,"column":9}},"37":{"start":{"line":69,"column":12},"end":{"line":69,"column":34}},"38":{"start":{"line":71,"column":8},"end":{"line":71,"column":44}},"39":{"start":{"line":75,"column":0},"end":{"line":75,"column":40}}},"fnMap":{"0":{"name":"(anonymous_0)","decl":{"start":{"line":4,"column":4},"end":{"line":4,"column":5}},"loc":{"start":{"line":4,"column":20},"end":{"line":6,"column":5}},"line":4},"1":{"name":"(anonymous_1)","decl":{"start":{"line":8,"column":4},"end":{"line":8,"column":5}},"loc":{"start":{"line":8,"column":23},"end":{"line":10,"column":5}},"line":8},"2":{"name":"(anonymous_2)","decl":{"start":{"line":12,"column":4},"end":{"line":12,"column":5}},"loc":{"start":{"line":12,"column":38},"end":{"line":16,"column":5}},"line":12},"3":{"name":"(anonymous_3)","decl":{"start":{"line":18,"column":4},"end":{"line":18,"column":5}},"loc":{"start":{"line":18,"column":39},"end":{"line":24,"column":5}},"line":18},"4":{"name":"(anonymous_4)","decl":{"start":{"line":26,"column":4},"end":{"line":26,"column":5}},"loc":{"start":{"line":26,"column":44},"end":{"line":35,"column":5}},"line":26},"5":{"name":"(anonymous_5)","decl":{"start":{"line":37,"column":4},"end":{"line":37,"column":5}},"loc":{"start":{"line":37,"column":39},"end":{"line":43,"column":5}},"line":37},"6":{"name":"(anonymous_6)","decl":{"start":{"line":45,"column":4},"end":{"line":45,"column":5}},"loc":{"start":{"line":45,"column":27},"end":{"line":49,"column":5}},"line":45},"7":{"name":"(anonymous_7)","decl":{"start":{"line":51,"column":4},"end":{"line":51,"column":5}},"loc":{"start":{"line":51,"column":35},"end":{"line":60,"column":5}},"line":51},"8":{"name":"(anonymous_8)","decl":{"start":{"line":62,"column":4},"end":{"line":62,"column":5}},"loc":{"start":{"line":62,"column":52},"end":{"line":72,"column":5}},"line":62}},"branchMap":{"0":{"loc":{"start":{"line":14,"column":8},"end":{"line":14,"column":60}},"type":"if","locations":[{"start":{"line":14,"column":8},"end":{"line":14,"column":60}},{"start":{},"end":{}}],"line":14},"1":{"loc":{"start":{"line":20,"column":8},"end":{"line":20,"column":60}},"type":"if","locations":[{"start":{"line":20,"column":8},"end":{"line":20,"column":60}},{"start":{},"end":{}}],"line":20},"2":{"loc":{"start":{"line":28,"column":8},"end":{"line":28,"column":60}},"type":"if","locations":[{"start":{"line":28,"column":8},"end":{"line":28,"column":60}},{"start":{},"end":{}}],"line":28},"3":{"loc":{"start":{"line":29,"column":8},"end":{"line":31,"column":9}},"type":"if","locations":[{"start":{"line":29,"column":8},"end":{"line":31,"column":9}},{"start":{},"end":{}}],"line":29},"4":{"loc":{"start":{"line":39,"column":8},"end":{"line":39,"column":60}},"type":"if","locations":[{"start":{"line":39,"column":8},"end":{"line":39,"column":60}},{"start":{},"end":{}}],"line":39},"5":{"loc":{"start":{"line":47,"column":8},"end":{"line":47,"column":60}},"type":"if","locations":[{"start":{"line":47,"column":8},"end":{"line":47,"column":60}},{"start":{},"end":{}}],"line":47},"6":{"loc":{"start":{"line":51,"column":21},"end":{"line":51,"column":33}},"type":"default-arg","locations":[{"start":{"line":51,"column":29},"end":{"line":51,"column":33}}],"line":51},"7":{"loc":{"start":{"line":56,"column":8},"end":{"line":58,"column":9}},"type":"if","locations":[{"start":{"line":56,"column":8},"end":{"line":58,"column":9}},{"start":{},"end":{}}],"line":56},"8":{"loc":{"start":{"line":62,"column":38},"end":{"line":62,"column":50}},"type":"default-arg","locations":[{"start":{"line":62,"column":46},"end":{"line":62,"column":50}}],"line":62},"9":{"loc":{"start":{"line":68,"column":8},"end":{"line":70,"column":9}},"type":"if","locations":[{"start":{"line":68,"column":8},"end":{"line":70,"column":9}},{"start":{},"end":{}}],"line":68}},"s":{"0":2,"1":0,"2":0,"3":0,"4":0,"5":0,"6":0,"7":0,"8":0,"9":0,"10":0,"11":0,"12":0,"13":0,"14":0,"15":0,"16":0,"17":0,"18":0,"19":0,"20":0,"21":0,"22":0,"23":0,"24":0,"25":0,"26":0,"27":0,"28":0,"29":0,"30":0,"31":0,"32":0,"33":0,"34":0,"35":0,"36":0,"37":0,"38":0,"39":2},"f":{"0":0,"1":0,"2":0,"3":0,"4":0,"5":0,"6":0,"7":0,"8":0},"b":{"0":[0,0],"1":[0,0],"2":[0,0],"3":[0,0],"4":[0,0],"5":[0,0],"6":[0],"7":[0,0],"8":[0],"9":[0,0]},"_coverageSchema":"1a1c01bbd47fc00a2c39e90264f33305004495a9","hash":"fb0dc9dcf1bf500e78580e594c1a0b98be87dc71"}
,"C:\\Users\\Michał\\Desktop\\PracaInzynierska\\points-service\\src\\modules\\points\\points.service.js": {"path":"C:\\Users\\Michał\\Desktop\\PracaInzynierska\\points-service\\src\\modules\\points\\points.service.js","statementMap":{"0":{"start":{"line":1,"column":25},"end":{"line":1,"column":55}},"1":{"start":{"line":5,"column":8},"end":{"line":5,"column":48}},"2":{"start":{"line":9,"column":22},"end":{"line":9,"column":64}},"3":{"start":{"line":10,"column":8},"end":{"line":10,"column":60}},"4":{"start":{"line":10,"column":20},"end":{"line":10,"column":60}},"5":{"start":{"line":11,"column":8},"end":{"line":11,"column":21}},"6":{"start":{"line":15,"column":23},"end":{"line":15,"column":73}},"7":{"start":{"line":16,"column":8},"end":{"line":16,"column":52}},"8":{"start":{"line":20,"column":8},"end":{"line":20,"column":84}},"9":{"start":{"line":20,"column":25},"end":{"line":20,"column":84}},"10":{"start":{"line":21,"column":8},"end":{"line":21,"column":67}},"11":{"start":{"line":25,"column":8},"end":{"line":25,"column":84}},"12":{"start":{"line":25,"column":25},"end":{"line":25,"column":84}},"13":{"start":{"line":26,"column":8},"end":{"line":26,"column":72}},"14":{"start":{"line":30,"column":8},"end":{"line":30,"column":78}},"15":{"start":{"line":30,"column":24},"end":{"line":30,"column":78}},"16":{"start":{"line":31,"column":8},"end":{"line":31,"column":67}},"17":{"start":{"line":35,"column":8},"end":{"line":35,"column":62}},"18":{"start":{"line":39,"column":24},"end":{"line":39,"column":64}},"19":{"start":{"line":40,"column":8},"end":{"line":46,"column":12}},"20":{"start":{"line":40,"column":46},"end":{"line":46,"column":9}},"21":{"start":{"line":50,"column":24},"end":{"line":50,"column":81}},"22":{"start":{"line":51,"column":8},"end":{"line":56,"column":12}},"23":{"start":{"line":51,"column":46},"end":{"line":56,"column":9}},"24":{"start":{"line":60,"column":0},"end":{"line":60,"column":37}}},"fnMap":{"0":{"name":"(anonymous_0)","decl":{"start":{"line":4,"column":4},"end":{"line":4,"column":5}},"loc":{"start":{"line":4,"column":27},"end":{"line":6,"column":5}},"line":4},"1":{"name":"(anonymous_1)","decl":{"start":{"line":8,"column":4},"end":{"line":8,"column":5}},"loc":{"start":{"line":8,"column":36},"end":{"line":12,"column":5}},"line":8},"2":{"name":"(anonymous_2)","decl":{"start":{"line":14,"column":4},"end":{"line":14,"column":5}},"loc":{"start":{"line":14,"column":38},"end":{"line":17,"column":5}},"line":14},"3":{"name":"(anonymous_3)","decl":{"start":{"line":19,"column":4},"end":{"line":19,"column":5}},"loc":{"start":{"line":19,"column":39},"end":{"line":22,"column":5}},"line":19},"4":{"name":"(anonymous_4)","decl":{"start":{"line":24,"column":4},"end":{"line":24,"column":5}},"loc":{"start":{"line":24,"column":44},"end":{"line":27,"column":5}},"line":24},"5":{"name":"(anonymous_5)","decl":{"start":{"line":29,"column":4},"end":{"line":29,"column":5}},"loc":{"start":{"line":29,"column":39},"end":{"line":32,"column":5}},"line":29},"6":{"name":"(anonymous_6)","decl":{"start":{"line":34,"column":4},"end":{"line":34,"column":5}},"loc":{"start":{"line":34,"column":41},"end":{"line":36,"column":5}},"line":34},"7":{"name":"(anonymous_7)","decl":{"start":{"line":38,"column":4},"end":{"line":38,"column":5}},"loc":{"start":{"line":38,"column":35},"end":{"line":47,"column":5}},"line":38},"8":{"name":"(anonymous_8)","decl":{"start":{"line":40,"column":27},"end":{"line":40,"column":28}},"loc":{"start":{"line":40,"column":46},"end":{"line":46,"column":9}},"line":40},"9":{"name":"(anonymous_9)","decl":{"start":{"line":49,"column":4},"end":{"line":49,"column":5}},"loc":{"start":{"line":49,"column":52},"end":{"line":57,"column":5}},"line":49},"10":{"name":"(anonymous_10)","decl":{"start":{"line":51,"column":27},"end":{"line":51,"column":28}},"loc":{"start":{"line":51,"column":46},"end":{"line":56,"column":9}},"line":51}},"branchMap":{"0":{"loc":{"start":{"line":10,"column":8},"end":{"line":10,"column":60}},"type":"if","locations":[{"start":{"line":10,"column":8},"end":{"line":10,"column":60}},{"start":{},"end":{}}],"line":10},"1":{"loc":{"start":{"line":20,"column":8},"end":{"line":20,"column":84}},"type":"if","locations":[{"start":{"line":20,"column":8},"end":{"line":20,"column":84}},{"start":{},"end":{}}],"line":20},"2":{"loc":{"start":{"line":25,"column":8},"end":{"line":25,"column":84}},"type":"if","locations":[{"start":{"line":25,"column":8},"end":{"line":25,"column":84}},{"start":{},"end":{}}],"line":25},"3":{"loc":{"start":{"line":30,"column":8},"end":{"line":30,"column":78}},"type":"if","locations":[{"start":{"line":30,"column":8},"end":{"line":30,"column":78}},{"start":{},"end":{}}],"line":30},"4":{"loc":{"start":{"line":38,"column":21},"end":{"line":38,"column":33}},"type":"default-arg","locations":[{"start":{"line":38,"column":29},"end":{"line":38,"column":33}}],"line":38},"5":{"loc":{"start":{"line":49,"column":38},"end":{"line":49,"column":50}},"type":"default-arg","locations":[{"start":{"line":49,"column":46},"end":{"line":49,"column":50}}],"line":49}},"s":{"0":1,"1":0,"2":0,"3":0,"4":0,"5":0,"6":0,"7":0,"8":0,"9":0,"10":0,"11":0,"12":0,"13":0,"14":0,"15":0,"16":0,"17":0,"18":0,"19":0,"20":0,"21":0,"22":0,"23":0,"24":1},"f":{"0":0,"1":0,"2":0,"3":0,"4":0,"5":0,"6":0,"7":0,"8":0,"9":0,"10":0},"b":{"0":[0,0],"1":[0,0],"2":[0,0],"3":[0,0],"4":[0],"5":[0]},"_coverageSchema":"1a1c01bbd47fc00a2c39e90264f33305004495a9","hash":"8d76288ebd5108c2ef1d4395613b1bbd60a806ef"}
,"C:\\Users\\Michał\\Desktop\\PracaInzynierska\\points-service\\src\\modules\\prize\\prize.controller.js": {"path":"C:\\Users\\Michał\\Desktop\\PracaInzynierska\\points-service\\src\\modules\\prize\\prize.controller.js","statementMap":{"0":{"start":{"line":1,"column":21},"end":{"line":1,"column":47}},"1":{"start":{"line":5,"column":8},"end":{"line":10,"column":9}},"2":{"start":{"line":6,"column":27},"end":{"line":6,"column":54}},"3":{"start":{"line":7,"column":12},"end":{"line":7,"column":29}},"4":{"start":{"line":9,"column":12},"end":{"line":9,"column":57}},"5":{"start":{"line":14,"column":8},"end":{"line":19,"column":9}},"6":{"start":{"line":15,"column":26},"end":{"line":15,"column":66}},"7":{"start":{"line":16,"column":12},"end":{"line":16,"column":28}},"8":{"start":{"line":18,"column":12},"end":{"line":18,"column":57}},"9":{"start":{"line":23,"column":8},"end":{"line":28,"column":9}},"10":{"start":{"line":24,"column":26},"end":{"line":24,"column":61}},"11":{"start":{"line":25,"column":12},"end":{"line":25,"column":40}},"12":{"start":{"line":27,"column":12},"end":{"line":27,"column":57}},"13":{"start":{"line":32,"column":8},"end":{"line":37,"column":9}},"14":{"start":{"line":33,"column":26},"end":{"line":33,"column":76}},"15":{"start":{"line":34,"column":12},"end":{"line":34,"column":28}},"16":{"start":{"line":36,"column":12},"end":{"line":36,"column":57}},"17":{"start":{"line":41,"column":8},"end":{"line":46,"column":9}},"18":{"start":{"line":42,"column":12},"end":{"line":42,"column":53}},"19":{"start":{"line":43,"column":12},"end":{"line":43,"column":35}},"20":{"start":{"line":45,"column":12},"end":{"line":45,"column":57}},"21":{"start":{"line":50,"column":8},"end":{"line":55,"column":9}},"22":{"start":{"line":51,"column":27},"end":{"line":51,"column":84}},"23":{"start":{"line":52,"column":12},"end":{"line":52,"column":29}},"24":{"start":{"line":54,"column":12},"end":{"line":54,"column":57}},"25":{"start":{"line":59,"column":8},"end":{"line":65,"column":9}},"26":{"start":{"line":60,"column":46},"end":{"line":60,"column":54}},"27":{"start":{"line":61,"column":27},"end":{"line":61,"column":80}},"28":{"start":{"line":62,"column":12},"end":{"line":62,"column":41}},"29":{"start":{"line":64,"column":12},"end":{"line":64,"column":57}},"30":{"start":{"line":69,"column":8},"end":{"line":74,"column":9}},"31":{"start":{"line":70,"column":28},"end":{"line":70,"column":64}},"32":{"start":{"line":71,"column":12},"end":{"line":71,"column":30}},"33":{"start":{"line":73,"column":12},"end":{"line":73,"column":57}},"34":{"start":{"line":78,"column":8},"end":{"line":89,"column":9}},"35":{"start":{"line":79,"column":27},"end":{"line":79,"column":37}},"36":{"start":{"line":81,"column":12},"end":{"line":83,"column":13}},"37":{"start":{"line":82,"column":16},"end":{"line":82,"column":69}},"38":{"start":{"line":85,"column":27},"end":{"line":85,"column":78}},"39":{"start":{"line":86,"column":12},"end":{"line":86,"column":41}},"40":{"start":{"line":88,"column":12},"end":{"line":88,"column":57}},"41":{"start":{"line":93,"column":8},"end":{"line":101,"column":9}},"42":{"start":{"line":94,"column":27},"end":{"line":94,"column":37}},"43":{"start":{"line":95,"column":32},"end":{"line":95,"column":63}},"44":{"start":{"line":97,"column":12},"end":{"line":97,"column":50}},"45":{"start":{"line":98,"column":12},"end":{"line":98,"column":34}},"46":{"start":{"line":100,"column":12},"end":{"line":100,"column":57}},"47":{"start":{"line":105,"column":8},"end":{"line":111,"column":9}},"48":{"start":{"line":106,"column":27},"end":{"line":106,"column":37}},"49":{"start":{"line":107,"column":27},"end":{"line":107,"column":61}},"50":{"start":{"line":108,"column":12},"end":{"line":108,"column":29}},"51":{"start":{"line":110,"column":12},"end":{"line":110,"column":57}},"52":{"start":{"line":116,"column":12},"end":{"line":116,"column":80}},"53":{"start":{"line":120,"column":0},"end":{"line":120,"column":39}}},"fnMap":{"0":{"name":"(anonymous_0)","decl":{"start":{"line":4,"column":4},"end":{"line":4,"column":5}},"loc":{"start":{"line":4,"column":27},"end":{"line":11,"column":5}},"line":4},"1":{"name":"(anonymous_1)","decl":{"start":{"line":13,"column":4},"end":{"line":13,"column":5}},"loc":{"start":{"line":13,"column":27},"end":{"line":20,"column":5}},"line":13},"2":{"name":"(anonymous_2)","decl":{"start":{"line":22,"column":4},"end":{"line":22,"column":5}},"loc":{"start":{"line":22,"column":27},"end":{"line":29,"column":5}},"line":22},"3":{"name":"(anonymous_3)","decl":{"start":{"line":31,"column":4},"end":{"line":31,"column":5}},"loc":{"start":{"line":31,"column":27},"end":{"line":38,"column":5}},"line":31},"4":{"name":"(anonymous_4)","decl":{"start":{"line":40,"column":4},"end":{"line":40,"column":5}},"loc":{"start":{"line":40,"column":27},"end":{"line":47,"column":5}},"line":40},"5":{"name":"(anonymous_5)","decl":{"start":{"line":49,"column":4},"end":{"line":49,"column":5}},"loc":{"start":{"line":49,"column":37},"end":{"line":56,"column":5}},"line":49},"6":{"name":"(anonymous_6)","decl":{"start":{"line":58,"column":4},"end":{"line":58,"column":5}},"loc":{"start":{"line":58,"column":32},"end":{"line":66,"column":5}},"line":58},"7":{"name":"(anonymous_7)","decl":{"start":{"line":68,"column":4},"end":{"line":68,"column":5}},"loc":{"start":{"line":68,"column":36},"end":{"line":75,"column":5}},"line":68},"8":{"name":"(anonymous_8)","decl":{"start":{"line":77,"column":4},"end":{"line":77,"column":5}},"loc":{"start":{"line":77,"column":32},"end":{"line":90,"column":5}},"line":77},"9":{"name":"(anonymous_9)","decl":{"start":{"line":92,"column":4},"end":{"line":92,"column":5}},"loc":{"start":{"line":92,"column":29},"end":{"line":102,"column":5}},"line":92},"10":{"name":"(anonymous_10)","decl":{"start":{"line":104,"column":4},"end":{"line":104,"column":5}},"loc":{"start":{"line":104,"column":32},"end":{"line":112,"column":5}},"line":104},"11":{"name":"(anonymous_11)","decl":{"start":{"line":115,"column":4},"end":{"line":115,"column":5}},"loc":{"start":{"line":115,"column":25},"end":{"line":117,"column":5}},"line":115}},"branchMap":{"0":{"loc":{"start":{"line":81,"column":12},"end":{"line":83,"column":13}},"type":"if","locations":[{"start":{"line":81,"column":12},"end":{"line":83,"column":13}},{"start":{},"end":{}}],"line":81}},"s":{"0":1,"1":0,"2":0,"3":0,"4":0,"5":0,"6":0,"7":0,"8":0,"9":0,"10":0,"11":0,"12":0,"13":0,"14":0,"15":0,"16":0,"17":0,"18":0,"19":0,"20":0,"21":0,"22":0,"23":0,"24":0,"25":0,"26":0,"27":0,"28":0,"29":0,"30":0,"31":0,"32":0,"33":0,"34":0,"35":0,"36":0,"37":0,"38":0,"39":0,"40":0,"41":0,"42":0,"43":0,"44":0,"45":0,"46":0,"47":0,"48":0,"49":0,"50":0,"51":0,"52":0,"53":1},"f":{"0":0,"1":0,"2":0,"3":0,"4":0,"5":0,"6":0,"7":0,"8":0,"9":0,"10":0,"11":0},"b":{"0":[0,0]},"_coverageSchema":"1a1c01bbd47fc00a2c39e90264f33305004495a9","hash":"8228c14c578d91c28a66c047d49eb2aede5c7ef2"}
,"C:\\Users\\Michał\\Desktop\\PracaInzynierska\\points-service\\src\\modules\\prize\\prize.model.js": {"path":"C:\\Users\\Michał\\Desktop\\PracaInzynierska\\points-service\\src\\modules\\prize\\prize.model.js","statementMap":{"0":{"start":{"line":1,"column":29},"end":{"line":1,"column":49}},"1":{"start":{"line":2,"column":22},"end":{"line":2,"column":48}},"2":{"start":{"line":6,"column":0},"end":{"line":29,"column":3}},"3":{"start":{"line":31,"column":0},"end":{"line":31,"column":25}}},"fnMap":{},"branchMap":{},"s":{"0":1,"1":1,"2":1,"3":1},"f":{},"b":{},"_coverageSchema":"1a1c01bbd47fc00a2c39e90264f33305004495a9","hash":"bb437d4c0f61caf2d6e9c5ff565683b6e460b840"}
,"C:\\Users\\Michał\\Desktop\\PracaInzynierska\\points-service\\src\\modules\\prize\\prize.repository.js": {"path":"C:\\Users\\Michał\\Desktop\\PracaInzynierska\\points-service\\src\\modules\\prize\\prize.repository.js","statementMap":{"0":{"start":{"line":1,"column":16},"end":{"line":1,"column":40}},"1":{"start":{"line":2,"column":28},"end":{"line":2,"column":59}},"2":{"start":{"line":3,"column":14},"end":{"line":3,"column":47}},"3":{"start":{"line":7,"column":8},"end":{"line":9,"column":11}},"4":{"start":{"line":13,"column":8},"end":{"line":13,"column":42}},"5":{"start":{"line":17,"column":8},"end":{"line":17,"column":42}},"6":{"start":{"line":21,"column":24},"end":{"line":21,"column":47}},"7":{"start":{"line":22,"column":8},"end":{"line":22,"column":64}},"8":{"start":{"line":22,"column":22},"end":{"line":22,"column":64}},"9":{"start":{"line":23,"column":8},"end":{"line":23,"column":42}},"10":{"start":{"line":27,"column":24},"end":{"line":27,"column":47}},"11":{"start":{"line":28,"column":8},"end":{"line":28,"column":64}},"12":{"start":{"line":28,"column":22},"end":{"line":28,"column":64}},"13":{"start":{"line":29,"column":8},"end":{"line":29,"column":39}},"14":{"start":{"line":33,"column":8},"end":{"line":40,"column":11}},"15":{"start":{"line":44,"column":8},"end":{"line":48,"column":11}},"16":{"start":{"line":52,"column":8},"end":{"line":64,"column":11}},"17":{"start":{"line":68,"column":0},"end":{"line":68,"column":39}}},"fnMap":{"0":{"name":"(anonymous_0)","decl":{"start":{"line":6,"column":4},"end":{"line":6,"column":5}},"loc":{"start":{"line":6,"column":20},"end":{"line":10,"column":5}},"line":6},"1":{"name":"(anonymous_1)","decl":{"start":{"line":12,"column":4},"end":{"line":12,"column":5}},"loc":{"start":{"line":12,"column":23},"end":{"line":14,"column":5}},"line":12},"2":{"name":"(anonymous_2)","decl":{"start":{"line":16,"column":4},"end":{"line":16,"column":5}},"loc":{"start":{"line":16,"column":23},"end":{"line":18,"column":5}},"line":16},"3":{"name":"(anonymous_3)","decl":{"start":{"line":20,"column":4},"end":{"line":20,"column":5}},"loc":{"start":{"line":20,"column":27},"end":{"line":24,"column":5}},"line":20},"4":{"name":"(anonymous_4)","decl":{"start":{"line":26,"column":4},"end":{"line":26,"column":5}},"loc":{"start":{"line":26,"column":21},"end":{"line":30,"column":5}},"line":26},"5":{"name":"(anonymous_5)","decl":{"start":{"line":32,"column":4},"end":{"line":32,"column":5}},"loc":{"start":{"line":32,"column":38},"end":{"line":41,"column":5}},"line":32},"6":{"name":"(anonymous_6)","decl":{"start":{"line":43,"column":4},"end":{"line":43,"column":5}},"loc":{"start":{"line":43,"column":45},"end":{"line":49,"column":5}},"line":43},"7":{"name":"(anonymous_7)","decl":{"start":{"line":51,"column":4},"end":{"line":51,"column":5}},"loc":{"start":{"line":51,"column":28},"end":{"line":65,"column":5}},"line":51}},"branchMap":{"0":{"loc":{"start":{"line":22,"column":8},"end":{"line":22,"column":64}},"type":"if","locations":[{"start":{"line":22,"column":8},"end":{"line":22,"column":64}},{"start":{},"end":{}}],"line":22},"1":{"loc":{"start":{"line":28,"column":8},"end":{"line":28,"column":64}},"type":"if","locations":[{"start":{"line":28,"column":8},"end":{"line":28,"column":64}},{"start":{},"end":{}}],"line":28}},"s":{"0":1,"1":1,"2":1,"3":0,"4":0,"5":0,"6":0,"7":0,"8":0,"9":0,"10":0,"11":0,"12":0,"13":0,"14":0,"15":0,"16":0,"17":1},"f":{"0":0,"1":0,"2":0,"3":0,"4":0,"5":0,"6":0,"7":0},"b":{"0":[0,0],"1":[0,0]},"_coverageSchema":"1a1c01bbd47fc00a2c39e90264f33305004495a9","hash":"a45ada26606636351fec79b2e225eae9a72e70a1"}
,"C:\\Users\\Michał\\Desktop\\PracaInzynierska\\points-service\\src\\modules\\prize\\prize.service.js": {"path":"C:\\Users\\Michał\\Desktop\\PracaInzynierska\\points-service\\src\\modules\\prize\\prize.service.js","statementMap":{"0":{"start":{"line":1,"column":24},"end":{"line":1,"column":53}},"1":{"start":{"line":2,"column":25},"end":{"line":2,"column":63}},"2":{"start":{"line":6,"column":8},"end":{"line":6,"column":47}},"3":{"start":{"line":10,"column":24},"end":{"line":10,"column":58}},"4":{"start":{"line":11,"column":8},"end":{"line":11,"column":64}},"5":{"start":{"line":11,"column":22},"end":{"line":11,"column":64}},"6":{"start":{"line":12,"column":8},"end":{"line":12,"column":23}},"7":{"start":{"line":16,"column":8},"end":{"line":16,"column":50}},"8":{"start":{"line":20,"column":8},"end":{"line":20,"column":54}},"9":{"start":{"line":24,"column":8},"end":{"line":24,"column":48}},"10":{"start":{"line":28,"column":8},"end":{"line":28,"column":65}},"11":{"start":{"line":33,"column":24},"end":{"line":33,"column":66}},"12":{"start":{"line":34,"column":8},"end":{"line":34,"column":64}},"13":{"start":{"line":34,"column":22},"end":{"line":34,"column":64}},"14":{"start":{"line":37,"column":22},"end":{"line":37,"column":64}},"15":{"start":{"line":38,"column":8},"end":{"line":38,"column":60}},"16":{"start":{"line":38,"column":20},"end":{"line":38,"column":60}},"17":{"start":{"line":40,"column":8},"end":{"line":42,"column":9}},"18":{"start":{"line":41,"column":12},"end":{"line":41,"column":63}},"19":{"start":{"line":45,"column":8},"end":{"line":45,"column":72}},"20":{"start":{"line":48,"column":24},"end":{"line":48,"column":80}},"21":{"start":{"line":50,"column":8},"end":{"line":54,"column":10}},"22":{"start":{"line":58,"column":8},"end":{"line":58,"column":55}},"23":{"start":{"line":62,"column":24},"end":{"line":62,"column":66}},"24":{"start":{"line":63,"column":8},"end":{"line":63,"column":64}},"25":{"start":{"line":63,"column":22},"end":{"line":63,"column":64}},"26":{"start":{"line":65,"column":8},"end":{"line":65,"column":38}},"27":{"start":{"line":66,"column":8},"end":{"line":66,"column":29}},"28":{"start":{"line":67,"column":8},"end":{"line":67,"column":56}},"29":{"start":{"line":71,"column":24},"end":{"line":71,"column":66}},"30":{"start":{"line":72,"column":8},"end":{"line":72,"column":64}},"31":{"start":{"line":72,"column":22},"end":{"line":72,"column":64}},"32":{"start":{"line":73,"column":8},"end":{"line":73,"column":72}},"33":{"start":{"line":73,"column":30},"end":{"line":73,"column":72}},"34":{"start":{"line":74,"column":8},"end":{"line":74,"column":31}},"35":{"start":{"line":78,"column":24},"end":{"line":78,"column":66}},"36":{"start":{"line":79,"column":8},"end":{"line":79,"column":64}},"37":{"start":{"line":79,"column":22},"end":{"line":79,"column":64}},"38":{"start":{"line":81,"column":8},"end":{"line":81,"column":31}},"39":{"start":{"line":82,"column":8},"end":{"line":82,"column":29}},"40":{"start":{"line":83,"column":8},"end":{"line":83,"column":55}},"41":{"start":{"line":87,"column":0},"end":{"line":87,"column":36}}},"fnMap":{"0":{"name":"(anonymous_0)","decl":{"start":{"line":5,"column":4},"end":{"line":5,"column":5}},"loc":{"start":{"line":5,"column":19},"end":{"line":7,"column":5}},"line":5},"1":{"name":"(anonymous_1)","decl":{"start":{"line":9,"column":4},"end":{"line":9,"column":5}},"loc":{"start":{"line":9,"column":21},"end":{"line":13,"column":5}},"line":9},"2":{"name":"(anonymous_2)","decl":{"start":{"line":15,"column":4},"end":{"line":15,"column":5}},"loc":{"start":{"line":15,"column":23},"end":{"line":17,"column":5}},"line":15},"3":{"name":"(anonymous_3)","decl":{"start":{"line":19,"column":4},"end":{"line":19,"column":5}},"loc":{"start":{"line":19,"column":27},"end":{"line":21,"column":5}},"line":19},"4":{"name":"(anonymous_4)","decl":{"start":{"line":23,"column":4},"end":{"line":23,"column":5}},"loc":{"start":{"line":23,"column":21},"end":{"line":25,"column":5}},"line":23},"5":{"name":"(anonymous_5)","decl":{"start":{"line":27,"column":4},"end":{"line":27,"column":5}},"loc":{"start":{"line":27,"column":38},"end":{"line":29,"column":5}},"line":27},"6":{"name":"(anonymous_6)","decl":{"start":{"line":31,"column":4},"end":{"line":31,"column":5}},"loc":{"start":{"line":31,"column":45},"end":{"line":55,"column":5}},"line":31},"7":{"name":"(anonymous_7)","decl":{"start":{"line":57,"column":4},"end":{"line":57,"column":5}},"loc":{"start":{"line":57,"column":28},"end":{"line":59,"column":5}},"line":57},"8":{"name":"(anonymous_8)","decl":{"start":{"line":61,"column":4},"end":{"line":61,"column":5}},"loc":{"start":{"line":61,"column":47},"end":{"line":68,"column":5}},"line":61},"9":{"name":"(anonymous_9)","decl":{"start":{"line":70,"column":4},"end":{"line":70,"column":5}},"loc":{"start":{"line":70,"column":31},"end":{"line":75,"column":5}},"line":70},"10":{"name":"(anonymous_10)","decl":{"start":{"line":77,"column":4},"end":{"line":77,"column":5}},"loc":{"start":{"line":77,"column":34},"end":{"line":84,"column":5}},"line":77}},"branchMap":{"0":{"loc":{"start":{"line":11,"column":8},"end":{"line":11,"column":64}},"type":"if","locations":[{"start":{"line":11,"column":8},"end":{"line":11,"column":64}},{"start":{},"end":{}}],"line":11},"1":{"loc":{"start":{"line":34,"column":8},"end":{"line":34,"column":64}},"type":"if","locations":[{"start":{"line":34,"column":8},"end":{"line":34,"column":64}},{"start":{},"end":{}}],"line":34},"2":{"loc":{"start":{"line":38,"column":8},"end":{"line":38,"column":60}},"type":"if","locations":[{"start":{"line":38,"column":8},"end":{"line":38,"column":60}},{"start":{},"end":{}}],"line":38},"3":{"loc":{"start":{"line":40,"column":8},"end":{"line":42,"column":9}},"type":"if","locations":[{"start":{"line":40,"column":8},"end":{"line":42,"column":9}},{"start":{},"end":{}}],"line":40},"4":{"loc":{"start":{"line":63,"column":8},"end":{"line":63,"column":64}},"type":"if","locations":[{"start":{"line":63,"column":8},"end":{"line":63,"column":64}},{"start":{},"end":{}}],"line":63},"5":{"loc":{"start":{"line":72,"column":8},"end":{"line":72,"column":64}},"type":"if","locations":[{"start":{"line":72,"column":8},"end":{"line":72,"column":64}},{"start":{},"end":{}}],"line":72},"6":{"loc":{"start":{"line":73,"column":8},"end":{"line":73,"column":72}},"type":"if","locations":[{"start":{"line":73,"column":8},"end":{"line":73,"column":72}},{"start":{},"end":{}}],"line":73},"7":{"loc":{"start":{"line":79,"column":8},"end":{"line":79,"column":64}},"type":"if","locations":[{"start":{"line":79,"column":8},"end":{"line":79,"column":64}},{"start":{},"end":{}}],"line":79}},"s":{"0":1,"1":1,"2":0,"3":0,"4":0,"5":0,"6":0,"7":0,"8":0,"9":0,"10":0,"11":0,"12":0,"13":0,"14":0,"15":0,"16":0,"17":0,"18":0,"19":0,"20":0,"21":0,"22":0,"23":0,"24":0,"25":0,"26":0,"27":0,"28":0,"29":0,"30":0,"31":0,"32":0,"33":0,"34":0,"35":0,"36":0,"37":0,"38":0,"39":0,"40":0,"41":1},"f":{"0":0,"1":0,"2":0,"3":0,"4":0,"5":0,"6":0,"7":0,"8":0,"9":0,"10":0},"b":{"0":[0,0],"1":[0,0],"2":[0,0],"3":[0,0],"4":[0,0],"5":[0,0],"6":[0,0],"7":[0,0]},"_coverageSchema":"1a1c01bbd47fc00a2c39e90264f33305004495a9","hash":"039b085c939955bad1acd6185ae29cc82712d9c1"}
,"C:\\Users\\Michał\\Desktop\\PracaInzynierska\\points-service\\src\\modules\\prize\\prizeStudent.model.js": {"path":"C:\\Users\\Michał\\Desktop\\PracaInzynierska\\points-service\\src\\modules\\prize\\prizeStudent.model.js","statementMap":{"0":{"start":{"line":1,"column":29},"end":{"line":1,"column":49}},"1":{"start":{"line":2,"column":22},"end":{"line":2,"column":48}},"2":{"start":{"line":6,"column":0},"end":{"line":39,"column":3}},"3":{"start":{"line":41,"column":0},"end":{"line":41,"column":37}}},"fnMap":{},"branchMap":{},"s":{"0":1,"1":1,"2":1,"3":1},"f":{},"b":{},"_coverageSchema":"1a1c01bbd47fc00a2c39e90264f33305004495a9","hash":"315334c1ca3665585208745771c0a001e5848b6f"}
}
