{"C:\\Users\\Michał\\Desktop\\PracaInzynierska\\user-service\\src\\config\\db.js": {"path":"C:\\Users\\Michał\\Desktop\\PracaInzynierska\\user-service\\src\\config\\db.js","statementMap":{"0":{"start":{"line":1,"column":0},"end":{"line":1,"column":27}},"1":{"start":{"line":2,"column":22},"end":{"line":2,"column":42}},"2":{"start":{"line":4,"column":18},"end":{"line":13,"column":2}},"3":{"start":{"line":15,"column":0},"end":{"line":15,"column":31}}},"fnMap":{},"branchMap":{},"s":{"0":3,"1":3,"2":3,"3":3},"f":{},"b":{},"_coverageSchema":"1a1c01bbd47fc00a2c39e90264f33305004495a9","hash":"e71b908328187444e53bb67f36a01f428e940754"}
,"C:\\Users\\Michał\\Desktop\\PracaInzynierska\\user-service\\src\\modules\\student\\student.controller.js": {"path":"C:\\Users\\Michał\\Desktop\\PracaInzynierska\\user-service\\src\\modules\\student\\student.controller.js","statementMap":{"0":{"start":{"line":1,"column":21},"end":{"line":1,"column":49}},"1":{"start":{"line":3,"column":24},"end":{"line":122,"column":1}},"2":{"start":{"line":5,"column":8},"end":{"line":10,"column":9}},"3":{"start":{"line":6,"column":30},"end":{"line":6,"column":57}},"4":{"start":{"line":7,"column":12},"end":{"line":7,"column":32}},"5":{"start":{"line":9,"column":12},"end":{"line":9,"column":57}},"6":{"start":{"line":14,"column":8},"end":{"line":19,"column":9}},"7":{"start":{"line":15,"column":26},"end":{"line":15,"column":66}},"8":{"start":{"line":16,"column":12},"end":{"line":16,"column":28}},"9":{"start":{"line":18,"column":12},"end":{"line":18,"column":57}},"10":{"start":{"line":23,"column":8},"end":{"line":28,"column":9}},"11":{"start":{"line":24,"column":25},"end":{"line":24,"column":60}},"12":{"start":{"line":25,"column":12},"end":{"line":25,"column":39}},"13":{"start":{"line":27,"column":12},"end":{"line":27,"column":57}},"14":{"start":{"line":32,"column":8},"end":{"line":37,"column":9}},"15":{"start":{"line":33,"column":28},"end":{"line":33,"column":78}},"16":{"start":{"line":34,"column":12},"end":{"line":34,"column":30}},"17":{"start":{"line":36,"column":12},"end":{"line":36,"column":57}},"18":{"start":{"line":41,"column":8},"end":{"line":46,"column":9}},"19":{"start":{"line":42,"column":27},"end":{"line":42,"column":67}},"20":{"start":{"line":43,"column":12},"end":{"line":43,"column":29}},"21":{"start":{"line":45,"column":12},"end":{"line":45,"column":57}},"22":{"start":{"line":51,"column":8},"end":{"line":73,"column":9}},"23":{"start":{"line":52,"column":30},"end":{"line":52,"column":41}},"24":{"start":{"line":53,"column":74},"end":{"line":53,"column":82}},"25":{"start":{"line":55,"column":12},"end":{"line":57,"column":13}},"26":{"start":{"line":56,"column":16},"end":{"line":56,"column":81}},"27":{"start":{"line":59,"column":26},"end":{"line":67,"column":14}},"28":{"start":{"line":69,"column":12},"end":{"line":69,"column":40}},"29":{"start":{"line":71,"column":12},"end":{"line":71,"column":31}},"30":{"start":{"line":72,"column":12},"end":{"line":72,"column":57}},"31":{"start":{"line":77,"column":8},"end":{"line":86,"column":9}},"32":{"start":{"line":78,"column":32},"end":{"line":78,"column":42}},"33":{"start":{"line":79,"column":34},"end":{"line":79,"column":42}},"34":{"start":{"line":81,"column":28},"end":{"line":81,"column":81}},"35":{"start":{"line":82,"column":12},"end":{"line":82,"column":30}},"36":{"start":{"line":84,"column":12},"end":{"line":84,"column":68}},"37":{"start":{"line":85,"column":12},"end":{"line":85,"column":57}},"38":{"start":{"line":90,"column":8},"end":{"line":103,"column":9}},"39":{"start":{"line":91,"column":27},"end":{"line":91,"column":37}},"40":{"start":{"line":92,"column":30},"end":{"line":92,"column":38}},"41":{"start":{"line":94,"column":12},"end":{"line":96,"column":13}},"42":{"start":{"line":95,"column":16},"end":{"line":95,"column":80}},"43":{"start":{"line":98,"column":28},"end":{"line":98,"column":80}},"44":{"start":{"line":99,"column":12},"end":{"line":99,"column":30}},"45":{"start":{"line":101,"column":12},"end":{"line":101,"column":68}},"46":{"start":{"line":102,"column":12},"end":{"line":102,"column":57}},"47":{"start":{"line":107,"column":8},"end":{"line":120,"column":9}},"48":{"start":{"line":108,"column":27},"end":{"line":108,"column":37}},"49":{"start":{"line":109,"column":34},"end":{"line":109,"column":42}},"50":{"start":{"line":111,"column":12},"end":{"line":113,"column":13}},"51":{"start":{"line":112,"column":16},"end":{"line":112,"column":87}},"52":{"start":{"line":115,"column":28},"end":{"line":115,"column":84}},"53":{"start":{"line":116,"column":12},"end":{"line":116,"column":30}},"54":{"start":{"line":118,"column":12},"end":{"line":118,"column":64}},"55":{"start":{"line":119,"column":12},"end":{"line":119,"column":57}},"56":{"start":{"line":124,"column":0},"end":{"line":124,"column":33}}},"fnMap":{"0":{"name":"(anonymous_0)","decl":{"start":{"line":4,"column":4},"end":{"line":4,"column":5}},"loc":{"start":{"line":4,"column":27},"end":{"line":11,"column":5}},"line":4},"1":{"name":"(anonymous_1)","decl":{"start":{"line":13,"column":4},"end":{"line":13,"column":5}},"loc":{"start":{"line":13,"column":27},"end":{"line":20,"column":5}},"line":13},"2":{"name":"(anonymous_2)","decl":{"start":{"line":22,"column":4},"end":{"line":22,"column":5}},"loc":{"start":{"line":22,"column":27},"end":{"line":29,"column":5}},"line":22},"3":{"name":"(anonymous_3)","decl":{"start":{"line":31,"column":4},"end":{"line":31,"column":5}},"loc":{"start":{"line":31,"column":27},"end":{"line":38,"column":5}},"line":31},"4":{"name":"(anonymous_4)","decl":{"start":{"line":40,"column":4},"end":{"line":40,"column":5}},"loc":{"start":{"line":40,"column":27},"end":{"line":47,"column":5}},"line":40},"5":{"name":"(anonymous_5)","decl":{"start":{"line":50,"column":4},"end":{"line":50,"column":5}},"loc":{"start":{"line":50,"column":34},"end":{"line":74,"column":5}},"line":50},"6":{"name":"(anonymous_6)","decl":{"start":{"line":76,"column":4},"end":{"line":76,"column":5}},"loc":{"start":{"line":76,"column":35},"end":{"line":87,"column":5}},"line":76},"7":{"name":"(anonymous_7)","decl":{"start":{"line":89,"column":4},"end":{"line":89,"column":5}},"loc":{"start":{"line":89,"column":33},"end":{"line":104,"column":5}},"line":89},"8":{"name":"(anonymous_8)","decl":{"start":{"line":106,"column":4},"end":{"line":106,"column":5}},"loc":{"start":{"line":106,"column":36},"end":{"line":121,"column":5}},"line":106}},"branchMap":{"0":{"loc":{"start":{"line":55,"column":12},"end":{"line":57,"column":13}},"type":"if","locations":[{"start":{"line":55,"column":12},"end":{"line":57,"column":13}},{"start":{},"end":{}}],"line":55},"1":{"loc":{"start":{"line":55,"column":16},"end":{"line":55,"column":81}},"type":"binary-expr","locations":[{"start":{"line":55,"column":16},"end":{"line":55,"column":21}},{"start":{"line":55,"column":25},"end":{"line":55,"column":34}},{"start":{"line":55,"column":38},"end":{"line":55,"column":44}},{"start":{"line":55,"column":48},"end":{"line":55,"column":54}},{"start":{"line":55,"column":58},"end":{"line":55,"column":68}},{"start":{"line":55,"column":72},"end":{"line":55,"column":81}}],"line":55},"2":{"loc":{"start":{"line":94,"column":12},"end":{"line":96,"column":13}},"type":"if","locations":[{"start":{"line":94,"column":12},"end":{"line":96,"column":13}},{"start":{},"end":{}}],"line":94},"3":{"loc":{"start":{"line":94,"column":16},"end":{"line":94,"column":51}},"type":"binary-expr","locations":[{"start":{"line":94,"column":16},"end":{"line":94,"column":35}},{"start":{"line":94,"column":39},"end":{"line":94,"column":51}}],"line":94},"4":{"loc":{"start":{"line":111,"column":12},"end":{"line":113,"column":13}},"type":"if","locations":[{"start":{"line":111,"column":12},"end":{"line":113,"column":13}},{"start":{},"end":{}}],"line":111},"5":{"loc":{"start":{"line":111,"column":16},"end":{"line":111,"column":53}},"type":"binary-expr","locations":[{"start":{"line":111,"column":16},"end":{"line":111,"column":26}},{"start":{"line":111,"column":30},"end":{"line":111,"column":53}}],"line":111}},"s":{"0":1,"1":1,"2":0,"3":0,"4":0,"5":0,"6":0,"7":0,"8":0,"9":0,"10":0,"11":0,"12":0,"13":0,"14":0,"15":0,"16":0,"17":0,"18":0,"19":0,"20":0,"21":0,"22":0,"23":0,"24":0,"25":0,"26":0,"27":0,"28":0,"29":0,"30":0,"31":0,"32":0,"33":0,"34":0,"35":0,"36":0,"37":0,"38":0,"39":0,"40":0,"41":0,"42":0,"43":0,"44":0,"45":0,"46":0,"47":0,"48":0,"49":0,"50":0,"51":0,"52":0,"53":0,"54":0,"55":0,"56":1},"f":{"0":0,"1":0,"2":0,"3":0,"4":0,"5":0,"6":0,"7":0,"8":0},"b":{"0":[0,0],"1":[0,0,0,0,0,0],"2":[0,0],"3":[0,0],"4":[0,0],"5":[0,0]},"_coverageSchema":"1a1c01bbd47fc00a2c39e90264f33305004495a9","hash":"3f30877660010fe10f7ab1537c8a8f3268160bb0"}
,"C:\\Users\\Michał\\Desktop\\PracaInzynierska\\user-service\\src\\modules\\student\\student.model.js": {"path":"C:\\Users\\Michał\\Desktop\\PracaInzynierska\\user-service\\src\\modules\\student\\student.model.js","statementMap":{"0":{"start":{"line":1,"column":29},"end":{"line":1,"column":49}},"1":{"start":{"line":2,"column":22},"end":{"line":2,"column":48}},"2":{"start":{"line":6,"column":0},"end":{"line":35,"column":3}},"3":{"start":{"line":37,"column":0},"end":{"line":37,"column":23}}},"fnMap":{},"branchMap":{},"s":{"0":1,"1":1,"2":1,"3":1},"f":{},"b":{},"_coverageSchema":"1a1c01bbd47fc00a2c39e90264f33305004495a9","hash":"60e0865f7d77afc2cf50dd6e7758ce1054119c6e"}
,"C:\\Users\\Michał\\Desktop\\PracaInzynierska\\user-service\\src\\modules\\student\\student.repository.js": {"path":"C:\\Users\\Michał\\Desktop\\PracaInzynierska\\user-service\\src\\modules\\student\\student.repository.js","statementMap":{"0":{"start":{"line":1,"column":14},"end":{"line":1,"column":40}},"1":{"start":{"line":3,"column":24},"end":{"line":52,"column":1}},"2":{"start":{"line":5,"column":8},"end":{"line":5,"column":37}},"3":{"start":{"line":9,"column":8},"end":{"line":9,"column":40}},"4":{"start":{"line":13,"column":8},"end":{"line":13,"column":40}},"5":{"start":{"line":17,"column":22},"end":{"line":17,"column":46}},"6":{"start":{"line":18,"column":8},"end":{"line":18,"column":60}},"7":{"start":{"line":18,"column":20},"end":{"line":18,"column":60}},"8":{"start":{"line":19,"column":8},"end":{"line":19,"column":40}},"9":{"start":{"line":23,"column":22},"end":{"line":23,"column":46}},"10":{"start":{"line":24,"column":8},"end":{"line":24,"column":60}},"11":{"start":{"line":24,"column":20},"end":{"line":24,"column":60}},"12":{"start":{"line":25,"column":8},"end":{"line":25,"column":30}},"13":{"start":{"line":26,"column":8},"end":{"line":26,"column":46}},"14":{"start":{"line":30,"column":22},"end":{"line":30,"column":51}},"15":{"start":{"line":31,"column":8},"end":{"line":31,"column":60}},"16":{"start":{"line":31,"column":20},"end":{"line":31,"column":60}},"17":{"start":{"line":32,"column":8},"end":{"line":32,"column":70}},"18":{"start":{"line":36,"column":22},"end":{"line":36,"column":46}},"19":{"start":{"line":37,"column":8},"end":{"line":37,"column":60}},"20":{"start":{"line":37,"column":20},"end":{"line":37,"column":60}},"21":{"start":{"line":39,"column":8},"end":{"line":39,"column":65}},"22":{"start":{"line":41,"column":8},"end":{"line":41,"column":61}},"23":{"start":{"line":41,"column":37},"end":{"line":41,"column":61}},"24":{"start":{"line":43,"column":8},"end":{"line":43,"column":27}},"25":{"start":{"line":44,"column":8},"end":{"line":44,"column":21}},"26":{"start":{"line":48,"column":22},"end":{"line":48,"column":46}},"27":{"start":{"line":49,"column":8},"end":{"line":49,"column":60}},"28":{"start":{"line":49,"column":20},"end":{"line":49,"column":60}},"29":{"start":{"line":50,"column":8},"end":{"line":50,"column":49}},"30":{"start":{"line":54,"column":0},"end":{"line":54,"column":33}}},"fnMap":{"0":{"name":"(anonymous_0)","decl":{"start":{"line":4,"column":4},"end":{"line":4,"column":5}},"loc":{"start":{"line":4,"column":20},"end":{"line":6,"column":5}},"line":4},"1":{"name":"(anonymous_1)","decl":{"start":{"line":8,"column":4},"end":{"line":8,"column":5}},"loc":{"start":{"line":8,"column":23},"end":{"line":10,"column":5}},"line":8},"2":{"name":"(anonymous_2)","decl":{"start":{"line":12,"column":4},"end":{"line":12,"column":5}},"loc":{"start":{"line":12,"column":23},"end":{"line":14,"column":5}},"line":12},"3":{"name":"(anonymous_3)","decl":{"start":{"line":16,"column":4},"end":{"line":16,"column":5}},"loc":{"start":{"line":16,"column":27},"end":{"line":20,"column":5}},"line":16},"4":{"name":"(anonymous_4)","decl":{"start":{"line":22,"column":4},"end":{"line":22,"column":5}},"loc":{"start":{"line":22,"column":21},"end":{"line":27,"column":5}},"line":22},"5":{"name":"(anonymous_5)","decl":{"start":{"line":29,"column":4},"end":{"line":29,"column":5}},"loc":{"start":{"line":29,"column":45},"end":{"line":33,"column":5}},"line":29},"6":{"name":"(anonymous_6)","decl":{"start":{"line":35,"column":4},"end":{"line":35,"column":5}},"loc":{"start":{"line":35,"column":34},"end":{"line":45,"column":5}},"line":35},"7":{"name":"(anonymous_7)","decl":{"start":{"line":47,"column":4},"end":{"line":47,"column":5}},"loc":{"start":{"line":47,"column":41},"end":{"line":51,"column":5}},"line":47}},"branchMap":{"0":{"loc":{"start":{"line":18,"column":8},"end":{"line":18,"column":60}},"type":"if","locations":[{"start":{"line":18,"column":8},"end":{"line":18,"column":60}},{"start":{},"end":{}}],"line":18},"1":{"loc":{"start":{"line":24,"column":8},"end":{"line":24,"column":60}},"type":"if","locations":[{"start":{"line":24,"column":8},"end":{"line":24,"column":60}},{"start":{},"end":{}}],"line":24},"2":{"loc":{"start":{"line":31,"column":8},"end":{"line":31,"column":60}},"type":"if","locations":[{"start":{"line":31,"column":8},"end":{"line":31,"column":60}},{"start":{},"end":{}}],"line":31},"3":{"loc":{"start":{"line":37,"column":8},"end":{"line":37,"column":60}},"type":"if","locations":[{"start":{"line":37,"column":8},"end":{"line":37,"column":60}},{"start":{},"end":{}}],"line":37},"4":{"loc":{"start":{"line":39,"column":31},"end":{"line":39,"column":55}},"type":"binary-expr","locations":[{"start":{"line":39,"column":31},"end":{"line":39,"column":50}},{"start":{"line":39,"column":54},"end":{"line":39,"column":55}}],"line":39},"5":{"loc":{"start":{"line":41,"column":8},"end":{"line":41,"column":61}},"type":"if","locations":[{"start":{"line":41,"column":8},"end":{"line":41,"column":61}},{"start":{},"end":{}}],"line":41},"6":{"loc":{"start":{"line":49,"column":8},"end":{"line":49,"column":60}},"type":"if","locations":[{"start":{"line":49,"column":8},"end":{"line":49,"column":60}},{"start":{},"end":{}}],"line":49}},"s":{"0":1,"1":1,"2":0,"3":0,"4":0,"5":0,"6":0,"7":0,"8":0,"9":0,"10":0,"11":0,"12":0,"13":0,"14":0,"15":0,"16":0,"17":0,"18":0,"19":0,"20":0,"21":0,"22":0,"23":0,"24":0,"25":0,"26":0,"27":0,"28":0,"29":0,"30":1},"f":{"0":0,"1":0,"2":0,"3":0,"4":0,"5":0,"6":0,"7":0},"b":{"0":[0,0],"1":[0,0],"2":[0,0],"3":[0,0],"4":[0,0],"5":[0,0],"6":[0,0]},"_coverageSchema":"1a1c01bbd47fc00a2c39e90264f33305004495a9","hash":"077d8f1c35c47c874ebe5020f7b7a63b0968809a"}
,"C:\\Users\\Michał\\Desktop\\PracaInzynierska\\user-service\\src\\modules\\student\\student.service.js": {"path":"C:\\Users\\Michał\\Desktop\\PracaInzynierska\\user-service\\src\\modules\\student\\student.service.js","statementMap":{"0":{"start":{"line":1,"column":14},"end":{"line":1,"column":30}},"1":{"start":{"line":2,"column":15},"end":{"line":2,"column":32}},"2":{"start":{"line":3,"column":24},"end":{"line":3,"column":55}},"3":{"start":{"line":4,"column":20},"end":{"line":4,"column":52}},"4":{"start":{"line":9,"column":8},"end":{"line":9,"column":59}},"5":{"start":{"line":10,"column":8},"end":{"line":10,"column":59}},"6":{"start":{"line":11,"column":8},"end":{"line":11,"column":63}},"7":{"start":{"line":15,"column":26},"end":{"line":15,"column":57}},"8":{"start":{"line":17,"column":34},"end":{"line":26,"column":9}},"9":{"start":{"line":19,"column":16},"end":{"line":24,"column":17}},"10":{"start":{"line":20,"column":32},"end":{"line":20,"column":100}},"11":{"start":{"line":21,"column":20},"end":{"line":21,"column":61}},"12":{"start":{"line":23,"column":20},"end":{"line":23,"column":57}},"13":{"start":{"line":28,"column":8},"end":{"line":28,"column":33}},"14":{"start":{"line":32,"column":22},"end":{"line":32,"column":56}},"15":{"start":{"line":33,"column":8},"end":{"line":33,"column":60}},"16":{"start":{"line":33,"column":20},"end":{"line":33,"column":60}},"17":{"start":{"line":35,"column":8},"end":{"line":40,"column":9}},"18":{"start":{"line":36,"column":24},"end":{"line":36,"column":96}},"19":{"start":{"line":37,"column":12},"end":{"line":37,"column":57}},"20":{"start":{"line":39,"column":12},"end":{"line":39,"column":53}},"21":{"start":{"line":44,"column":8},"end":{"line":44,"column":50}},"22":{"start":{"line":48,"column":8},"end":{"line":48,"column":54}},"23":{"start":{"line":52,"column":8},"end":{"line":52,"column":48}},"24":{"start":{"line":60,"column":8},"end":{"line":78,"column":9}},"25":{"start":{"line":61,"column":29},"end":{"line":61,"column":68}},"26":{"start":{"line":62,"column":12},"end":{"line":64,"column":13}},"27":{"start":{"line":63,"column":16},"end":{"line":63,"column":57}},"28":{"start":{"line":66,"column":27},"end":{"line":66,"column":55}},"29":{"start":{"line":68,"column":12},"end":{"line":74,"column":15}},"30":{"start":{"line":76,"column":12},"end":{"line":76,"column":63}},"31":{"start":{"line":77,"column":12},"end":{"line":77,"column":78}},"32":{"start":{"line":81,"column":27},"end":{"line":87,"column":10}},"33":{"start":{"line":90,"column":8},"end":{"line":96,"column":9}},"34":{"start":{"line":91,"column":12},"end":{"line":93,"column":15}},"35":{"start":{"line":95,"column":12},"end":{"line":95,"column":106}},"36":{"start":{"line":98,"column":8},"end":{"line":98,"column":26}},"37":{"start":{"line":102,"column":8},"end":{"line":104,"column":9}},"38":{"start":{"line":103,"column":12},"end":{"line":103,"column":55}},"39":{"start":{"line":106,"column":8},"end":{"line":108,"column":9}},"40":{"start":{"line":107,"column":12},"end":{"line":107,"column":57}},"41":{"start":{"line":110,"column":24},"end":{"line":110,"column":80}},"42":{"start":{"line":111,"column":8},"end":{"line":111,"column":23}},"43":{"start":{"line":115,"column":8},"end":{"line":115,"column":61}},"44":{"start":{"line":119,"column":8},"end":{"line":119,"column":68}},"45":{"start":{"line":123,"column":0},"end":{"line":123,"column":36}}},"fnMap":{"0":{"name":"(anonymous_0)","decl":{"start":{"line":8,"column":4},"end":{"line":8,"column":5}},"loc":{"start":{"line":8,"column":18},"end":{"line":12,"column":5}},"line":8},"1":{"name":"(anonymous_1)","decl":{"start":{"line":14,"column":4},"end":{"line":14,"column":5}},"loc":{"start":{"line":14,"column":19},"end":{"line":29,"column":5}},"line":14},"2":{"name":"(anonymous_2)","decl":{"start":{"line":18,"column":26},"end":{"line":18,"column":27}},"loc":{"start":{"line":18,"column":39},"end":{"line":25,"column":13}},"line":18},"3":{"name":"(anonymous_3)","decl":{"start":{"line":31,"column":4},"end":{"line":31,"column":5}},"loc":{"start":{"line":31,"column":21},"end":{"line":41,"column":5}},"line":31},"4":{"name":"(anonymous_4)","decl":{"start":{"line":43,"column":4},"end":{"line":43,"column":5}},"loc":{"start":{"line":43,"column":23},"end":{"line":45,"column":5}},"line":43},"5":{"name":"(anonymous_5)","decl":{"start":{"line":47,"column":4},"end":{"line":47,"column":5}},"loc":{"start":{"line":47,"column":27},"end":{"line":49,"column":5}},"line":47},"6":{"name":"(anonymous_6)","decl":{"start":{"line":51,"column":4},"end":{"line":51,"column":5}},"loc":{"start":{"line":51,"column":21},"end":{"line":53,"column":5}},"line":51},"7":{"name":"(anonymous_7)","decl":{"start":{"line":57,"column":4},"end":{"line":57,"column":5}},"loc":{"start":{"line":57,"column":98},"end":{"line":99,"column":5}},"line":57},"8":{"name":"(anonymous_8)","decl":{"start":{"line":101,"column":4},"end":{"line":101,"column":5}},"loc":{"start":{"line":101,"column":45},"end":{"line":112,"column":5}},"line":101},"9":{"name":"(anonymous_9)","decl":{"start":{"line":114,"column":4},"end":{"line":114,"column":5}},"loc":{"start":{"line":114,"column":34},"end":{"line":116,"column":5}},"line":114},"10":{"name":"(anonymous_10)","decl":{"start":{"line":118,"column":4},"end":{"line":118,"column":5}},"loc":{"start":{"line":118,"column":41},"end":{"line":120,"column":5}},"line":118}},"branchMap":{"0":{"loc":{"start":{"line":33,"column":8},"end":{"line":33,"column":60}},"type":"if","locations":[{"start":{"line":33,"column":8},"end":{"line":33,"column":60}},{"start":{},"end":{}}],"line":33},"1":{"loc":{"start":{"line":62,"column":12},"end":{"line":64,"column":13}},"type":"if","locations":[{"start":{"line":62,"column":12},"end":{"line":64,"column":13}},{"start":{},"end":{}}],"line":62},"2":{"loc":{"start":{"line":77,"column":28},"end":{"line":77,"column":76}},"type":"binary-expr","locations":[{"start":{"line":77,"column":28},"end":{"line":77,"column":39}},{"start":{"line":77,"column":43},"end":{"line":77,"column":76}}],"line":77},"3":{"loc":{"start":{"line":95,"column":71},"end":{"line":95,"column":104}},"type":"binary-expr","locations":[{"start":{"line":95,"column":71},"end":{"line":95,"column":89}},{"start":{"line":95,"column":93},"end":{"line":95,"column":104}}],"line":95},"4":{"loc":{"start":{"line":102,"column":8},"end":{"line":104,"column":9}},"type":"if","locations":[{"start":{"line":102,"column":8},"end":{"line":104,"column":9}},{"start":{},"end":{}}],"line":102},"5":{"loc":{"start":{"line":106,"column":8},"end":{"line":108,"column":9}},"type":"if","locations":[{"start":{"line":106,"column":8},"end":{"line":108,"column":9}},{"start":{},"end":{}}],"line":106}},"s":{"0":1,"1":1,"2":1,"3":1,"4":1,"5":1,"6":1,"7":0,"8":0,"9":0,"10":0,"11":0,"12":0,"13":0,"14":0,"15":0,"16":0,"17":0,"18":0,"19":0,"20":0,"21":0,"22":0,"23":0,"24":0,"25":0,"26":0,"27":0,"28":0,"29":0,"30":0,"31":0,"32":0,"33":0,"34":0,"35":0,"36":0,"37":0,"38":0,"39":0,"40":0,"41":0,"42":0,"43":0,"44":0,"45":1},"f":{"0":1,"1":0,"2":0,"3":0,"4":0,"5":0,"6":0,"7":0,"8":0,"9":0,"10":0},"b":{"0":[0,0],"1":[0,0],"2":[0,0],"3":[0,0],"4":[0,0],"5":[0,0]},"_coverageSchema":"1a1c01bbd47fc00a2c39e90264f33305004495a9","hash":"8f7df6f88584aff65ffae68699f0585d0e23f859"}
,"C:\\Users\\Michał\\Desktop\\PracaInzynierska\\user-service\\src\\modules\\teacher\\teacher.controller.js": {"path":"C:\\Users\\Michał\\Desktop\\PracaInzynierska\\user-service\\src\\modules\\teacher\\teacher.controller.js","statementMap":{"0":{"start":{"line":1,"column":23},"end":{"line":1,"column":51}},"1":{"start":{"line":3,"column":26},"end":{"line":48,"column":1}},"2":{"start":{"line":5,"column":8},"end":{"line":10,"column":9}},"3":{"start":{"line":6,"column":32},"end":{"line":6,"column":61}},"4":{"start":{"line":7,"column":12},"end":{"line":7,"column":34}},"5":{"start":{"line":9,"column":12},"end":{"line":9,"column":57}},"6":{"start":{"line":14,"column":8},"end":{"line":19,"column":9}},"7":{"start":{"line":15,"column":31},"end":{"line":15,"column":73}},"8":{"start":{"line":16,"column":12},"end":{"line":16,"column":33}},"9":{"start":{"line":18,"column":12},"end":{"line":18,"column":57}},"10":{"start":{"line":23,"column":8},"end":{"line":28,"column":9}},"11":{"start":{"line":24,"column":25},"end":{"line":24,"column":62}},"12":{"start":{"line":25,"column":12},"end":{"line":25,"column":39}},"13":{"start":{"line":27,"column":12},"end":{"line":27,"column":57}},"14":{"start":{"line":32,"column":8},"end":{"line":37,"column":9}},"15":{"start":{"line":33,"column":28},"end":{"line":33,"column":80}},"16":{"start":{"line":34,"column":12},"end":{"line":34,"column":30}},"17":{"start":{"line":36,"column":12},"end":{"line":36,"column":57}},"18":{"start":{"line":41,"column":8},"end":{"line":46,"column":9}},"19":{"start":{"line":42,"column":27},"end":{"line":42,"column":69}},"20":{"start":{"line":43,"column":12},"end":{"line":43,"column":29}},"21":{"start":{"line":45,"column":12},"end":{"line":45,"column":57}},"22":{"start":{"line":50,"column":0},"end":{"line":50,"column":35}}},"fnMap":{"0":{"name":"(anonymous_0)","decl":{"start":{"line":4,"column":4},"end":{"line":4,"column":5}},"loc":{"start":{"line":4,"column":27},"end":{"line":11,"column":5}},"line":4},"1":{"name":"(anonymous_1)","decl":{"start":{"line":13,"column":4},"end":{"line":13,"column":5}},"loc":{"start":{"line":13,"column":27},"end":{"line":20,"column":5}},"line":13},"2":{"name":"(anonymous_2)","decl":{"start":{"line":22,"column":4},"end":{"line":22,"column":5}},"loc":{"start":{"line":22,"column":27},"end":{"line":29,"column":5}},"line":22},"3":{"name":"(anonymous_3)","decl":{"start":{"line":31,"column":4},"end":{"line":31,"column":5}},"loc":{"start":{"line":31,"column":27},"end":{"line":38,"column":5}},"line":31},"4":{"name":"(anonymous_4)","decl":{"start":{"line":40,"column":4},"end":{"line":40,"column":5}},"loc":{"start":{"line":40,"column":27},"end":{"line":47,"column":5}},"line":40}},"branchMap":{},"s":{"0":1,"1":1,"2":0,"3":0,"4":0,"5":0,"6":0,"7":0,"8":0,"9":0,"10":0,"11":0,"12":0,"13":0,"14":0,"15":0,"16":0,"17":0,"18":0,"19":0,"20":0,"21":0,"22":1},"f":{"0":0,"1":0,"2":0,"3":0,"4":0},"b":{},"_coverageSchema":"1a1c01bbd47fc00a2c39e90264f33305004495a9","hash":"ef5d9e788cd40c6ca3c8d8415401bda849507bec"}
,"C:\\Users\\Michał\\Desktop\\PracaInzynierska\\user-service\\src\\modules\\teacher\\teacher.model.js": {"path":"C:\\Users\\Michał\\Desktop\\PracaInzynierska\\user-service\\src\\modules\\teacher\\teacher.model.js","statementMap":{"0":{"start":{"line":1,"column":29},"end":{"line":1,"column":49}},"1":{"start":{"line":2,"column":22},"end":{"line":2,"column":48}},"2":{"start":{"line":6,"column":0},"end":{"line":25,"column":3}},"3":{"start":{"line":27,"column":0},"end":{"line":27,"column":28}}},"fnMap":{},"branchMap":{},"s":{"0":1,"1":1,"2":1,"3":1},"f":{},"b":{},"_coverageSchema":"1a1c01bbd47fc00a2c39e90264f33305004495a9","hash":"976e4fd601debcc8a0a47447d507e07ed897f91a"}
,"C:\\Users\\Michał\\Desktop\\PracaInzynierska\\user-service\\src\\modules\\teacher\\teacher.repository.js": {"path":"C:\\Users\\Michał\\Desktop\\PracaInzynierska\\user-service\\src\\modules\\teacher\\teacher.repository.js","statementMap":{"0":{"start":{"line":1,"column":19},"end":{"line":1,"column":45}},"1":{"start":{"line":3,"column":26},"end":{"line":28,"column":1}},"2":{"start":{"line":5,"column":8},"end":{"line":5,"column":42}},"3":{"start":{"line":9,"column":8},"end":{"line":9,"column":45}},"4":{"start":{"line":13,"column":8},"end":{"line":13,"column":45}},"5":{"start":{"line":17,"column":27},"end":{"line":17,"column":56}},"6":{"start":{"line":18,"column":8},"end":{"line":18,"column":70}},"7":{"start":{"line":18,"column":25},"end":{"line":18,"column":70}},"8":{"start":{"line":19,"column":8},"end":{"line":19,"column":45}},"9":{"start":{"line":23,"column":27},"end":{"line":23,"column":56}},"10":{"start":{"line":24,"column":8},"end":{"line":24,"column":70}},"11":{"start":{"line":24,"column":25},"end":{"line":24,"column":70}},"12":{"start":{"line":25,"column":8},"end":{"line":25,"column":35}},"13":{"start":{"line":26,"column":8},"end":{"line":26,"column":51}},"14":{"start":{"line":30,"column":0},"end":{"line":30,"column":35}}},"fnMap":{"0":{"name":"(anonymous_0)","decl":{"start":{"line":4,"column":4},"end":{"line":4,"column":5}},"loc":{"start":{"line":4,"column":20},"end":{"line":6,"column":5}},"line":4},"1":{"name":"(anonymous_1)","decl":{"start":{"line":8,"column":4},"end":{"line":8,"column":5}},"loc":{"start":{"line":8,"column":23},"end":{"line":10,"column":5}},"line":8},"2":{"name":"(anonymous_2)","decl":{"start":{"line":12,"column":4},"end":{"line":12,"column":5}},"loc":{"start":{"line":12,"column":23},"end":{"line":14,"column":5}},"line":12},"3":{"name":"(anonymous_3)","decl":{"start":{"line":16,"column":4},"end":{"line":16,"column":5}},"loc":{"start":{"line":16,"column":27},"end":{"line":20,"column":5}},"line":16},"4":{"name":"(anonymous_4)","decl":{"start":{"line":22,"column":4},"end":{"line":22,"column":5}},"loc":{"start":{"line":22,"column":21},"end":{"line":27,"column":5}},"line":22}},"branchMap":{"0":{"loc":{"start":{"line":18,"column":8},"end":{"line":18,"column":70}},"type":"if","locations":[{"start":{"line":18,"column":8},"end":{"line":18,"column":70}},{"start":{},"end":{}}],"line":18},"1":{"loc":{"start":{"line":24,"column":8},"end":{"line":24,"column":70}},"type":"if","locations":[{"start":{"line":24,"column":8},"end":{"line":24,"column":70}},{"start":{},"end":{}}],"line":24}},"s":{"0":1,"1":1,"2":0,"3":0,"4":0,"5":0,"6":0,"7":0,"8":0,"9":0,"10":0,"11":0,"12":0,"13":0,"14":1},"f":{"0":0,"1":0,"2":0,"3":0,"4":0},"b":{"0":[0,0],"1":[0,0]},"_coverageSchema":"1a1c01bbd47fc00a2c39e90264f33305004495a9","hash":"2d0fa50f0e92e063ce81df36b82ae342ccc05e6d"}
,"C:\\Users\\Michał\\Desktop\\PracaInzynierska\\user-service\\src\\modules\\teacher\\teacher.service.js": {"path":"C:\\Users\\Michał\\Desktop\\PracaInzynierska\\user-service\\src\\modules\\teacher\\teacher.service.js","statementMap":{"0":{"start":{"line":1,"column":26},"end":{"line":1,"column":57}},"1":{"start":{"line":2,"column":13},"end":{"line":2,"column":43}},"2":{"start":{"line":6,"column":28},"end":{"line":6,"column":61}},"3":{"start":{"line":8,"column":36},"end":{"line":13,"column":9}},"4":{"start":{"line":10,"column":29},"end":{"line":10,"column":66}},"5":{"start":{"line":11,"column":16},"end":{"line":11,"column":76}},"6":{"start":{"line":15,"column":8},"end":{"line":15,"column":35}},"7":{"start":{"line":19,"column":27},"end":{"line":19,"column":63}},"8":{"start":{"line":20,"column":8},"end":{"line":20,"column":70}},"9":{"start":{"line":20,"column":25},"end":{"line":20,"column":70}},"10":{"start":{"line":22,"column":21},"end":{"line":22,"column":67}},"11":{"start":{"line":23,"column":8},"end":{"line":23,"column":77}},"12":{"start":{"line":27,"column":8},"end":{"line":27,"column":52}},"13":{"start":{"line":31,"column":8},"end":{"line":31,"column":56}},"14":{"start":{"line":35,"column":8},"end":{"line":35,"column":50}},"15":{"start":{"line":39,"column":0},"end":{"line":39,"column":38}}},"fnMap":{"0":{"name":"(anonymous_0)","decl":{"start":{"line":5,"column":4},"end":{"line":5,"column":5}},"loc":{"start":{"line":5,"column":19},"end":{"line":16,"column":5}},"line":5},"1":{"name":"(anonymous_1)","decl":{"start":{"line":9,"column":28},"end":{"line":9,"column":29}},"loc":{"start":{"line":9,"column":41},"end":{"line":12,"column":13}},"line":9},"2":{"name":"(anonymous_2)","decl":{"start":{"line":18,"column":4},"end":{"line":18,"column":5}},"loc":{"start":{"line":18,"column":21},"end":{"line":24,"column":5}},"line":18},"3":{"name":"(anonymous_3)","decl":{"start":{"line":26,"column":4},"end":{"line":26,"column":5}},"loc":{"start":{"line":26,"column":23},"end":{"line":28,"column":5}},"line":26},"4":{"name":"(anonymous_4)","decl":{"start":{"line":30,"column":4},"end":{"line":30,"column":5}},"loc":{"start":{"line":30,"column":27},"end":{"line":32,"column":5}},"line":30},"5":{"name":"(anonymous_5)","decl":{"start":{"line":34,"column":4},"end":{"line":34,"column":5}},"loc":{"start":{"line":34,"column":21},"end":{"line":36,"column":5}},"line":34}},"branchMap":{"0":{"loc":{"start":{"line":11,"column":46},"end":{"line":11,"column":73}},"type":"cond-expr","locations":[{"start":{"line":11,"column":53},"end":{"line":11,"column":66}},{"start":{"line":11,"column":69},"end":{"line":11,"column":73}}],"line":11},"1":{"loc":{"start":{"line":20,"column":8},"end":{"line":20,"column":70}},"type":"if","locations":[{"start":{"line":20,"column":8},"end":{"line":20,"column":70}},{"start":{},"end":{}}],"line":20},"2":{"loc":{"start":{"line":23,"column":47},"end":{"line":23,"column":74}},"type":"cond-expr","locations":[{"start":{"line":23,"column":54},"end":{"line":23,"column":67}},{"start":{"line":23,"column":70},"end":{"line":23,"column":74}}],"line":23}},"s":{"0":1,"1":1,"2":0,"3":0,"4":0,"5":0,"6":0,"7":0,"8":0,"9":0,"10":0,"11":0,"12":0,"13":0,"14":0,"15":1},"f":{"0":0,"1":0,"2":0,"3":0,"4":0,"5":0},"b":{"0":[0,0],"1":[0,0],"2":[0,0]},"_coverageSchema":"1a1c01bbd47fc00a2c39e90264f33305004495a9","hash":"d40b2fe0042f61dbe89e67392a0f6a3c0823c506"}
,"C:\\Users\\Michał\\Desktop\\PracaInzynierska\\user-service\\src\\modules\\users\\user.controller.js": {"path":"C:\\Users\\Michał\\Desktop\\PracaInzynierska\\user-service\\src\\modules\\users\\user.controller.js","statementMap":{"0":{"start":{"line":1,"column":20},"end":{"line":1,"column":45}},"1":{"start":{"line":2,"column":15},"end":{"line":2,"column":32}},"2":{"start":{"line":4,"column":23},"end":{"line":166,"column":1}},"3":{"start":{"line":6,"column":8},"end":{"line":24,"column":9}},"4":{"start":{"line":7,"column":28},"end":{"line":7,"column":69}},"5":{"start":{"line":9,"column":26},"end":{"line":9,"column":30}},"6":{"start":{"line":10,"column":12},"end":{"line":17,"column":13}},"7":{"start":{"line":11,"column":16},"end":{"line":16,"column":18}},"8":{"start":{"line":19,"column":43},"end":{"line":19,"column":59}},"9":{"start":{"line":20,"column":12},"end":{"line":20,"column":47}},"10":{"start":{"line":22,"column":12},"end":{"line":22,"column":64}},"11":{"start":{"line":23,"column":12},"end":{"line":23,"column":57}},"12":{"start":{"line":28,"column":8},"end":{"line":33,"column":9}},"13":{"start":{"line":29,"column":28},"end":{"line":29,"column":82}},"14":{"start":{"line":30,"column":12},"end":{"line":30,"column":30}},"15":{"start":{"line":32,"column":12},"end":{"line":32,"column":57}},"16":{"start":{"line":37,"column":8},"end":{"line":43,"column":9}},"17":{"start":{"line":38,"column":53},"end":{"line":38,"column":61}},"18":{"start":{"line":39,"column":27},"end":{"line":39,"column":102}},"19":{"start":{"line":40,"column":12},"end":{"line":40,"column":29}},"20":{"start":{"line":42,"column":12},"end":{"line":42,"column":57}},"21":{"start":{"line":48,"column":8},"end":{"line":56,"column":9}},"22":{"start":{"line":49,"column":30},"end":{"line":49,"column":40}},"23":{"start":{"line":50,"column":25},"end":{"line":50,"column":64}},"24":{"start":{"line":51,"column":12},"end":{"line":51,"column":91}},"25":{"start":{"line":51,"column":23},"end":{"line":51,"column":91}},"26":{"start":{"line":52,"column":12},"end":{"line":52,"column":27}},"27":{"start":{"line":54,"column":12},"end":{"line":54,"column":77}},"28":{"start":{"line":55,"column":12},"end":{"line":55,"column":60}},"29":{"start":{"line":61,"column":8},"end":{"line":81,"column":9}},"30":{"start":{"line":62,"column":27},"end":{"line":62,"column":37}},"31":{"start":{"line":63,"column":25},"end":{"line":63,"column":58}},"32":{"start":{"line":64,"column":12},"end":{"line":64,"column":91}},"33":{"start":{"line":64,"column":23},"end":{"line":64,"column":91}},"34":{"start":{"line":66,"column":26},"end":{"line":66,"column":30}},"35":{"start":{"line":67,"column":12},"end":{"line":74,"column":13}},"36":{"start":{"line":68,"column":16},"end":{"line":73,"column":18}},"37":{"start":{"line":76,"column":43},"end":{"line":76,"column":56}},"38":{"start":{"line":77,"column":12},"end":{"line":77,"column":47}},"39":{"start":{"line":79,"column":12},"end":{"line":79,"column":74}},"40":{"start":{"line":80,"column":12},"end":{"line":80,"column":57}},"41":{"start":{"line":87,"column":8},"end":{"line":105,"column":9}},"42":{"start":{"line":88,"column":59},"end":{"line":88,"column":67}},"43":{"start":{"line":89,"column":29},"end":{"line":89,"column":68}},"44":{"start":{"line":90,"column":12},"end":{"line":90,"column":81}},"45":{"start":{"line":90,"column":26},"end":{"line":90,"column":81}},"46":{"start":{"line":92,"column":27},"end":{"line":92,"column":55}},"47":{"start":{"line":93,"column":28},"end":{"line":99,"column":14}},"48":{"start":{"line":101,"column":12},"end":{"line":101,"column":42}},"49":{"start":{"line":103,"column":12},"end":{"line":103,"column":67}},"50":{"start":{"line":104,"column":12},"end":{"line":104,"column":57}},"51":{"start":{"line":109,"column":8},"end":{"line":128,"column":9}},"52":{"start":{"line":110,"column":27},"end":{"line":110,"column":37}},"53":{"start":{"line":111,"column":28},"end":{"line":111,"column":70}},"54":{"start":{"line":113,"column":26},"end":{"line":113,"column":30}},"55":{"start":{"line":114,"column":12},"end":{"line":121,"column":13}},"56":{"start":{"line":115,"column":16},"end":{"line":120,"column":18}},"57":{"start":{"line":123,"column":43},"end":{"line":123,"column":59}},"58":{"start":{"line":124,"column":12},"end":{"line":124,"column":47}},"59":{"start":{"line":126,"column":12},"end":{"line":126,"column":77}},"60":{"start":{"line":127,"column":12},"end":{"line":127,"column":57}},"61":{"start":{"line":132,"column":8},"end":{"line":139,"column":9}},"62":{"start":{"line":133,"column":30},"end":{"line":133,"column":40}},"63":{"start":{"line":134,"column":25},"end":{"line":134,"column":69}},"64":{"start":{"line":135,"column":12},"end":{"line":135,"column":27}},"65":{"start":{"line":137,"column":12},"end":{"line":137,"column":79}},"66":{"start":{"line":138,"column":12},"end":{"line":138,"column":57}},"67":{"start":{"line":143,"column":8},"end":{"line":150,"column":9}},"68":{"start":{"line":144,"column":27},"end":{"line":144,"column":37}},"69":{"start":{"line":145,"column":27},"end":{"line":145,"column":59}},"70":{"start":{"line":146,"column":12},"end":{"line":146,"column":29}},"71":{"start":{"line":148,"column":12},"end":{"line":148,"column":66}},"72":{"start":{"line":149,"column":12},"end":{"line":149,"column":57}},"73":{"start":{"line":154,"column":8},"end":{"line":164,"column":9}},"74":{"start":{"line":155,"column":12},"end":{"line":158,"column":15}},"75":{"start":{"line":160,"column":12},"end":{"line":163,"column":15}},"76":{"start":{"line":168,"column":0},"end":{"line":168,"column":32}}},"fnMap":{"0":{"name":"(anonymous_0)","decl":{"start":{"line":5,"column":4},"end":{"line":5,"column":5}},"loc":{"start":{"line":5,"column":31},"end":{"line":25,"column":5}},"line":5},"1":{"name":"(anonymous_1)","decl":{"start":{"line":27,"column":4},"end":{"line":27,"column":5}},"loc":{"start":{"line":27,"column":34},"end":{"line":34,"column":5}},"line":27},"2":{"name":"(anonymous_2)","decl":{"start":{"line":36,"column":4},"end":{"line":36,"column":5}},"loc":{"start":{"line":36,"column":35},"end":{"line":44,"column":5}},"line":36},"3":{"name":"(anonymous_3)","decl":{"start":{"line":47,"column":4},"end":{"line":47,"column":5}},"loc":{"start":{"line":47,"column":35},"end":{"line":57,"column":5}},"line":47},"4":{"name":"(anonymous_4)","decl":{"start":{"line":60,"column":4},"end":{"line":60,"column":5}},"loc":{"start":{"line":60,"column":32},"end":{"line":82,"column":5}},"line":60},"5":{"name":"(anonymous_5)","decl":{"start":{"line":86,"column":4},"end":{"line":86,"column":5}},"loc":{"start":{"line":86,"column":31},"end":{"line":106,"column":5}},"line":86},"6":{"name":"(anonymous_6)","decl":{"start":{"line":108,"column":4},"end":{"line":108,"column":5}},"loc":{"start":{"line":108,"column":31},"end":{"line":129,"column":5}},"line":108},"7":{"name":"(anonymous_7)","decl":{"start":{"line":131,"column":4},"end":{"line":131,"column":5}},"loc":{"start":{"line":131,"column":40},"end":{"line":140,"column":5}},"line":131},"8":{"name":"(anonymous_8)","decl":{"start":{"line":142,"column":4},"end":{"line":142,"column":5}},"loc":{"start":{"line":142,"column":31},"end":{"line":151,"column":5}},"line":142},"9":{"name":"(anonymous_9)","decl":{"start":{"line":153,"column":4},"end":{"line":153,"column":5}},"loc":{"start":{"line":153,"column":25},"end":{"line":165,"column":5}},"line":153}},"branchMap":{"0":{"loc":{"start":{"line":10,"column":12},"end":{"line":17,"column":13}},"type":"if","locations":[{"start":{"line":10,"column":12},"end":{"line":17,"column":13}},{"start":{},"end":{}}],"line":10},"1":{"loc":{"start":{"line":13,"column":26},"end":{"line":15,"column":30}},"type":"cond-expr","locations":[{"start":{"line":14,"column":26},"end":{"line":14,"column":70}},{"start":{"line":15,"column":26},"end":{"line":15,"column":30}}],"line":13},"2":{"loc":{"start":{"line":51,"column":12},"end":{"line":51,"column":91}},"type":"if","locations":[{"start":{"line":51,"column":12},"end":{"line":51,"column":91}},{"start":{},"end":{}}],"line":51},"3":{"loc":{"start":{"line":64,"column":12},"end":{"line":64,"column":91}},"type":"if","locations":[{"start":{"line":64,"column":12},"end":{"line":64,"column":91}},{"start":{},"end":{}}],"line":64},"4":{"loc":{"start":{"line":67,"column":12},"end":{"line":74,"column":13}},"type":"if","locations":[{"start":{"line":67,"column":12},"end":{"line":74,"column":13}},{"start":{},"end":{}}],"line":67},"5":{"loc":{"start":{"line":70,"column":26},"end":{"line":72,"column":30}},"type":"cond-expr","locations":[{"start":{"line":71,"column":26},"end":{"line":71,"column":67}},{"start":{"line":72,"column":26},"end":{"line":72,"column":30}}],"line":70},"6":{"loc":{"start":{"line":90,"column":12},"end":{"line":90,"column":81}},"type":"if","locations":[{"start":{"line":90,"column":12},"end":{"line":90,"column":81}},{"start":{},"end":{}}],"line":90},"7":{"loc":{"start":{"line":114,"column":12},"end":{"line":121,"column":13}},"type":"if","locations":[{"start":{"line":114,"column":12},"end":{"line":121,"column":13}},{"start":{},"end":{}}],"line":114},"8":{"loc":{"start":{"line":117,"column":26},"end":{"line":119,"column":30}},"type":"cond-expr","locations":[{"start":{"line":118,"column":26},"end":{"line":118,"column":70}},{"start":{"line":119,"column":26},"end":{"line":119,"column":30}}],"line":117}},"s":{"0":1,"1":1,"2":1,"3":0,"4":0,"5":0,"6":0,"7":0,"8":0,"9":0,"10":0,"11":0,"12":0,"13":0,"14":0,"15":0,"16":0,"17":0,"18":0,"19":0,"20":0,"21":0,"22":0,"23":0,"24":0,"25":0,"26":0,"27":0,"28":0,"29":0,"30":0,"31":0,"32":0,"33":0,"34":0,"35":0,"36":0,"37":0,"38":0,"39":0,"40":0,"41":0,"42":0,"43":0,"44":0,"45":0,"46":0,"47":0,"48":0,"49":0,"50":0,"51":0,"52":0,"53":0,"54":0,"55":0,"56":0,"57":0,"58":0,"59":0,"60":0,"61":0,"62":0,"63":0,"64":0,"65":0,"66":0,"67":0,"68":0,"69":0,"70":0,"71":0,"72":0,"73":0,"74":0,"75":0,"76":1},"f":{"0":0,"1":0,"2":0,"3":0,"4":0,"5":0,"6":0,"7":0,"8":0,"9":0},"b":{"0":[0,0],"1":[0,0],"2":[0,0],"3":[0,0],"4":[0,0],"5":[0,0],"6":[0,0],"7":[0,0],"8":[0,0]},"_coverageSchema":"1a1c01bbd47fc00a2c39e90264f33305004495a9","hash":"48d3a1afe39c9c67d6dc3ecd4b8e1574c731b2eb"}
,"C:\\Users\\Michał\\Desktop\\PracaInzynierska\\user-service\\src\\modules\\users\\user.model.js": {"path":"C:\\Users\\Michał\\Desktop\\PracaInzynierska\\user-service\\src\\modules\\users\\user.model.js","statementMap":{"0":{"start":{"line":1,"column":29},"end":{"line":1,"column":49}},"1":{"start":{"line":2,"column":22},"end":{"line":2,"column":48}},"2":{"start":{"line":6,"column":0},"end":{"line":33,"column":3}},"3":{"start":{"line":35,"column":0},"end":{"line":35,"column":22}}},"fnMap":{},"branchMap":{},"s":{"0":3,"1":3,"2":3,"3":3},"f":{},"b":{},"_coverageSchema":"1a1c01bbd47fc00a2c39e90264f33305004495a9","hash":"b67bf2d430e14b743e6611dd7e5c5d146e6cbd6f"}
,"C:\\Users\\Michał\\Desktop\\PracaInzynierska\\user-service\\src\\modules\\users\\user.repository.js": {"path":"C:\\Users\\Michał\\Desktop\\PracaInzynierska\\user-service\\src\\modules\\users\\user.repository.js","statementMap":{"0":{"start":{"line":1,"column":13},"end":{"line":1,"column":36}},"1":{"start":{"line":2,"column":16},"end":{"line":2,"column":51}},"2":{"start":{"line":4,"column":23},"end":{"line":48,"column":1}},"3":{"start":{"line":6,"column":27},"end":{"line":8,"column":69}},"4":{"start":{"line":10,"column":8},"end":{"line":20,"column":11}},"5":{"start":{"line":24,"column":8},"end":{"line":24,"column":50}},"6":{"start":{"line":28,"column":8},"end":{"line":28,"column":33}},"7":{"start":{"line":32,"column":8},"end":{"line":32,"column":27}},"8":{"start":{"line":36,"column":8},"end":{"line":39,"column":11}},"9":{"start":{"line":43,"column":21},"end":{"line":43,"column":44}},"10":{"start":{"line":44,"column":8},"end":{"line":44,"column":64}},"11":{"start":{"line":44,"column":19},"end":{"line":44,"column":64}},"12":{"start":{"line":45,"column":8},"end":{"line":45,"column":29}},"13":{"start":{"line":46,"column":8},"end":{"line":46,"column":57}},"14":{"start":{"line":50,"column":0},"end":{"line":50,"column":32}}},"fnMap":{"0":{"name":"(anonymous_0)","decl":{"start":{"line":5,"column":4},"end":{"line":5,"column":5}},"loc":{"start":{"line":5,"column":48},"end":{"line":21,"column":5}},"line":5},"1":{"name":"(anonymous_1)","decl":{"start":{"line":23,"column":4},"end":{"line":23,"column":5}},"loc":{"start":{"line":23,"column":29},"end":{"line":25,"column":5}},"line":23},"2":{"name":"(anonymous_2)","decl":{"start":{"line":27,"column":4},"end":{"line":27,"column":5}},"loc":{"start":{"line":27,"column":27},"end":{"line":29,"column":5}},"line":27},"3":{"name":"(anonymous_3)","decl":{"start":{"line":31,"column":4},"end":{"line":31,"column":5}},"loc":{"start":{"line":31,"column":27},"end":{"line":33,"column":5}},"line":31},"4":{"name":"(anonymous_4)","decl":{"start":{"line":35,"column":4},"end":{"line":35,"column":5}},"loc":{"start":{"line":35,"column":34},"end":{"line":40,"column":5}},"line":35},"5":{"name":"(anonymous_5)","decl":{"start":{"line":42,"column":4},"end":{"line":42,"column":5}},"loc":{"start":{"line":42,"column":25},"end":{"line":47,"column":5}},"line":42}},"branchMap":{"0":{"loc":{"start":{"line":5,"column":23},"end":{"line":5,"column":46}},"type":"default-arg","locations":[{"start":{"line":5,"column":41},"end":{"line":5,"column":46}}],"line":5},"1":{"loc":{"start":{"line":6,"column":27},"end":{"line":8,"column":69}},"type":"cond-expr","locations":[{"start":{"line":7,"column":14},"end":{"line":7,"column":78}},{"start":{"line":8,"column":14},"end":{"line":8,"column":69}}],"line":6},"2":{"loc":{"start":{"line":44,"column":8},"end":{"line":44,"column":64}},"type":"if","locations":[{"start":{"line":44,"column":8},"end":{"line":44,"column":64}},{"start":{},"end":{}}],"line":44}},"s":{"0":2,"1":2,"2":2,"3":0,"4":0,"5":0,"6":0,"7":0,"8":0,"9":0,"10":0,"11":0,"12":0,"13":0,"14":2},"f":{"0":0,"1":0,"2":0,"3":0,"4":0,"5":0},"b":{"0":[0],"1":[0,0],"2":[0,0]},"_coverageSchema":"1a1c01bbd47fc00a2c39e90264f33305004495a9","hash":"ac3c70dd32e1316280d709afc3000acbf43b4328"}
,"C:\\Users\\Michał\\Desktop\\PracaInzynierska\\user-service\\src\\modules\\users\\user.service.js": {"path":"C:\\Users\\Michał\\Desktop\\PracaInzynierska\\user-service\\src\\modules\\users\\user.service.js","statementMap":{"0":{"start":{"line":1,"column":15},"end":{"line":1,"column":32}},"1":{"start":{"line":2,"column":22},"end":{"line":2,"column":60}},"2":{"start":{"line":3,"column":23},"end":{"line":3,"column":51}},"3":{"start":{"line":7,"column":21},"end":{"line":7,"column":54}},"4":{"start":{"line":8,"column":8},"end":{"line":8,"column":81}},"5":{"start":{"line":8,"column":19},"end":{"line":8,"column":81}},"6":{"start":{"line":9,"column":8},"end":{"line":9,"column":20}},"7":{"start":{"line":13,"column":21},"end":{"line":13,"column":54}},"8":{"start":{"line":14,"column":8},"end":{"line":14,"column":81}},"9":{"start":{"line":14,"column":19},"end":{"line":14,"column":81}},"10":{"start":{"line":16,"column":8},"end":{"line":16,"column":50}},"11":{"start":{"line":18,"column":42},"end":{"line":18,"column":46}},"12":{"start":{"line":19,"column":8},"end":{"line":19,"column":49}},"13":{"start":{"line":19,"column":32},"end":{"line":19,"column":49}},"14":{"start":{"line":20,"column":8},"end":{"line":20,"column":61}},"15":{"start":{"line":20,"column":36},"end":{"line":20,"column":61}},"16":{"start":{"line":21,"column":8},"end":{"line":21,"column":52}},"17":{"start":{"line":21,"column":33},"end":{"line":21,"column":52}},"18":{"start":{"line":23,"column":8},"end":{"line":23,"column":46}},"19":{"start":{"line":24,"column":8},"end":{"line":24,"column":20}},"20":{"start":{"line":28,"column":21},"end":{"line":28,"column":60}},"21":{"start":{"line":29,"column":8},"end":{"line":29,"column":81}},"22":{"start":{"line":29,"column":19},"end":{"line":29,"column":81}},"23":{"start":{"line":31,"column":8},"end":{"line":31,"column":79}},"24":{"start":{"line":33,"column":22},"end":{"line":33,"column":87}},"25":{"start":{"line":34,"column":8},"end":{"line":34,"column":69}},"26":{"start":{"line":34,"column":20},"end":{"line":34,"column":69}},"27":{"start":{"line":36,"column":23},"end":{"line":36,"column":84}},"28":{"start":{"line":37,"column":8},"end":{"line":37,"column":81}},"29":{"start":{"line":37,"column":20},"end":{"line":37,"column":81}},"30":{"start":{"line":39,"column":23},"end":{"line":39,"column":57}},"31":{"start":{"line":40,"column":8},"end":{"line":40,"column":28}},"32":{"start":{"line":42,"column":8},"end":{"line":42,"column":46}},"33":{"start":{"line":43,"column":8},"end":{"line":43,"column":65}},"34":{"start":{"line":47,"column":8},"end":{"line":47,"column":49}},"35":{"start":{"line":52,"column":21},"end":{"line":52,"column":54}},"36":{"start":{"line":53,"column":8},"end":{"line":53,"column":81}},"37":{"start":{"line":53,"column":19},"end":{"line":53,"column":81}},"38":{"start":{"line":54,"column":8},"end":{"line":54,"column":20}},"39":{"start":{"line":59,"column":8},"end":{"line":59,"column":47}},"40":{"start":{"line":63,"column":21},"end":{"line":63,"column":54}},"41":{"start":{"line":64,"column":8},"end":{"line":64,"column":81}},"42":{"start":{"line":64,"column":19},"end":{"line":64,"column":81}},"43":{"start":{"line":66,"column":60},"end":{"line":66,"column":64}},"44":{"start":{"line":68,"column":8},"end":{"line":73,"column":9}},"45":{"start":{"line":69,"column":33},"end":{"line":69,"column":72}},"46":{"start":{"line":70,"column":12},"end":{"line":72,"column":13}},"47":{"start":{"line":71,"column":16},"end":{"line":71,"column":82}},"48":{"start":{"line":75,"column":8},"end":{"line":75,"column":49}},"49":{"start":{"line":75,"column":32},"end":{"line":75,"column":49}},"50":{"start":{"line":76,"column":8},"end":{"line":76,"column":61}},"51":{"start":{"line":76,"column":36},"end":{"line":76,"column":61}},"52":{"start":{"line":77,"column":8},"end":{"line":77,"column":52}},"53":{"start":{"line":77,"column":33},"end":{"line":77,"column":52}},"54":{"start":{"line":78,"column":8},"end":{"line":78,"column":49}},"55":{"start":{"line":78,"column":32},"end":{"line":78,"column":49}},"56":{"start":{"line":79,"column":8},"end":{"line":79,"column":67}},"57":{"start":{"line":79,"column":38},"end":{"line":79,"column":67}},"58":{"start":{"line":80,"column":8},"end":{"line":80,"column":62}},"59":{"start":{"line":80,"column":38},"end":{"line":80,"column":62}},"60":{"start":{"line":81,"column":8},"end":{"line":81,"column":80}},"61":{"start":{"line":81,"column":44},"end":{"line":81,"column":80}},"62":{"start":{"line":82,"column":8},"end":{"line":82,"column":116}},"63":{"start":{"line":82,"column":56},"end":{"line":82,"column":116}},"64":{"start":{"line":84,"column":8},"end":{"line":84,"column":46}},"65":{"start":{"line":86,"column":8},"end":{"line":86,"column":43}},"66":{"start":{"line":90,"column":21},"end":{"line":90,"column":65}},"67":{"start":{"line":91,"column":8},"end":{"line":91,"column":79}},"68":{"start":{"line":91,"column":19},"end":{"line":91,"column":79}},"69":{"start":{"line":92,"column":8},"end":{"line":92,"column":20}},"70":{"start":{"line":96,"column":8},"end":{"line":96,"column":51}},"71":{"start":{"line":100,"column":0},"end":{"line":100,"column":35}}},"fnMap":{"0":{"name":"(anonymous_0)","decl":{"start":{"line":6,"column":4},"end":{"line":6,"column":5}},"loc":{"start":{"line":6,"column":25},"end":{"line":10,"column":5}},"line":6},"1":{"name":"(anonymous_1)","decl":{"start":{"line":12,"column":4},"end":{"line":12,"column":5}},"loc":{"start":{"line":12,"column":34},"end":{"line":25,"column":5}},"line":12},"2":{"name":"(anonymous_2)","decl":{"start":{"line":27,"column":4},"end":{"line":27,"column":5}},"loc":{"start":{"line":27,"column":59},"end":{"line":44,"column":5}},"line":27},"3":{"name":"(anonymous_3)","decl":{"start":{"line":46,"column":4},"end":{"line":46,"column":5}},"loc":{"start":{"line":46,"column":32},"end":{"line":48,"column":5}},"line":46},"4":{"name":"(anonymous_4)","decl":{"start":{"line":51,"column":4},"end":{"line":51,"column":5}},"loc":{"start":{"line":51,"column":26},"end":{"line":55,"column":5}},"line":51},"5":{"name":"(anonymous_5)","decl":{"start":{"line":58,"column":4},"end":{"line":58,"column":5}},"loc":{"start":{"line":58,"column":27},"end":{"line":60,"column":5}},"line":58},"6":{"name":"(anonymous_6)","decl":{"start":{"line":62,"column":4},"end":{"line":62,"column":5}},"loc":{"start":{"line":62,"column":31},"end":{"line":87,"column":5}},"line":62},"7":{"name":"(anonymous_7)","decl":{"start":{"line":89,"column":4},"end":{"line":89,"column":5}},"loc":{"start":{"line":89,"column":37},"end":{"line":93,"column":5}},"line":89},"8":{"name":"(anonymous_8)","decl":{"start":{"line":95,"column":4},"end":{"line":95,"column":5}},"loc":{"start":{"line":95,"column":25},"end":{"line":97,"column":5}},"line":95}},"branchMap":{"0":{"loc":{"start":{"line":8,"column":8},"end":{"line":8,"column":81}},"type":"if","locations":[{"start":{"line":8,"column":8},"end":{"line":8,"column":81}},{"start":{},"end":{}}],"line":8},"1":{"loc":{"start":{"line":14,"column":8},"end":{"line":14,"column":81}},"type":"if","locations":[{"start":{"line":14,"column":8},"end":{"line":14,"column":81}},{"start":{},"end":{}}],"line":14},"2":{"loc":{"start":{"line":19,"column":8},"end":{"line":19,"column":49}},"type":"if","locations":[{"start":{"line":19,"column":8},"end":{"line":19,"column":49}},{"start":{},"end":{}}],"line":19},"3":{"loc":{"start":{"line":20,"column":8},"end":{"line":20,"column":61}},"type":"if","locations":[{"start":{"line":20,"column":8},"end":{"line":20,"column":61}},{"start":{},"end":{}}],"line":20},"4":{"loc":{"start":{"line":21,"column":8},"end":{"line":21,"column":52}},"type":"if","locations":[{"start":{"line":21,"column":8},"end":{"line":21,"column":52}},{"start":{},"end":{}}],"line":21},"5":{"loc":{"start":{"line":29,"column":8},"end":{"line":29,"column":81}},"type":"if","locations":[{"start":{"line":29,"column":8},"end":{"line":29,"column":81}},{"start":{},"end":{}}],"line":29},"6":{"loc":{"start":{"line":34,"column":8},"end":{"line":34,"column":69}},"type":"if","locations":[{"start":{"line":34,"column":8},"end":{"line":34,"column":69}},{"start":{},"end":{}}],"line":34},"7":{"loc":{"start":{"line":37,"column":8},"end":{"line":37,"column":81}},"type":"if","locations":[{"start":{"line":37,"column":8},"end":{"line":37,"column":81}},{"start":{},"end":{}}],"line":37},"8":{"loc":{"start":{"line":53,"column":8},"end":{"line":53,"column":81}},"type":"if","locations":[{"start":{"line":53,"column":8},"end":{"line":53,"column":81}},{"start":{},"end":{}}],"line":53},"9":{"loc":{"start":{"line":64,"column":8},"end":{"line":64,"column":81}},"type":"if","locations":[{"start":{"line":64,"column":8},"end":{"line":64,"column":81}},{"start":{},"end":{}}],"line":64},"10":{"loc":{"start":{"line":68,"column":8},"end":{"line":73,"column":9}},"type":"if","locations":[{"start":{"line":68,"column":8},"end":{"line":73,"column":9}},{"start":{},"end":{}}],"line":68},"11":{"loc":{"start":{"line":68,"column":12},"end":{"line":68,"column":41}},"type":"binary-expr","locations":[{"start":{"line":68,"column":12},"end":{"line":68,"column":17}},{"start":{"line":68,"column":21},"end":{"line":68,"column":41}}],"line":68},"12":{"loc":{"start":{"line":70,"column":12},"end":{"line":72,"column":13}},"type":"if","locations":[{"start":{"line":70,"column":12},"end":{"line":72,"column":13}},{"start":{},"end":{}}],"line":70},"13":{"loc":{"start":{"line":75,"column":8},"end":{"line":75,"column":49}},"type":"if","locations":[{"start":{"line":75,"column":8},"end":{"line":75,"column":49}},{"start":{},"end":{}}],"line":75},"14":{"loc":{"start":{"line":76,"column":8},"end":{"line":76,"column":61}},"type":"if","locations":[{"start":{"line":76,"column":8},"end":{"line":76,"column":61}},{"start":{},"end":{}}],"line":76},"15":{"loc":{"start":{"line":77,"column":8},"end":{"line":77,"column":52}},"type":"if","locations":[{"start":{"line":77,"column":8},"end":{"line":77,"column":52}},{"start":{},"end":{}}],"line":77},"16":{"loc":{"start":{"line":78,"column":8},"end":{"line":78,"column":49}},"type":"if","locations":[{"start":{"line":78,"column":8},"end":{"line":78,"column":49}},{"start":{},"end":{}}],"line":78},"17":{"loc":{"start":{"line":79,"column":8},"end":{"line":79,"column":67}},"type":"if","locations":[{"start":{"line":79,"column":8},"end":{"line":79,"column":67}},{"start":{},"end":{}}],"line":79},"18":{"loc":{"start":{"line":80,"column":8},"end":{"line":80,"column":62}},"type":"if","locations":[{"start":{"line":80,"column":8},"end":{"line":80,"column":62}},{"start":{},"end":{}}],"line":80},"19":{"loc":{"start":{"line":81,"column":8},"end":{"line":81,"column":80}},"type":"if","locations":[{"start":{"line":81,"column":8},"end":{"line":81,"column":80}},{"start":{},"end":{}}],"line":81},"20":{"loc":{"start":{"line":82,"column":8},"end":{"line":82,"column":116}},"type":"if","locations":[{"start":{"line":82,"column":8},"end":{"line":82,"column":116}},{"start":{},"end":{}}],"line":82},"21":{"loc":{"start":{"line":91,"column":8},"end":{"line":91,"column":79}},"type":"if","locations":[{"start":{"line":91,"column":8},"end":{"line":91,"column":79}},{"start":{},"end":{}}],"line":91}},"s":{"0":2,"1":2,"2":2,"3":0,"4":0,"5":0,"6":0,"7":0,"8":0,"9":0,"10":0,"11":0,"12":0,"13":0,"14":0,"15":0,"16":0,"17":0,"18":0,"19":0,"20":0,"21":0,"22":0,"23":0,"24":0,"25":0,"26":0,"27":0,"28":0,"29":0,"30":0,"31":0,"32":0,"33":0,"34":0,"35":0,"36":0,"37":0,"38":0,"39":0,"40":0,"41":0,"42":0,"43":0,"44":0,"45":0,"46":0,"47":0,"48":0,"49":0,"50":0,"51":0,"52":0,"53":0,"54":0,"55":0,"56":0,"57":0,"58":0,"59":0,"60":0,"61":0,"62":0,"63":0,"64":0,"65":0,"66":0,"67":0,"68":0,"69":0,"70":0,"71":2},"f":{"0":0,"1":0,"2":0,"3":0,"4":0,"5":0,"6":0,"7":0,"8":0},"b":{"0":[0,0],"1":[0,0],"2":[0,0],"3":[0,0],"4":[0,0],"5":[0,0],"6":[0,0],"7":[0,0],"8":[0,0],"9":[0,0],"10":[0,0],"11":[0,0],"12":[0,0],"13":[0,0],"14":[0,0],"15":[0,0],"16":[0,0],"17":[0,0],"18":[0,0],"19":[0,0],"20":[0,0],"21":[0,0]},"_coverageSchema":"1a1c01bbd47fc00a2c39e90264f33305004495a9","hash":"cbe517e21f3a1f20e93278dac684ffffc94b5a0f"}
,"C:\\Users\\Michał\\Desktop\\PracaInzynierska\\user-service\\src\\modules\\users\\validators\\user.validator.js": {"path":"C:\\Users\\Michał\\Desktop\\PracaInzynierska\\user-service\\src\\modules\\users\\validators\\user.validator.js","statementMap":{"0":{"start":{"line":1,"column":12},"end":{"line":1,"column":26}},"1":{"start":{"line":2,"column":15},"end":{"line":2,"column":32}},"2":{"start":{"line":4,"column":28},"end":{"line":8,"column":2}},"3":{"start":{"line":10,"column":29},"end":{"line":17,"column":2}},"4":{"start":{"line":21,"column":26},"end":{"line":21,"column":60}},"5":{"start":{"line":22,"column":8},"end":{"line":22,"column":61}},"6":{"start":{"line":22,"column":19},"end":{"line":22,"column":61}},"7":{"start":{"line":27,"column":26},"end":{"line":27,"column":61}},"8":{"start":{"line":28,"column":8},"end":{"line":28,"column":61}},"9":{"start":{"line":28,"column":19},"end":{"line":28,"column":61}},"10":{"start":{"line":33,"column":8},"end":{"line":33,"column":49}},"11":{"start":{"line":37,"column":0},"end":{"line":37,"column":37}}},"fnMap":{"0":{"name":"(anonymous_0)","decl":{"start":{"line":20,"column":4},"end":{"line":20,"column":5}},"loc":{"start":{"line":20,"column":32},"end":{"line":23,"column":5}},"line":20},"1":{"name":"(anonymous_1)","decl":{"start":{"line":26,"column":4},"end":{"line":26,"column":5}},"loc":{"start":{"line":26,"column":33},"end":{"line":29,"column":5}},"line":26},"2":{"name":"(anonymous_2)","decl":{"start":{"line":32,"column":4},"end":{"line":32,"column":5}},"loc":{"start":{"line":32,"column":46},"end":{"line":34,"column":5}},"line":32}},"branchMap":{"0":{"loc":{"start":{"line":22,"column":8},"end":{"line":22,"column":61}},"type":"if","locations":[{"start":{"line":22,"column":8},"end":{"line":22,"column":61}},{"start":{},"end":{}}],"line":22},"1":{"loc":{"start":{"line":28,"column":8},"end":{"line":28,"column":61}},"type":"if","locations":[{"start":{"line":28,"column":8},"end":{"line":28,"column":61}},{"start":{},"end":{}}],"line":28}},"s":{"0":2,"1":2,"2":2,"3":2,"4":0,"5":0,"6":0,"7":0,"8":0,"9":0,"10":0,"11":2},"f":{"0":0,"1":0,"2":0},"b":{"0":[0,0],"1":[0,0]},"_coverageSchema":"1a1c01bbd47fc00a2c39e90264f33305004495a9","hash":"b5ed42d0f5c373fd0c9bbbb744794cc0f21a50e7"}
,"C:\\Users\\Michał\\Desktop\\PracaInzynierska\\user-service\\src\\modules\\zdjecie\\zdjecie.model.js": {"path":"C:\\Users\\Michał\\Desktop\\PracaInzynierska\\user-service\\src\\modules\\zdjecie\\zdjecie.model.js","statementMap":{"0":{"start":{"line":1,"column":29},"end":{"line":1,"column":49}},"1":{"start":{"line":2,"column":22},"end":{"line":2,"column":48}},"2":{"start":{"line":6,"column":0},"end":{"line":25,"column":3}},"3":{"start":{"line":27,"column":0},"end":{"line":27,"column":25}}},"fnMap":{},"branchMap":{},"s":{"0":2,"1":2,"2":2,"3":2},"f":{},"b":{},"_coverageSchema":"1a1c01bbd47fc00a2c39e90264f33305004495a9","hash":"6105e5159cab46e2d4841e87e8e0a5cd0ae7ef2d"}
}
