{"C:\\Users\\Michał\\Desktop\\PracaInzynierska\\auth-service\\src\\auth\\auth.controller.js": {"path":"C:\\Users\\Michał\\Desktop\\PracaInzynierska\\auth-service\\src\\auth\\auth.controller.js","statementMap":{"0":{"start":{"line":1,"column":20},"end":{"line":1,"column":45}},"1":{"start":{"line":3,"column":23},"end":{"line":71,"column":1}},"2":{"start":{"line":5,"column":8},"end":{"line":10,"column":9}},"3":{"start":{"line":6,"column":27},"end":{"line":6,"column":63}},"4":{"start":{"line":7,"column":12},"end":{"line":7,"column":41}},"5":{"start":{"line":9,"column":12},"end":{"line":9,"column":57}},"6":{"start":{"line":14,"column":8},"end":{"line":19,"column":9}},"7":{"start":{"line":15,"column":27},"end":{"line":15,"column":60}},"8":{"start":{"line":16,"column":12},"end":{"line":16,"column":41}},"9":{"start":{"line":18,"column":12},"end":{"line":18,"column":57}},"10":{"start":{"line":23,"column":8},"end":{"line":30,"column":9}},"11":{"start":{"line":24,"column":30},"end":{"line":24,"column":38}},"12":{"start":{"line":25,"column":25},"end":{"line":25,"column":55}},"13":{"start":{"line":26,"column":12},"end":{"line":26,"column":85}},"14":{"start":{"line":26,"column":23},"end":{"line":26,"column":85}},"15":{"start":{"line":27,"column":12},"end":{"line":27,"column":27}},"16":{"start":{"line":29,"column":12},"end":{"line":29,"column":57}},"17":{"start":{"line":33,"column":8},"end":{"line":43,"column":9}},"18":{"start":{"line":34,"column":12},"end":{"line":37,"column":15}},"19":{"start":{"line":39,"column":12},"end":{"line":42,"column":15}},"20":{"start":{"line":47,"column":8},"end":{"line":58,"column":9}},"21":{"start":{"line":48,"column":30},"end":{"line":48,"column":38}},"22":{"start":{"line":49,"column":12},"end":{"line":51,"column":13}},"23":{"start":{"line":50,"column":16},"end":{"line":50,"column":78}},"24":{"start":{"line":53,"column":27},"end":{"line":53,"column":72}},"25":{"start":{"line":54,"column":12},"end":{"line":54,"column":41}},"26":{"start":{"line":56,"column":12},"end":{"line":56,"column":71}},"27":{"start":{"line":57,"column":12},"end":{"line":57,"column":57}},"28":{"start":{"line":62,"column":8},"end":{"line":69,"column":9}},"29":{"start":{"line":63,"column":43},"end":{"line":63,"column":51}},"30":{"start":{"line":64,"column":27},"end":{"line":64,"column":78}},"31":{"start":{"line":65,"column":12},"end":{"line":65,"column":41}},"32":{"start":{"line":67,"column":12},"end":{"line":67,"column":63}},"33":{"start":{"line":68,"column":12},"end":{"line":68,"column":57}},"34":{"start":{"line":73,"column":0},"end":{"line":73,"column":32}}},"fnMap":{"0":{"name":"(anonymous_0)","decl":{"start":{"line":4,"column":4},"end":{"line":4,"column":5}},"loc":{"start":{"line":4,"column":29},"end":{"line":11,"column":5}},"line":4},"1":{"name":"(anonymous_1)","decl":{"start":{"line":13,"column":4},"end":{"line":13,"column":5}},"loc":{"start":{"line":13,"column":26},"end":{"line":20,"column":5}},"line":13},"2":{"name":"(anonymous_2)","decl":{"start":{"line":22,"column":4},"end":{"line":22,"column":5}},"loc":{"start":{"line":22,"column":27},"end":{"line":31,"column":5}},"line":22},"3":{"name":"(anonymous_3)","decl":{"start":{"line":32,"column":4},"end":{"line":32,"column":5}},"loc":{"start":{"line":32,"column":25},"end":{"line":44,"column":5}},"line":32},"4":{"name":"(anonymous_4)","decl":{"start":{"line":46,"column":4},"end":{"line":46,"column":5}},"loc":{"start":{"line":46,"column":41},"end":{"line":59,"column":5}},"line":46},"5":{"name":"(anonymous_5)","decl":{"start":{"line":61,"column":4},"end":{"line":61,"column":5}},"loc":{"start":{"line":61,"column":34},"end":{"line":70,"column":5}},"line":61}},"branchMap":{"0":{"loc":{"start":{"line":26,"column":12},"end":{"line":26,"column":85}},"type":"if","locations":[{"start":{"line":26,"column":12},"end":{"line":26,"column":85}},{"start":{},"end":{}}],"line":26},"1":{"loc":{"start":{"line":49,"column":12},"end":{"line":51,"column":13}},"type":"if","locations":[{"start":{"line":49,"column":12},"end":{"line":51,"column":13}},{"start":{},"end":{}}],"line":49}},"s":{"0":1,"1":1,"2":3,"3":3,"4":1,"5":2,"6":4,"7":4,"8":1,"9":3,"10":3,"11":3,"12":3,"13":2,"14":1,"15":1,"16":1,"17":1,"18":1,"19":0,"20":3,"21":3,"22":3,"23":1,"24":2,"25":1,"26":1,"27":1,"28":3,"29":3,"30":3,"31":1,"32":2,"33":2,"34":1},"f":{"0":3,"1":4,"2":3,"3":1,"4":3,"5":3},"b":{"0":[1,1],"1":[1,2]},"_coverageSchema":"1a1c01bbd47fc00a2c39e90264f33305004495a9","hash":"48c68a98e6bf0c257884c01a4cfd09b17d59fbd1"}
,"C:\\Users\\Michał\\Desktop\\PracaInzynierska\\auth-service\\src\\auth\\auth.repository.js": {"path":"C:\\Users\\Michał\\Desktop\\PracaInzynierska\\auth-service\\src\\auth\\auth.repository.js","statementMap":{"0":{"start":{"line":1,"column":14},"end":{"line":1,"column":30}},"1":{"start":{"line":3,"column":25},"end":{"line":3,"column":80}},"2":{"start":{"line":5,"column":23},"end":{"line":49,"column":1}},"3":{"start":{"line":7,"column":20},"end":{"line":7,"column":78}},"4":{"start":{"line":8,"column":8},"end":{"line":8,"column":24}},"5":{"start":{"line":12,"column":24},"end":{"line":12,"column":74}},"6":{"start":{"line":14,"column":28},"end":{"line":17,"column":9}},"7":{"start":{"line":19,"column":8},"end":{"line":19,"column":73}},"8":{"start":{"line":21,"column":8},"end":{"line":21,"column":28}},"9":{"start":{"line":25,"column":20},"end":{"line":28,"column":10}},"10":{"start":{"line":29,"column":8},"end":{"line":29,"column":24}},"11":{"start":{"line":33,"column":8},"end":{"line":38,"column":9}},"12":{"start":{"line":34,"column":24},"end":{"line":34,"column":88}},"13":{"start":{"line":35,"column":12},"end":{"line":35,"column":28}},"14":{"start":{"line":37,"column":12},"end":{"line":37,"column":24}},"15":{"start":{"line":42,"column":20},"end":{"line":46,"column":10}},"16":{"start":{"line":47,"column":8},"end":{"line":47,"column":24}},"17":{"start":{"line":51,"column":0},"end":{"line":51,"column":32}}},"fnMap":{"0":{"name":"(anonymous_0)","decl":{"start":{"line":6,"column":4},"end":{"line":6,"column":5}},"loc":{"start":{"line":6,"column":29},"end":{"line":9,"column":5}},"line":6},"1":{"name":"(anonymous_1)","decl":{"start":{"line":11,"column":4},"end":{"line":11,"column":5}},"loc":{"start":{"line":11,"column":27},"end":{"line":22,"column":5}},"line":11},"2":{"name":"(anonymous_2)","decl":{"start":{"line":24,"column":4},"end":{"line":24,"column":5}},"loc":{"start":{"line":24,"column":59},"end":{"line":30,"column":5}},"line":24},"3":{"name":"(anonymous_3)","decl":{"start":{"line":32,"column":4},"end":{"line":32,"column":5}},"loc":{"start":{"line":32,"column":34},"end":{"line":39,"column":5}},"line":32},"4":{"name":"(anonymous_4)","decl":{"start":{"line":41,"column":4},"end":{"line":41,"column":5}},"loc":{"start":{"line":41,"column":49},"end":{"line":48,"column":5}},"line":41}},"branchMap":{"0":{"loc":{"start":{"line":3,"column":25},"end":{"line":3,"column":80}},"type":"binary-expr","locations":[{"start":{"line":3,"column":25},"end":{"line":3,"column":53}},{"start":{"line":3,"column":57},"end":{"line":3,"column":80}}],"line":3}},"s":{"0":1,"1":1,"2":1,"3":0,"4":0,"5":0,"6":0,"7":0,"8":0,"9":0,"10":0,"11":0,"12":0,"13":0,"14":0,"15":0,"16":0,"17":1},"f":{"0":0,"1":0,"2":0,"3":0,"4":0},"b":{"0":[1,1]},"_coverageSchema":"1a1c01bbd47fc00a2c39e90264f33305004495a9","hash":"6e696cfeb39f6ad3437e038c286d483df736df15"}
,"C:\\Users\\Michał\\Desktop\\PracaInzynierska\\auth-service\\src\\auth\\auth.routes.js": {"path":"C:\\Users\\Michał\\Desktop\\PracaInzynierska\\auth-service\\src\\auth\\auth.routes.js","statementMap":{"0":{"start":{"line":1,"column":16},"end":{"line":1,"column":34}},"1":{"start":{"line":2,"column":15},"end":{"line":2,"column":31}},"2":{"start":{"line":3,"column":23},"end":{"line":3,"column":51}},"3":{"start":{"line":5,"column":0},"end":{"line":5,"column":50}},"4":{"start":{"line":6,"column":0},"end":{"line":6,"column":44}},"5":{"start":{"line":7,"column":0},"end":{"line":7,"column":46}},"6":{"start":{"line":8,"column":0},"end":{"line":8,"column":76}},"7":{"start":{"line":9,"column":0},"end":{"line":9,"column":61}},"8":{"start":{"line":10,"column":0},"end":{"line":10,"column":41}},"9":{"start":{"line":12,"column":0},"end":{"line":12,"column":24}}},"fnMap":{},"branchMap":{},"s":{"0":1,"1":1,"2":1,"3":1,"4":1,"5":1,"6":1,"7":1,"8":1,"9":1},"f":{},"b":{},"_coverageSchema":"1a1c01bbd47fc00a2c39e90264f33305004495a9","hash":"2f8ee03b5e2eea4a77ff28defc5e293a4ea7f4a6"}
,"C:\\Users\\Michał\\Desktop\\PracaInzynierska\\auth-service\\src\\auth\\auth.service.js": {"path":"C:\\Users\\Michał\\Desktop\\PracaInzynierska\\auth-service\\src\\auth\\auth.service.js","statementMap":{"0":{"start":{"line":1,"column":15},"end":{"line":1,"column":32}},"1":{"start":{"line":2,"column":12},"end":{"line":2,"column":35}},"2":{"start":{"line":3,"column":15},"end":{"line":3,"column":32}},"3":{"start":{"line":4,"column":23},"end":{"line":4,"column":51}},"4":{"start":{"line":5,"column":14},"end":{"line":5,"column":30}},"5":{"start":{"line":6,"column":21},"end":{"line":6,"column":57}},"6":{"start":{"line":8,"column":19},"end":{"line":8,"column":53}},"7":{"start":{"line":9,"column":18},"end":{"line":9,"column":22}},"8":{"start":{"line":10,"column":25},"end":{"line":10,"column":80}},"9":{"start":{"line":15,"column":25},"end":{"line":15,"column":82}},"10":{"start":{"line":15,"column":77},"end":{"line":15,"column":81}},"11":{"start":{"line":16,"column":8},"end":{"line":16,"column":54}},"12":{"start":{"line":16,"column":22},"end":{"line":16,"column":54}},"13":{"start":{"line":18,"column":21},"end":{"line":24,"column":10}},"14":{"start":{"line":26,"column":8},"end":{"line":38,"column":9}},"15":{"start":{"line":27,"column":35},"end":{"line":27,"column":92}},"16":{"start":{"line":28,"column":34},"end":{"line":28,"column":87}},"17":{"start":{"line":28,"column":64},"end":{"line":28,"column":86}},"18":{"start":{"line":30,"column":12},"end":{"line":35,"column":13}},"19":{"start":{"line":31,"column":16},"end":{"line":34,"column":19}},"20":{"start":{"line":37,"column":12},"end":{"line":37,"column":97}},"21":{"start":{"line":40,"column":8},"end":{"line":40,"column":62}},"22":{"start":{"line":44,"column":8},"end":{"line":44,"column":51}},"23":{"start":{"line":46,"column":21},"end":{"line":46,"column":60}},"24":{"start":{"line":47,"column":8},"end":{"line":50,"column":9}},"25":{"start":{"line":48,"column":12},"end":{"line":48,"column":53}},"26":{"start":{"line":49,"column":12},"end":{"line":49,"column":56}},"27":{"start":{"line":52,"column":8},"end":{"line":52,"column":68}},"28":{"start":{"line":53,"column":8},"end":{"line":53,"column":59}},"29":{"start":{"line":55,"column":8},"end":{"line":58,"column":9}},"30":{"start":{"line":56,"column":12},"end":{"line":56,"column":68}},"31":{"start":{"line":57,"column":12},"end":{"line":57,"column":62}},"32":{"start":{"line":60,"column":8},"end":{"line":62,"column":9}},"33":{"start":{"line":61,"column":12},"end":{"line":61,"column":51}},"34":{"start":{"line":64,"column":19},"end":{"line":64,"column":58}},"35":{"start":{"line":65,"column":8},"end":{"line":65,"column":51}},"36":{"start":{"line":67,"column":8},"end":{"line":67,"column":55}},"37":{"start":{"line":67,"column":17},"end":{"line":67,"column":55}},"38":{"start":{"line":69,"column":22},"end":{"line":73,"column":48}},"39":{"start":{"line":75,"column":8},"end":{"line":84,"column":10}},"40":{"start":{"line":88,"column":8},"end":{"line":92,"column":9}},"41":{"start":{"line":89,"column":12},"end":{"line":89,"column":49}},"42":{"start":{"line":91,"column":12},"end":{"line":91,"column":24}},"43":{"start":{"line":96,"column":21},"end":{"line":96,"column":60}},"44":{"start":{"line":97,"column":8},"end":{"line":99,"column":9}},"45":{"start":{"line":98,"column":12},"end":{"line":98,"column":78}},"46":{"start":{"line":101,"column":27},"end":{"line":101,"column":65}},"47":{"start":{"line":102,"column":33},"end":{"line":102,"column":63}},"48":{"start":{"line":104,"column":8},"end":{"line":104,"column":97}},"49":{"start":{"line":106,"column":8},"end":{"line":118,"column":9}},"50":{"start":{"line":107,"column":12},"end":{"line":107,"column":73}},"51":{"start":{"line":108,"column":12},"end":{"line":110,"column":14}},"52":{"start":{"line":112,"column":12},"end":{"line":112,"column":72}},"53":{"start":{"line":113,"column":12},"end":{"line":113,"column":56}},"54":{"start":{"line":114,"column":12},"end":{"line":117,"column":14}},"55":{"start":{"line":122,"column":8},"end":{"line":124,"column":9}},"56":{"start":{"line":123,"column":12},"end":{"line":123,"column":62}},"57":{"start":{"line":126,"column":8},"end":{"line":128,"column":9}},"58":{"start":{"line":127,"column":12},"end":{"line":127,"column":64}},"59":{"start":{"line":130,"column":21},"end":{"line":130,"column":65}},"60":{"start":{"line":131,"column":8},"end":{"line":133,"column":9}},"61":{"start":{"line":132,"column":12},"end":{"line":132,"column":75}},"62":{"start":{"line":135,"column":8},"end":{"line":137,"column":9}},"63":{"start":{"line":136,"column":12},"end":{"line":136,"column":62}},"64":{"start":{"line":139,"column":31},"end":{"line":139,"column":65}},"65":{"start":{"line":140,"column":8},"end":{"line":140,"column":81}},"66":{"start":{"line":142,"column":8},"end":{"line":142,"column":66}},"67":{"start":{"line":146,"column":0},"end":{"line":146,"column":35}}},"fnMap":{"0":{"name":"(anonymous_0)","decl":{"start":{"line":14,"column":4},"end":{"line":14,"column":5}},"loc":{"start":{"line":14,"column":63},"end":{"line":41,"column":5}},"line":14},"1":{"name":"(anonymous_1)","decl":{"start":{"line":15,"column":71},"end":{"line":15,"column":72}},"loc":{"start":{"line":15,"column":77},"end":{"line":15,"column":81}},"line":15},"2":{"name":"(anonymous_2)","decl":{"start":{"line":28,"column":59},"end":{"line":28,"column":60}},"loc":{"start":{"line":28,"column":64},"end":{"line":28,"column":86}},"line":28},"3":{"name":"(anonymous_3)","decl":{"start":{"line":43,"column":4},"end":{"line":43,"column":5}},"loc":{"start":{"line":43,"column":34},"end":{"line":85,"column":5}},"line":43},"4":{"name":"(anonymous_4)","decl":{"start":{"line":87,"column":4},"end":{"line":87,"column":5}},"loc":{"start":{"line":87,"column":23},"end":{"line":93,"column":5}},"line":87},"5":{"name":"(anonymous_5)","decl":{"start":{"line":95,"column":4},"end":{"line":95,"column":5}},"loc":{"start":{"line":95,"column":38},"end":{"line":119,"column":5}},"line":95},"6":{"name":"(anonymous_6)","decl":{"start":{"line":121,"column":4},"end":{"line":121,"column":5}},"loc":{"start":{"line":121,"column":44},"end":{"line":143,"column":5}},"line":121}},"branchMap":{"0":{"loc":{"start":{"line":8,"column":19},"end":{"line":8,"column":53}},"type":"binary-expr","locations":[{"start":{"line":8,"column":19},"end":{"line":8,"column":41}},{"start":{"line":8,"column":45},"end":{"line":8,"column":53}}],"line":8},"1":{"loc":{"start":{"line":10,"column":25},"end":{"line":10,"column":80}},"type":"binary-expr","locations":[{"start":{"line":10,"column":25},"end":{"line":10,"column":53}},{"start":{"line":10,"column":57},"end":{"line":10,"column":80}}],"line":10},"2":{"loc":{"start":{"line":16,"column":8},"end":{"line":16,"column":54}},"type":"if","locations":[{"start":{"line":16,"column":8},"end":{"line":16,"column":54}},{"start":{},"end":{}}],"line":16},"3":{"loc":{"start":{"line":30,"column":12},"end":{"line":35,"column":13}},"type":"if","locations":[{"start":{"line":30,"column":12},"end":{"line":35,"column":13}},{"start":{},"end":{}}],"line":30},"4":{"loc":{"start":{"line":47,"column":8},"end":{"line":50,"column":9}},"type":"if","locations":[{"start":{"line":47,"column":8},"end":{"line":50,"column":9}},{"start":{},"end":{}}],"line":47},"5":{"loc":{"start":{"line":55,"column":8},"end":{"line":58,"column":9}},"type":"if","locations":[{"start":{"line":55,"column":8},"end":{"line":58,"column":9}},{"start":{},"end":{}}],"line":55},"6":{"loc":{"start":{"line":60,"column":8},"end":{"line":62,"column":9}},"type":"if","locations":[{"start":{"line":60,"column":8},"end":{"line":62,"column":9}},{"start":{},"end":{}}],"line":60},"7":{"loc":{"start":{"line":67,"column":8},"end":{"line":67,"column":55}},"type":"if","locations":[{"start":{"line":67,"column":8},"end":{"line":67,"column":55}},{"start":{},"end":{}}],"line":67},"8":{"loc":{"start":{"line":97,"column":8},"end":{"line":99,"column":9}},"type":"if","locations":[{"start":{"line":97,"column":8},"end":{"line":99,"column":9}},{"start":{},"end":{}}],"line":97},"9":{"loc":{"start":{"line":122,"column":8},"end":{"line":124,"column":9}},"type":"if","locations":[{"start":{"line":122,"column":8},"end":{"line":124,"column":9}},{"start":{},"end":{}}],"line":122},"10":{"loc":{"start":{"line":122,"column":12},"end":{"line":122,"column":34}},"type":"binary-expr","locations":[{"start":{"line":122,"column":12},"end":{"line":122,"column":18}},{"start":{"line":122,"column":22},"end":{"line":122,"column":34}}],"line":122},"11":{"loc":{"start":{"line":126,"column":8},"end":{"line":128,"column":9}},"type":"if","locations":[{"start":{"line":126,"column":8},"end":{"line":128,"column":9}},{"start":{},"end":{}}],"line":126},"12":{"loc":{"start":{"line":131,"column":8},"end":{"line":133,"column":9}},"type":"if","locations":[{"start":{"line":131,"column":8},"end":{"line":133,"column":9}},{"start":{},"end":{}}],"line":131},"13":{"loc":{"start":{"line":135,"column":8},"end":{"line":137,"column":9}},"type":"if","locations":[{"start":{"line":135,"column":8},"end":{"line":137,"column":9}},{"start":{},"end":{}}],"line":135}},"s":{"0":1,"1":1,"2":1,"3":1,"4":1,"5":1,"6":1,"7":1,"8":1,"9":0,"10":0,"11":0,"12":0,"13":0,"14":0,"15":0,"16":0,"17":0,"18":0,"19":0,"20":0,"21":0,"22":0,"23":0,"24":0,"25":0,"26":0,"27":0,"28":0,"29":0,"30":0,"31":0,"32":0,"33":0,"34":0,"35":0,"36":0,"37":0,"38":0,"39":0,"40":0,"41":0,"42":0,"43":0,"44":0,"45":0,"46":0,"47":0,"48":0,"49":0,"50":0,"51":0,"52":0,"53":0,"54":0,"55":0,"56":0,"57":0,"58":0,"59":0,"60":0,"61":0,"62":0,"63":0,"64":0,"65":0,"66":0,"67":1},"f":{"0":0,"1":0,"2":0,"3":0,"4":0,"5":0,"6":0},"b":{"0":[1,1],"1":[1,1],"2":[0,0],"3":[0,0],"4":[0,0],"5":[0,0],"6":[0,0],"7":[0,0],"8":[0,0],"9":[0,0],"10":[0,0],"11":[0,0],"12":[0,0],"13":[0,0]},"_coverageSchema":"1a1c01bbd47fc00a2c39e90264f33305004495a9","hash":"b1789fc00d6fdbb88ce14afd66fcc36b06c731c2"}
,"C:\\Users\\Michał\\Desktop\\PracaInzynierska\\auth-service\\src\\services\\email.service.js": {"path":"C:\\Users\\Michał\\Desktop\\PracaInzynierska\\auth-service\\src\\services\\email.service.js","statementMap":{"0":{"start":{"line":1,"column":19},"end":{"line":1,"column":40}},"1":{"start":{"line":2,"column":19},"end":{"line":2,"column":36}},"2":{"start":{"line":6,"column":8},"end":{"line":33,"column":9}},"3":{"start":{"line":7,"column":12},"end":{"line":7,"column":61}},"4":{"start":{"line":8,"column":12},"end":{"line":8,"column":65}},"5":{"start":{"line":9,"column":12},"end":{"line":9,"column":34}},"6":{"start":{"line":11,"column":12},"end":{"line":14,"column":13}},"7":{"start":{"line":12,"column":16},"end":{"line":12,"column":95}},"8":{"start":{"line":13,"column":16},"end":{"line":13,"column":69}},"9":{"start":{"line":16,"column":12},"end":{"line":21,"column":15}},"10":{"start":{"line":23,"column":12},"end":{"line":31,"column":15}},"11":{"start":{"line":32,"column":12},"end":{"line":32,"column":35}},"12":{"start":{"line":37,"column":26},"end":{"line":37,"column":90}},"13":{"start":{"line":39,"column":8},"end":{"line":105,"column":9}},"14":{"start":{"line":40,"column":12},"end":{"line":67,"column":13}},"15":{"start":{"line":41,"column":16},"end":{"line":61,"column":19}},"16":{"start":{"line":62,"column":16},"end":{"line":62,"column":85}},"17":{"start":{"line":63,"column":16},"end":{"line":63,"column":28}},"18":{"start":{"line":65,"column":16},"end":{"line":65,"column":76}},"19":{"start":{"line":66,"column":16},"end":{"line":66,"column":81}},"20":{"start":{"line":69,"column":32},"end":{"line":89,"column":13}},"21":{"start":{"line":91,"column":12},"end":{"line":104,"column":13}},"22":{"start":{"line":92,"column":16},"end":{"line":92,"column":61}},"23":{"start":{"line":93,"column":16},"end":{"line":93,"column":76}},"24":{"start":{"line":94,"column":16},"end":{"line":94,"column":28}},"25":{"start":{"line":96,"column":16},"end":{"line":96,"column":63}},"26":{"start":{"line":97,"column":16},"end":{"line":102,"column":19}},"27":{"start":{"line":103,"column":16},"end":{"line":103,"column":81}},"28":{"start":{"line":109,"column":0},"end":{"line":109,"column":36}}},"fnMap":{"0":{"name":"(anonymous_0)","decl":{"start":{"line":5,"column":4},"end":{"line":5,"column":5}},"loc":{"start":{"line":5,"column":18},"end":{"line":34,"column":5}},"line":5},"1":{"name":"(anonymous_1)","decl":{"start":{"line":36,"column":4},"end":{"line":36,"column":5}},"loc":{"start":{"line":36,"column":52},"end":{"line":106,"column":5}},"line":36}},"branchMap":{"0":{"loc":{"start":{"line":6,"column":8},"end":{"line":33,"column":9}},"type":"if","locations":[{"start":{"line":6,"column":8},"end":{"line":33,"column":9}},{"start":{"line":10,"column":15},"end":{"line":33,"column":9}}],"line":6},"1":{"loc":{"start":{"line":11,"column":12},"end":{"line":14,"column":13}},"type":"if","locations":[{"start":{"line":11,"column":12},"end":{"line":14,"column":13}},{"start":{},"end":{}}],"line":11},"2":{"loc":{"start":{"line":11,"column":16},"end":{"line":11,"column":70}},"type":"binary-expr","locations":[{"start":{"line":11,"column":16},"end":{"line":11,"column":39}},{"start":{"line":11,"column":43},"end":{"line":11,"column":70}}],"line":11},"3":{"loc":{"start":{"line":17,"column":22},"end":{"line":17,"column":64}},"type":"binary-expr","locations":[{"start":{"line":17,"column":22},"end":{"line":17,"column":44}},{"start":{"line":17,"column":48},"end":{"line":17,"column":64}}],"line":17},"4":{"loc":{"start":{"line":18,"column":22},"end":{"line":18,"column":51}},"type":"binary-expr","locations":[{"start":{"line":18,"column":22},"end":{"line":18,"column":44}},{"start":{"line":18,"column":48},"end":{"line":18,"column":51}}],"line":18},"5":{"loc":{"start":{"line":19,"column":22},"end":{"line":19,"column":97}},"type":"cond-expr","locations":[{"start":{"line":19,"column":47},"end":{"line":19,"column":88}},{"start":{"line":19,"column":91},"end":{"line":19,"column":97}}],"line":19},"6":{"loc":{"start":{"line":24,"column":22},"end":{"line":24,"column":64}},"type":"binary-expr","locations":[{"start":{"line":24,"column":22},"end":{"line":24,"column":44}},{"start":{"line":24,"column":48},"end":{"line":24,"column":64}}],"line":24},"7":{"loc":{"start":{"line":25,"column":22},"end":{"line":25,"column":51}},"type":"binary-expr","locations":[{"start":{"line":25,"column":22},"end":{"line":25,"column":44}},{"start":{"line":25,"column":48},"end":{"line":25,"column":51}}],"line":25},"8":{"loc":{"start":{"line":39,"column":8},"end":{"line":105,"column":9}},"type":"if","locations":[{"start":{"line":39,"column":8},"end":{"line":105,"column":9}},{"start":{"line":68,"column":15},"end":{"line":105,"column":9}}],"line":39}},"s":{"0":1,"1":1,"2":1,"3":0,"4":0,"5":0,"6":1,"7":1,"8":1,"9":1,"10":1,"11":1,"12":0,"13":0,"14":0,"15":0,"16":0,"17":0,"18":0,"19":0,"20":0,"21":0,"22":0,"23":0,"24":0,"25":0,"26":0,"27":0,"28":1},"f":{"0":1,"1":0},"b":{"0":[0,1],"1":[1,0],"2":[1,0],"3":[1,1],"4":[1,1],"5":[0,1],"6":[1,1],"7":[1,1],"8":[0,0]},"_coverageSchema":"1a1c01bbd47fc00a2c39e90264f33305004495a9","hash":"13b972d500701c83bea2a459d410c5d08ce7b472"}
}
