{"C:\\Users\\Michał\\Desktop\\PracaInzynierska\\course-service\\src\\config\\db.js": {"path":"C:\\Users\\Michał\\Desktop\\PracaInzynierska\\course-service\\src\\config\\db.js","statementMap":{"0":{"start":{"line":1,"column":0},"end":{"line":1,"column":27}},"1":{"start":{"line":2,"column":22},"end":{"line":2,"column":42}},"2":{"start":{"line":4,"column":18},"end":{"line":13,"column":2}},"3":{"start":{"line":15,"column":0},"end":{"line":15,"column":31}}},"fnMap":{},"branchMap":{},"s":{"0":7,"1":7,"2":7,"3":7},"f":{},"b":{},"_coverageSchema":"1a1c01bbd47fc00a2c39e90264f33305004495a9","hash":"d7f36c9cb98671ec00c5c7c78a6071b8ed52138d"}
,"C:\\Users\\Michał\\Desktop\\PracaInzynierska\\course-service\\src\\modules\\course\\course.controller.js": {"path":"C:\\Users\\Michał\\Desktop\\PracaInzynierska\\course-service\\src\\modules\\course\\course.controller.js","statementMap":{"0":{"start":{"line":1,"column":22},"end":{"line":1,"column":49}},"1":{"start":{"line":3,"column":25},"end":{"line":93,"column":1}},"2":{"start":{"line":5,"column":8},"end":{"line":10,"column":9}},"3":{"start":{"line":6,"column":28},"end":{"line":6,"column":56}},"4":{"start":{"line":7,"column":12},"end":{"line":7,"column":30}},"5":{"start":{"line":9,"column":12},"end":{"line":9,"column":57}},"6":{"start":{"line":14,"column":8},"end":{"line":19,"column":9}},"7":{"start":{"line":15,"column":27},"end":{"line":15,"column":68}},"8":{"start":{"line":16,"column":12},"end":{"line":16,"column":29}},"9":{"start":{"line":18,"column":12},"end":{"line":18,"column":57}},"10":{"start":{"line":23,"column":8},"end":{"line":28,"column":9}},"11":{"start":{"line":24,"column":30},"end":{"line":24,"column":66}},"12":{"start":{"line":25,"column":12},"end":{"line":25,"column":44}},"13":{"start":{"line":27,"column":12},"end":{"line":27,"column":57}},"14":{"start":{"line":32,"column":8},"end":{"line":37,"column":9}},"15":{"start":{"line":33,"column":28},"end":{"line":33,"column":79}},"16":{"start":{"line":34,"column":12},"end":{"line":34,"column":30}},"17":{"start":{"line":36,"column":12},"end":{"line":36,"column":57}},"18":{"start":{"line":41,"column":8},"end":{"line":46,"column":9}},"19":{"start":{"line":42,"column":12},"end":{"line":42,"column":54}},"20":{"start":{"line":43,"column":12},"end":{"line":43,"column":51}},"21":{"start":{"line":45,"column":12},"end":{"line":45,"column":57}},"22":{"start":{"line":50,"column":8},"end":{"line":55,"column":9}},"23":{"start":{"line":51,"column":27},"end":{"line":51,"column":82}},"24":{"start":{"line":52,"column":12},"end":{"line":52,"column":29}},"25":{"start":{"line":54,"column":12},"end":{"line":54,"column":57}},"26":{"start":{"line":59,"column":8},"end":{"line":91,"column":9}},"27":{"start":{"line":60,"column":12},"end":{"line":60,"column":57}},"28":{"start":{"line":61,"column":30},"end":{"line":61,"column":41}},"29":{"start":{"line":63,"column":12},"end":{"line":67,"column":13}},"30":{"start":{"line":64,"column":16},"end":{"line":66,"column":19}},"31":{"start":{"line":69,"column":34},"end":{"line":69,"column":49}},"32":{"start":{"line":70,"column":12},"end":{"line":70,"column":133}},"33":{"start":{"line":72,"column":28},"end":{"line":72,"column":93}},"34":{"start":{"line":74,"column":37},"end":{"line":85,"column":14}},"35":{"start":{"line":75,"column":30},"end":{"line":79,"column":17}},"36":{"start":{"line":77,"column":70},"end":{"line":77,"column":96}},"37":{"start":{"line":78,"column":71},"end":{"line":78,"column":99}},"38":{"start":{"line":81,"column":16},"end":{"line":84,"column":18}},"39":{"start":{"line":87,"column":12},"end":{"line":87,"column":39}},"40":{"start":{"line":89,"column":12},"end":{"line":89,"column":85}},"41":{"start":{"line":90,"column":12},"end":{"line":90,"column":57}},"42":{"start":{"line":95,"column":0},"end":{"line":95,"column":34}}},"fnMap":{"0":{"name":"(anonymous_0)","decl":{"start":{"line":4,"column":4},"end":{"line":4,"column":5}},"loc":{"start":{"line":4,"column":27},"end":{"line":11,"column":5}},"line":4},"1":{"name":"(anonymous_1)","decl":{"start":{"line":13,"column":4},"end":{"line":13,"column":5}},"loc":{"start":{"line":13,"column":27},"end":{"line":20,"column":5}},"line":13},"2":{"name":"(anonymous_2)","decl":{"start":{"line":22,"column":4},"end":{"line":22,"column":5}},"loc":{"start":{"line":22,"column":27},"end":{"line":29,"column":5}},"line":22},"3":{"name":"(anonymous_3)","decl":{"start":{"line":31,"column":4},"end":{"line":31,"column":5}},"loc":{"start":{"line":31,"column":27},"end":{"line":38,"column":5}},"line":31},"4":{"name":"(anonymous_4)","decl":{"start":{"line":40,"column":4},"end":{"line":40,"column":5}},"loc":{"start":{"line":40,"column":27},"end":{"line":47,"column":5}},"line":40},"5":{"name":"(anonymous_5)","decl":{"start":{"line":49,"column":4},"end":{"line":49,"column":5}},"loc":{"start":{"line":49,"column":41},"end":{"line":56,"column":5}},"line":49},"6":{"name":"(anonymous_6)","decl":{"start":{"line":58,"column":4},"end":{"line":58,"column":5}},"loc":{"start":{"line":58,"column":33},"end":{"line":92,"column":5}},"line":58},"7":{"name":"(anonymous_7)","decl":{"start":{"line":74,"column":49},"end":{"line":74,"column":50}},"loc":{"start":{"line":74,"column":59},"end":{"line":85,"column":13}},"line":74},"8":{"name":"(anonymous_8)","decl":{"start":{"line":77,"column":54},"end":{"line":77,"column":55}},"loc":{"start":{"line":77,"column":70},"end":{"line":77,"column":96}},"line":77},"9":{"name":"(anonymous_9)","decl":{"start":{"line":78,"column":55},"end":{"line":78,"column":56}},"loc":{"start":{"line":78,"column":71},"end":{"line":78,"column":99}},"line":78}},"branchMap":{"0":{"loc":{"start":{"line":63,"column":12},"end":{"line":67,"column":13}},"type":"if","locations":[{"start":{"line":63,"column":12},"end":{"line":67,"column":13}},{"start":{},"end":{}}],"line":63},"1":{"loc":{"start":{"line":70,"column":101},"end":{"line":70,"column":129}},"type":"binary-expr","locations":[{"start":{"line":70,"column":101},"end":{"line":70,"column":114}},{"start":{"line":70,"column":118},"end":{"line":70,"column":129}}],"line":70}},"s":{"0":1,"1":1,"2":0,"3":0,"4":0,"5":0,"6":0,"7":0,"8":0,"9":0,"10":0,"11":0,"12":0,"13":0,"14":0,"15":0,"16":0,"17":0,"18":0,"19":0,"20":0,"21":0,"22":0,"23":0,"24":0,"25":0,"26":0,"27":0,"28":0,"29":0,"30":0,"31":0,"32":0,"33":0,"34":0,"35":0,"36":0,"37":0,"38":0,"39":0,"40":0,"41":0,"42":1},"f":{"0":0,"1":0,"2":0,"3":0,"4":0,"5":0,"6":0,"7":0,"8":0,"9":0},"b":{"0":[0,0],"1":[0,0]},"_coverageSchema":"1a1c01bbd47fc00a2c39e90264f33305004495a9","hash":"039bd9c9625828eada1c9cdf5ceb3c6adb43218e"}
,"C:\\Users\\Michał\\Desktop\\PracaInzynierska\\course-service\\src\\modules\\course\\course.model.js": {"path":"C:\\Users\\Michał\\Desktop\\PracaInzynierska\\course-service\\src\\modules\\course\\course.model.js","statementMap":{"0":{"start":{"line":1,"column":29},"end":{"line":1,"column":49}},"1":{"start":{"line":2,"column":22},"end":{"line":2,"column":48}},"2":{"start":{"line":6,"column":0},"end":{"line":30,"column":3}},"3":{"start":{"line":32,"column":0},"end":{"line":32,"column":22}}},"fnMap":{},"branchMap":{},"s":{"0":3,"1":3,"2":3,"3":3},"f":{},"b":{},"_coverageSchema":"1a1c01bbd47fc00a2c39e90264f33305004495a9","hash":"26fde52d725b8500491e78df2f695ef831498649"}
,"C:\\Users\\Michał\\Desktop\\PracaInzynierska\\course-service\\src\\modules\\course\\course.repository.js": {"path":"C:\\Users\\Michał\\Desktop\\PracaInzynierska\\course-service\\src\\modules\\course\\course.repository.js","statementMap":{"0":{"start":{"line":1,"column":13},"end":{"line":1,"column":38}},"1":{"start":{"line":2,"column":14},"end":{"line":2,"column":45}},"2":{"start":{"line":3,"column":19},"end":{"line":3,"column":88}},"3":{"start":{"line":4,"column":13},"end":{"line":4,"column":77}},"4":{"start":{"line":5,"column":16},"end":{"line":5,"column":49}},"5":{"start":{"line":6,"column":14},"end":{"line":6,"column":47}},"6":{"start":{"line":7,"column":17},"end":{"line":7,"column":54}},"7":{"start":{"line":8,"column":15},"end":{"line":8,"column":35}},"8":{"start":{"line":9,"column":14},"end":{"line":9,"column":30}},"9":{"start":{"line":11,"column":25},"end":{"line":11,"column":80}},"10":{"start":{"line":13,"column":25},"end":{"line":200,"column":1}},"11":{"start":{"line":15,"column":8},"end":{"line":15,"column":30}},"12":{"start":{"line":19,"column":8},"end":{"line":19,"column":33}},"13":{"start":{"line":23,"column":8},"end":{"line":23,"column":33}},"14":{"start":{"line":27,"column":23},"end":{"line":27,"column":46}},"15":{"start":{"line":28,"column":8},"end":{"line":28,"column":60}},"16":{"start":{"line":28,"column":21},"end":{"line":28,"column":60}},"17":{"start":{"line":29,"column":8},"end":{"line":29,"column":35}},"18":{"start":{"line":33,"column":23},"end":{"line":33,"column":46}},"19":{"start":{"line":34,"column":8},"end":{"line":34,"column":60}},"20":{"start":{"line":34,"column":21},"end":{"line":34,"column":60}},"21":{"start":{"line":37,"column":22},"end":{"line":39,"column":10}},"22":{"start":{"line":42,"column":8},"end":{"line":47,"column":9}},"23":{"start":{"line":43,"column":12},"end":{"line":45,"column":15}},"24":{"start":{"line":46,"column":12},"end":{"line":46,"column":34}},"25":{"start":{"line":49,"column":8},"end":{"line":49,"column":31}},"26":{"start":{"line":50,"column":8},"end":{"line":50,"column":83}},"27":{"start":{"line":54,"column":21},"end":{"line":62,"column":10}},"28":{"start":{"line":64,"column":8},"end":{"line":64,"column":58}},"29":{"start":{"line":64,"column":19},"end":{"line":64,"column":58}},"30":{"start":{"line":66,"column":22},"end":{"line":84,"column":11}},"31":{"start":{"line":67,"column":31},"end":{"line":67,"column":47}},"32":{"start":{"line":68,"column":27},"end":{"line":68,"column":31}},"33":{"start":{"line":70,"column":12},"end":{"line":75,"column":13}},"34":{"start":{"line":71,"column":33},"end":{"line":71,"column":105}},"35":{"start":{"line":72,"column":16},"end":{"line":72,"column":41}},"36":{"start":{"line":74,"column":16},"end":{"line":74,"column":117}},"37":{"start":{"line":77,"column":12},"end":{"line":83,"column":14}},"38":{"start":{"line":86,"column":8},"end":{"line":86,"column":21}},"39":{"start":{"line":90,"column":27},"end":{"line":92,"column":9}},"40":{"start":{"line":94,"column":8},"end":{"line":96,"column":9}},"41":{"start":{"line":95,"column":12},"end":{"line":95,"column":54}},"42":{"start":{"line":98,"column":22},"end":{"line":120,"column":10}},"43":{"start":{"line":122,"column":36},"end":{"line":196,"column":9}},"44":{"start":{"line":124,"column":37},"end":{"line":189,"column":17}},"45":{"start":{"line":126,"column":42},"end":{"line":128,"column":26}},"46":{"start":{"line":131,"column":49},"end":{"line":152,"column":25}},"47":{"start":{"line":133,"column":47},"end":{"line":133,"column":51}},"48":{"start":{"line":134,"column":32},"end":{"line":139,"column":33}},"49":{"start":{"line":135,"column":53},"end":{"line":135,"column":115}},"50":{"start":{"line":136,"column":36},"end":{"line":136,"column":61}},"51":{"start":{"line":138,"column":36},"end":{"line":138,"column":127}},"52":{"start":{"line":141,"column":32},"end":{"line":150,"column":34}},"53":{"start":{"line":154,"column":53},"end":{"line":181,"column":25}},"54":{"start":{"line":156,"column":50},"end":{"line":165,"column":34}},"55":{"start":{"line":167,"column":32},"end":{"line":179,"column":34}},"56":{"start":{"line":169,"column":74},"end":{"line":178,"column":37}},"57":{"start":{"line":183,"column":24},"end":{"line":187,"column":26}},"58":{"start":{"line":191,"column":16},"end":{"line":194,"column":18}},"59":{"start":{"line":198,"column":8},"end":{"line":198,"column":35}},"60":{"start":{"line":202,"column":0},"end":{"line":202,"column":34}}},"fnMap":{"0":{"name":"(anonymous_0)","decl":{"start":{"line":14,"column":4},"end":{"line":14,"column":5}},"loc":{"start":{"line":14,"column":20},"end":{"line":16,"column":5}},"line":14},"1":{"name":"(anonymous_1)","decl":{"start":{"line":18,"column":4},"end":{"line":18,"column":5}},"loc":{"start":{"line":18,"column":23},"end":{"line":20,"column":5}},"line":18},"2":{"name":"(anonymous_2)","decl":{"start":{"line":22,"column":4},"end":{"line":22,"column":5}},"loc":{"start":{"line":22,"column":29},"end":{"line":24,"column":5}},"line":22},"3":{"name":"(anonymous_3)","decl":{"start":{"line":26,"column":4},"end":{"line":26,"column":5}},"loc":{"start":{"line":26,"column":33},"end":{"line":30,"column":5}},"line":26},"4":{"name":"(anonymous_4)","decl":{"start":{"line":32,"column":4},"end":{"line":32,"column":5}},"loc":{"start":{"line":32,"column":27},"end":{"line":51,"column":5}},"line":32},"5":{"name":"(anonymous_5)","decl":{"start":{"line":53,"column":4},"end":{"line":53,"column":5}},"loc":{"start":{"line":53,"column":35},"end":{"line":87,"column":5}},"line":53},"6":{"name":"(anonymous_6)","decl":{"start":{"line":66,"column":55},"end":{"line":66,"column":56}},"loc":{"start":{"line":66,"column":70},"end":{"line":84,"column":9}},"line":66},"7":{"name":"(anonymous_7)","decl":{"start":{"line":89,"column":4},"end":{"line":89,"column":5}},"loc":{"start":{"line":89,"column":66},"end":{"line":199,"column":5}},"line":89},"8":{"name":"(anonymous_8)","decl":{"start":{"line":123,"column":22},"end":{"line":123,"column":23}},"loc":{"start":{"line":123,"column":38},"end":{"line":195,"column":13}},"line":123},"9":{"name":"(anonymous_9)","decl":{"start":{"line":125,"column":35},"end":{"line":125,"column":36}},"loc":{"start":{"line":125,"column":52},"end":{"line":188,"column":21}},"line":125},"10":{"name":"(anonymous_10)","decl":{"start":{"line":132,"column":42},"end":{"line":132,"column":43}},"loc":{"start":{"line":132,"column":59},"end":{"line":151,"column":29}},"line":132},"11":{"name":"(anonymous_11)","decl":{"start":{"line":155,"column":46},"end":{"line":155,"column":47}},"loc":{"start":{"line":155,"column":65},"end":{"line":180,"column":29}},"line":155},"12":{"name":"(anonymous_12)","decl":{"start":{"line":169,"column":61},"end":{"line":169,"column":62}},"loc":{"start":{"line":169,"column":74},"end":{"line":178,"column":37}},"line":169}},"branchMap":{"0":{"loc":{"start":{"line":11,"column":25},"end":{"line":11,"column":80}},"type":"binary-expr","locations":[{"start":{"line":11,"column":25},"end":{"line":11,"column":53}},{"start":{"line":11,"column":57},"end":{"line":11,"column":80}}],"line":11},"1":{"loc":{"start":{"line":28,"column":8},"end":{"line":28,"column":60}},"type":"if","locations":[{"start":{"line":28,"column":8},"end":{"line":28,"column":60}},{"start":{},"end":{}}],"line":28},"2":{"loc":{"start":{"line":34,"column":8},"end":{"line":34,"column":60}},"type":"if","locations":[{"start":{"line":34,"column":8},"end":{"line":34,"column":60}},{"start":{},"end":{}}],"line":34},"3":{"loc":{"start":{"line":64,"column":8},"end":{"line":64,"column":58}},"type":"if","locations":[{"start":{"line":64,"column":8},"end":{"line":64,"column":58}},{"start":{},"end":{}}],"line":64},"4":{"loc":{"start":{"line":89,"column":44},"end":{"line":89,"column":64}},"type":"default-arg","locations":[{"start":{"line":89,"column":60},"end":{"line":89,"column":64}}],"line":89},"5":{"loc":{"start":{"line":94,"column":8},"end":{"line":96,"column":9}},"type":"if","locations":[{"start":{"line":94,"column":8},"end":{"line":96,"column":9}},{"start":{},"end":{}}],"line":94},"6":{"loc":{"start":{"line":147,"column":42},"end":{"line":147,"column":64}},"type":"binary-expr","locations":[{"start":{"line":147,"column":42},"end":{"line":147,"column":56}},{"start":{"line":147,"column":60},"end":{"line":147,"column":64}}],"line":147},"7":{"loc":{"start":{"line":148,"column":46},"end":{"line":148,"column":72}},"type":"binary-expr","locations":[{"start":{"line":148,"column":46},"end":{"line":148,"column":64}},{"start":{"line":148,"column":68},"end":{"line":148,"column":72}}],"line":148},"8":{"loc":{"start":{"line":149,"column":43},"end":{"line":149,"column":66}},"type":"binary-expr","locations":[{"start":{"line":149,"column":43},"end":{"line":149,"column":58}},{"start":{"line":149,"column":62},"end":{"line":149,"column":66}}],"line":149},"9":{"loc":{"start":{"line":174,"column":47},"end":{"line":177,"column":48}},"type":"cond-expr","locations":[{"start":{"line":174,"column":64},"end":{"line":177,"column":41}},{"start":{"line":177,"column":44},"end":{"line":177,"column":48}}],"line":174}},"s":{"0":1,"1":1,"2":1,"3":1,"4":1,"5":1,"6":1,"7":1,"8":1,"9":1,"10":1,"11":0,"12":0,"13":0,"14":0,"15":0,"16":0,"17":0,"18":0,"19":0,"20":0,"21":0,"22":0,"23":0,"24":0,"25":0,"26":0,"27":0,"28":0,"29":0,"30":0,"31":0,"32":0,"33":0,"34":0,"35":0,"36":0,"37":0,"38":0,"39":0,"40":0,"41":0,"42":0,"43":0,"44":0,"45":0,"46":0,"47":0,"48":0,"49":0,"50":0,"51":0,"52":0,"53":0,"54":0,"55":0,"56":0,"57":0,"58":0,"59":0,"60":1},"f":{"0":0,"1":0,"2":0,"3":0,"4":0,"5":0,"6":0,"7":0,"8":0,"9":0,"10":0,"11":0,"12":0},"b":{"0":[1,1],"1":[0,0],"2":[0,0],"3":[0,0],"4":[0],"5":[0,0],"6":[0,0],"7":[0,0],"8":[0,0],"9":[0,0]},"_coverageSchema":"1a1c01bbd47fc00a2c39e90264f33305004495a9","hash":"ed1a2ccd0b65f09b71e6ba5954089af7a0894a32"}
,"C:\\Users\\Michał\\Desktop\\PracaInzynierska\\course-service\\src\\modules\\course\\course.service.js": {"path":"C:\\Users\\Michał\\Desktop\\PracaInzynierska\\course-service\\src\\modules\\course\\course.service.js","statementMap":{"0":{"start":{"line":1,"column":25},"end":{"line":1,"column":55}},"1":{"start":{"line":5,"column":8},"end":{"line":5,"column":48}},"2":{"start":{"line":9,"column":23},"end":{"line":9,"column":58}},"3":{"start":{"line":10,"column":8},"end":{"line":10,"column":60}},"4":{"start":{"line":10,"column":21},"end":{"line":10,"column":60}},"5":{"start":{"line":11,"column":8},"end":{"line":11,"column":22}},"6":{"start":{"line":15,"column":8},"end":{"line":15,"column":57}},"7":{"start":{"line":19,"column":8},"end":{"line":19,"column":61}},"8":{"start":{"line":23,"column":8},"end":{"line":23,"column":55}},"9":{"start":{"line":27,"column":8},"end":{"line":27,"column":63}},"10":{"start":{"line":31,"column":8},"end":{"line":31,"column":75}},"11":{"start":{"line":31,"column":24},"end":{"line":31,"column":75}},"12":{"start":{"line":32,"column":8},"end":{"line":32,"column":87}},"13":{"start":{"line":37,"column":0},"end":{"line":37,"column":37}}},"fnMap":{"0":{"name":"(anonymous_0)","decl":{"start":{"line":4,"column":4},"end":{"line":4,"column":5}},"loc":{"start":{"line":4,"column":19},"end":{"line":6,"column":5}},"line":4},"1":{"name":"(anonymous_1)","decl":{"start":{"line":8,"column":4},"end":{"line":8,"column":5}},"loc":{"start":{"line":8,"column":21},"end":{"line":12,"column":5}},"line":8},"2":{"name":"(anonymous_2)","decl":{"start":{"line":14,"column":4},"end":{"line":14,"column":5}},"loc":{"start":{"line":14,"column":23},"end":{"line":16,"column":5}},"line":14},"3":{"name":"(anonymous_3)","decl":{"start":{"line":18,"column":4},"end":{"line":18,"column":5}},"loc":{"start":{"line":18,"column":27},"end":{"line":20,"column":5}},"line":18},"4":{"name":"(anonymous_4)","decl":{"start":{"line":22,"column":4},"end":{"line":22,"column":5}},"loc":{"start":{"line":22,"column":21},"end":{"line":24,"column":5}},"line":22},"5":{"name":"(anonymous_5)","decl":{"start":{"line":26,"column":4},"end":{"line":26,"column":5}},"loc":{"start":{"line":26,"column":35},"end":{"line":28,"column":5}},"line":26},"6":{"name":"(anonymous_6)","decl":{"start":{"line":30,"column":4},"end":{"line":30,"column":5}},"loc":{"start":{"line":30,"column":63},"end":{"line":33,"column":5}},"line":30}},"branchMap":{"0":{"loc":{"start":{"line":10,"column":8},"end":{"line":10,"column":60}},"type":"if","locations":[{"start":{"line":10,"column":8},"end":{"line":10,"column":60}},{"start":{},"end":{}}],"line":10},"1":{"loc":{"start":{"line":30,"column":41},"end":{"line":30,"column":61}},"type":"default-arg","locations":[{"start":{"line":30,"column":57},"end":{"line":30,"column":61}}],"line":30},"2":{"loc":{"start":{"line":31,"column":8},"end":{"line":31,"column":75}},"type":"if","locations":[{"start":{"line":31,"column":8},"end":{"line":31,"column":75}},{"start":{},"end":{}}],"line":31}},"s":{"0":1,"1":0,"2":0,"3":0,"4":0,"5":0,"6":0,"7":0,"8":0,"9":0,"10":0,"11":0,"12":0,"13":1},"f":{"0":0,"1":0,"2":0,"3":0,"4":0,"5":0,"6":0},"b":{"0":[0,0],"1":[0],"2":[0,0]},"_coverageSchema":"1a1c01bbd47fc00a2c39e90264f33305004495a9","hash":"696104c2e954265065f05f33810ed1eb7f4f133c"}
,"C:\\Users\\Michał\\Desktop\\PracaInzynierska\\course-service\\src\\modules\\group\\group.controller.js": {"path":"C:\\Users\\Michał\\Desktop\\PracaInzynierska\\course-service\\src\\modules\\group\\group.controller.js","statementMap":{"0":{"start":{"line":1,"column":21},"end":{"line":1,"column":47}},"1":{"start":{"line":3,"column":24},"end":{"line":97,"column":1}},"2":{"start":{"line":5,"column":8},"end":{"line":10,"column":9}},"3":{"start":{"line":6,"column":28},"end":{"line":6,"column":55}},"4":{"start":{"line":7,"column":12},"end":{"line":7,"column":30}},"5":{"start":{"line":9,"column":12},"end":{"line":9,"column":57}},"6":{"start":{"line":14,"column":8},"end":{"line":19,"column":9}},"7":{"start":{"line":15,"column":27},"end":{"line":15,"column":67}},"8":{"start":{"line":16,"column":12},"end":{"line":16,"column":29}},"9":{"start":{"line":18,"column":12},"end":{"line":18,"column":57}},"10":{"start":{"line":23,"column":8},"end":{"line":28,"column":9}},"11":{"start":{"line":24,"column":30},"end":{"line":24,"column":65}},"12":{"start":{"line":25,"column":12},"end":{"line":25,"column":44}},"13":{"start":{"line":27,"column":12},"end":{"line":27,"column":57}},"14":{"start":{"line":32,"column":8},"end":{"line":37,"column":9}},"15":{"start":{"line":33,"column":28},"end":{"line":33,"column":78}},"16":{"start":{"line":34,"column":12},"end":{"line":34,"column":30}},"17":{"start":{"line":36,"column":12},"end":{"line":36,"column":57}},"18":{"start":{"line":41,"column":8},"end":{"line":46,"column":9}},"19":{"start":{"line":42,"column":12},"end":{"line":42,"column":53}},"20":{"start":{"line":43,"column":12},"end":{"line":43,"column":52}},"21":{"start":{"line":45,"column":12},"end":{"line":45,"column":57}},"22":{"start":{"line":50,"column":8},"end":{"line":55,"column":9}},"23":{"start":{"line":51,"column":30},"end":{"line":51,"column":75}},"24":{"start":{"line":52,"column":12},"end":{"line":52,"column":32}},"25":{"start":{"line":54,"column":12},"end":{"line":54,"column":57}},"26":{"start":{"line":60,"column":8},"end":{"line":68,"column":9}},"27":{"start":{"line":61,"column":26},"end":{"line":61,"column":50}},"28":{"start":{"line":62,"column":12},"end":{"line":62,"column":71}},"29":{"start":{"line":62,"column":30},"end":{"line":62,"column":71}},"30":{"start":{"line":64,"column":33},"end":{"line":64,"column":92}},"31":{"start":{"line":65,"column":12},"end":{"line":65,"column":35}},"32":{"start":{"line":67,"column":12},"end":{"line":67,"column":57}},"33":{"start":{"line":73,"column":8},"end":{"line":83,"column":9}},"34":{"start":{"line":74,"column":12},"end":{"line":77,"column":15}},"35":{"start":{"line":79,"column":12},"end":{"line":82,"column":15}},"36":{"start":{"line":86,"column":8},"end":{"line":91,"column":9}},"37":{"start":{"line":87,"column":28},"end":{"line":87,"column":74}},"38":{"start":{"line":88,"column":12},"end":{"line":88,"column":30}},"39":{"start":{"line":90,"column":12},"end":{"line":90,"column":57}},"40":{"start":{"line":99,"column":0},"end":{"line":99,"column":33}}},"fnMap":{"0":{"name":"(anonymous_0)","decl":{"start":{"line":4,"column":4},"end":{"line":4,"column":5}},"loc":{"start":{"line":4,"column":27},"end":{"line":11,"column":5}},"line":4},"1":{"name":"(anonymous_1)","decl":{"start":{"line":13,"column":4},"end":{"line":13,"column":5}},"loc":{"start":{"line":13,"column":27},"end":{"line":20,"column":5}},"line":13},"2":{"name":"(anonymous_2)","decl":{"start":{"line":22,"column":4},"end":{"line":22,"column":5}},"loc":{"start":{"line":22,"column":27},"end":{"line":29,"column":5}},"line":22},"3":{"name":"(anonymous_3)","decl":{"start":{"line":31,"column":4},"end":{"line":31,"column":5}},"loc":{"start":{"line":31,"column":27},"end":{"line":38,"column":5}},"line":31},"4":{"name":"(anonymous_4)","decl":{"start":{"line":40,"column":4},"end":{"line":40,"column":5}},"loc":{"start":{"line":40,"column":27},"end":{"line":47,"column":5}},"line":40},"5":{"name":"(anonymous_5)","decl":{"start":{"line":49,"column":4},"end":{"line":49,"column":5}},"loc":{"start":{"line":49,"column":32},"end":{"line":56,"column":5}},"line":49},"6":{"name":"(anonymous_6)","decl":{"start":{"line":59,"column":4},"end":{"line":59,"column":5}},"loc":{"start":{"line":59,"column":39},"end":{"line":69,"column":5}},"line":59},"7":{"name":"(anonymous_7)","decl":{"start":{"line":72,"column":8},"end":{"line":72,"column":9}},"loc":{"start":{"line":72,"column":29},"end":{"line":84,"column":5}},"line":72},"8":{"name":"(anonymous_8)","decl":{"start":{"line":85,"column":4},"end":{"line":85,"column":5}},"loc":{"start":{"line":85,"column":33},"end":{"line":92,"column":5}},"line":85}},"branchMap":{"0":{"loc":{"start":{"line":62,"column":12},"end":{"line":62,"column":71}},"type":"if","locations":[{"start":{"line":62,"column":12},"end":{"line":62,"column":71}},{"start":{},"end":{}}],"line":62}},"s":{"0":1,"1":1,"2":0,"3":0,"4":0,"5":0,"6":0,"7":0,"8":0,"9":0,"10":0,"11":0,"12":0,"13":0,"14":0,"15":0,"16":0,"17":0,"18":0,"19":0,"20":0,"21":0,"22":0,"23":0,"24":0,"25":0,"26":0,"27":0,"28":0,"29":0,"30":0,"31":0,"32":0,"33":0,"34":0,"35":0,"36":0,"37":0,"38":0,"39":0,"40":1},"f":{"0":0,"1":0,"2":0,"3":0,"4":0,"5":0,"6":0,"7":0,"8":0},"b":{"0":[0,0]},"_coverageSchema":"1a1c01bbd47fc00a2c39e90264f33305004495a9","hash":"f246377d5bcfe9c79d1d771d7c8e08ae65b94021"}
,"C:\\Users\\Michał\\Desktop\\PracaInzynierska\\course-service\\src\\modules\\group\\group.model.js": {"path":"C:\\Users\\Michał\\Desktop\\PracaInzynierska\\course-service\\src\\modules\\group\\group.model.js","statementMap":{"0":{"start":{"line":1,"column":29},"end":{"line":1,"column":49}},"1":{"start":{"line":2,"column":22},"end":{"line":2,"column":48}},"2":{"start":{"line":3,"column":13},"end":{"line":3,"column":46}},"3":{"start":{"line":4,"column":19},"end":{"line":4,"column":88}},"4":{"start":{"line":8,"column":0},"end":{"line":44,"column":3}},"5":{"start":{"line":46,"column":0},"end":{"line":46,"column":23}}},"fnMap":{},"branchMap":{},"s":{"0":3,"1":3,"2":3,"3":3,"4":3,"5":3},"f":{},"b":{},"_coverageSchema":"1a1c01bbd47fc00a2c39e90264f33305004495a9","hash":"412851fe5cac4edd05feb14da2bb64198b39653f"}
,"C:\\Users\\Michał\\Desktop\\PracaInzynierska\\course-service\\src\\modules\\group\\group.repository.js": {"path":"C:\\Users\\Michał\\Desktop\\PracaInzynierska\\course-service\\src\\modules\\group\\group.repository.js","statementMap":{"0":{"start":{"line":1,"column":14},"end":{"line":1,"column":38}},"1":{"start":{"line":2,"column":14},"end":{"line":2,"column":40}},"2":{"start":{"line":3,"column":22},"end":{"line":3,"column":64}},"3":{"start":{"line":4,"column":16},"end":{"line":4,"column":49}},"4":{"start":{"line":6,"column":24},"end":{"line":76,"column":1}},"5":{"start":{"line":8,"column":8},"end":{"line":8,"column":31}},"6":{"start":{"line":12,"column":8},"end":{"line":12,"column":34}},"7":{"start":{"line":16,"column":8},"end":{"line":16,"column":34}},"8":{"start":{"line":20,"column":23},"end":{"line":20,"column":47}},"9":{"start":{"line":21,"column":8},"end":{"line":21,"column":61}},"10":{"start":{"line":21,"column":21},"end":{"line":21,"column":61}},"11":{"start":{"line":22,"column":8},"end":{"line":22,"column":41}},"12":{"start":{"line":26,"column":23},"end":{"line":26,"column":47}},"13":{"start":{"line":27,"column":8},"end":{"line":27,"column":61}},"14":{"start":{"line":27,"column":21},"end":{"line":27,"column":61}},"15":{"start":{"line":30,"column":8},"end":{"line":32,"column":11}},"16":{"start":{"line":34,"column":8},"end":{"line":34,"column":31}},"17":{"start":{"line":35,"column":8},"end":{"line":35,"column":72}},"18":{"start":{"line":39,"column":22},"end":{"line":41,"column":10}},"19":{"start":{"line":42,"column":8},"end":{"line":42,"column":60}},"20":{"start":{"line":42,"column":20},"end":{"line":42,"column":60}},"21":{"start":{"line":43,"column":8},"end":{"line":43,"column":31}},"22":{"start":{"line":49,"column":22},"end":{"line":49,"column":52}},"23":{"start":{"line":50,"column":8},"end":{"line":50,"column":60}},"24":{"start":{"line":50,"column":20},"end":{"line":50,"column":60}},"25":{"start":{"line":52,"column":8},"end":{"line":52,"column":46}},"26":{"start":{"line":54,"column":8},"end":{"line":54,"column":63}},"27":{"start":{"line":54,"column":38},"end":{"line":54,"column":63}},"28":{"start":{"line":56,"column":8},"end":{"line":56,"column":27}},"29":{"start":{"line":57,"column":8},"end":{"line":57,"column":21}},"30":{"start":{"line":62,"column":22},"end":{"line":66,"column":10}},"31":{"start":{"line":68,"column":8},"end":{"line":68,"column":60}},"32":{"start":{"line":68,"column":20},"end":{"line":68,"column":60}},"33":{"start":{"line":70,"column":8},"end":{"line":70,"column":29}},"34":{"start":{"line":78,"column":0},"end":{"line":78,"column":33}}},"fnMap":{"0":{"name":"(anonymous_0)","decl":{"start":{"line":7,"column":4},"end":{"line":7,"column":5}},"loc":{"start":{"line":7,"column":20},"end":{"line":9,"column":5}},"line":7},"1":{"name":"(anonymous_1)","decl":{"start":{"line":11,"column":4},"end":{"line":11,"column":5}},"loc":{"start":{"line":11,"column":23},"end":{"line":13,"column":5}},"line":11},"2":{"name":"(anonymous_2)","decl":{"start":{"line":15,"column":4},"end":{"line":15,"column":5}},"loc":{"start":{"line":15,"column":29},"end":{"line":17,"column":5}},"line":15},"3":{"name":"(anonymous_3)","decl":{"start":{"line":19,"column":4},"end":{"line":19,"column":5}},"loc":{"start":{"line":19,"column":33},"end":{"line":23,"column":5}},"line":19},"4":{"name":"(anonymous_4)","decl":{"start":{"line":25,"column":4},"end":{"line":25,"column":5}},"loc":{"start":{"line":25,"column":27},"end":{"line":36,"column":5}},"line":25},"5":{"name":"(anonymous_5)","decl":{"start":{"line":38,"column":4},"end":{"line":38,"column":5}},"loc":{"start":{"line":38,"column":32},"end":{"line":44,"column":5}},"line":38},"6":{"name":"(anonymous_6)","decl":{"start":{"line":48,"column":4},"end":{"line":48,"column":5}},"loc":{"start":{"line":48,"column":46},"end":{"line":58,"column":5}},"line":48},"7":{"name":"(anonymous_7)","decl":{"start":{"line":61,"column":4},"end":{"line":61,"column":5}},"loc":{"start":{"line":61,"column":33},"end":{"line":71,"column":5}},"line":61}},"branchMap":{"0":{"loc":{"start":{"line":21,"column":8},"end":{"line":21,"column":61}},"type":"if","locations":[{"start":{"line":21,"column":8},"end":{"line":21,"column":61}},{"start":{},"end":{}}],"line":21},"1":{"loc":{"start":{"line":27,"column":8},"end":{"line":27,"column":61}},"type":"if","locations":[{"start":{"line":27,"column":8},"end":{"line":27,"column":61}},{"start":{},"end":{}}],"line":27},"2":{"loc":{"start":{"line":42,"column":8},"end":{"line":42,"column":60}},"type":"if","locations":[{"start":{"line":42,"column":8},"end":{"line":42,"column":60}},{"start":{},"end":{}}],"line":42},"3":{"loc":{"start":{"line":50,"column":8},"end":{"line":50,"column":60}},"type":"if","locations":[{"start":{"line":50,"column":8},"end":{"line":50,"column":60}},{"start":{},"end":{}}],"line":50},"4":{"loc":{"start":{"line":54,"column":8},"end":{"line":54,"column":63}},"type":"if","locations":[{"start":{"line":54,"column":8},"end":{"line":54,"column":63}},{"start":{},"end":{}}],"line":54},"5":{"loc":{"start":{"line":68,"column":8},"end":{"line":68,"column":60}},"type":"if","locations":[{"start":{"line":68,"column":8},"end":{"line":68,"column":60}},{"start":{},"end":{}}],"line":68}},"s":{"0":1,"1":1,"2":1,"3":1,"4":1,"5":0,"6":0,"7":0,"8":0,"9":0,"10":0,"11":0,"12":0,"13":0,"14":0,"15":0,"16":0,"17":0,"18":0,"19":0,"20":0,"21":0,"22":0,"23":0,"24":0,"25":0,"26":0,"27":0,"28":0,"29":0,"30":0,"31":0,"32":0,"33":0,"34":1},"f":{"0":0,"1":0,"2":0,"3":0,"4":0,"5":0,"6":0,"7":0},"b":{"0":[0,0],"1":[0,0],"2":[0,0],"3":[0,0],"4":[0,0],"5":[0,0]},"_coverageSchema":"1a1c01bbd47fc00a2c39e90264f33305004495a9","hash":"03da7d6e51ca9290331cbfc67ea4997de67dd9da"}
,"C:\\Users\\Michał\\Desktop\\PracaInzynierska\\course-service\\src\\modules\\group\\group.service.js": {"path":"C:\\Users\\Michał\\Desktop\\PracaInzynierska\\course-service\\src\\modules\\group\\group.service.js","statementMap":{"0":{"start":{"line":1,"column":24},"end":{"line":1,"column":53}},"1":{"start":{"line":2,"column":22},"end":{"line":2,"column":57}},"2":{"start":{"line":6,"column":8},"end":{"line":6,"column":47}},"3":{"start":{"line":10,"column":23},"end":{"line":10,"column":57}},"4":{"start":{"line":11,"column":8},"end":{"line":11,"column":61}},"5":{"start":{"line":11,"column":21},"end":{"line":11,"column":61}},"6":{"start":{"line":12,"column":8},"end":{"line":12,"column":22}},"7":{"start":{"line":16,"column":22},"end":{"line":16,"column":62}},"8":{"start":{"line":17,"column":8},"end":{"line":19,"column":9}},"9":{"start":{"line":18,"column":12},"end":{"line":18,"column":70}},"10":{"start":{"line":21,"column":8},"end":{"line":21,"column":21}},"11":{"start":{"line":25,"column":8},"end":{"line":25,"column":60}},"12":{"start":{"line":29,"column":8},"end":{"line":29,"column":54}},"13":{"start":{"line":33,"column":8},"end":{"line":33,"column":53}},"14":{"start":{"line":37,"column":8},"end":{"line":37,"column":67}},"15":{"start":{"line":41,"column":8},"end":{"line":41,"column":54}},"16":{"start":{"line":46,"column":0},"end":{"line":46,"column":36}}},"fnMap":{"0":{"name":"(anonymous_0)","decl":{"start":{"line":5,"column":4},"end":{"line":5,"column":5}},"loc":{"start":{"line":5,"column":19},"end":{"line":7,"column":5}},"line":5},"1":{"name":"(anonymous_1)","decl":{"start":{"line":9,"column":4},"end":{"line":9,"column":5}},"loc":{"start":{"line":9,"column":21},"end":{"line":13,"column":5}},"line":9},"2":{"name":"(anonymous_2)","decl":{"start":{"line":15,"column":4},"end":{"line":15,"column":5}},"loc":{"start":{"line":15,"column":23},"end":{"line":22,"column":5}},"line":15},"3":{"name":"(anonymous_3)","decl":{"start":{"line":24,"column":4},"end":{"line":24,"column":5}},"loc":{"start":{"line":24,"column":27},"end":{"line":26,"column":5}},"line":24},"4":{"name":"(anonymous_4)","decl":{"start":{"line":28,"column":4},"end":{"line":28,"column":5}},"loc":{"start":{"line":28,"column":21},"end":{"line":30,"column":5}},"line":28},"5":{"name":"(anonymous_5)","decl":{"start":{"line":32,"column":4},"end":{"line":32,"column":5}},"loc":{"start":{"line":32,"column":26},"end":{"line":34,"column":5}},"line":32},"6":{"name":"(anonymous_6)","decl":{"start":{"line":36,"column":4},"end":{"line":36,"column":5}},"loc":{"start":{"line":36,"column":40},"end":{"line":38,"column":5}},"line":36},"7":{"name":"(anonymous_7)","decl":{"start":{"line":40,"column":4},"end":{"line":40,"column":5}},"loc":{"start":{"line":40,"column":27},"end":{"line":42,"column":5}},"line":40}},"branchMap":{"0":{"loc":{"start":{"line":11,"column":8},"end":{"line":11,"column":61}},"type":"if","locations":[{"start":{"line":11,"column":8},"end":{"line":11,"column":61}},{"start":{},"end":{}}],"line":11},"1":{"loc":{"start":{"line":17,"column":8},"end":{"line":19,"column":9}},"type":"if","locations":[{"start":{"line":17,"column":8},"end":{"line":19,"column":9}},{"start":{},"end":{}}],"line":17},"2":{"loc":{"start":{"line":17,"column":12},"end":{"line":17,"column":39}},"type":"binary-expr","locations":[{"start":{"line":17,"column":12},"end":{"line":17,"column":17}},{"start":{"line":17,"column":21},"end":{"line":17,"column":39}}],"line":17}},"s":{"0":1,"1":1,"2":0,"3":0,"4":0,"5":0,"6":0,"7":0,"8":0,"9":0,"10":0,"11":0,"12":0,"13":0,"14":0,"15":0,"16":1},"f":{"0":0,"1":0,"2":0,"3":0,"4":0,"5":0,"6":0,"7":0},"b":{"0":[0,0],"1":[0,0],"2":[0,0]},"_coverageSchema":"1a1c01bbd47fc00a2c39e90264f33305004495a9","hash":"ba399e0fb25057045b9f70da5c94b52badd89cee"}
,"C:\\Users\\Michał\\Desktop\\PracaInzynierska\\course-service\\src\\modules\\group\\student.model.js": {"path":"C:\\Users\\Michał\\Desktop\\PracaInzynierska\\course-service\\src\\modules\\group\\student.model.js","statementMap":{"0":{"start":{"line":1,"column":29},"end":{"line":1,"column":49}},"1":{"start":{"line":2,"column":22},"end":{"line":2,"column":48}},"2":{"start":{"line":6,"column":0},"end":{"line":35,"column":3}},"3":{"start":{"line":37,"column":0},"end":{"line":37,"column":23}}},"fnMap":{},"branchMap":{},"s":{"0":2,"1":2,"2":2,"3":2},"f":{},"b":{},"_coverageSchema":"1a1c01bbd47fc00a2c39e90264f33305004495a9","hash":"da4afffc4e496ac3e5dbd9191d107f3d861846f3"}
,"C:\\Users\\Michał\\Desktop\\PracaInzynierska\\course-service\\src\\modules\\homework\\zadanieDomowe.controller.js": {"path":"C:\\Users\\Michał\\Desktop\\PracaInzynierska\\course-service\\src\\modules\\homework\\zadanieDomowe.controller.js","statementMap":{"0":{"start":{"line":1,"column":24},"end":{"line":1,"column":58}},"1":{"start":{"line":3,"column":27},"end":{"line":68,"column":1}},"2":{"start":{"line":5,"column":8},"end":{"line":10,"column":9}},"3":{"start":{"line":6,"column":29},"end":{"line":6,"column":72}},"4":{"start":{"line":7,"column":12},"end":{"line":7,"column":43}},"5":{"start":{"line":9,"column":12},"end":{"line":9,"column":57}},"6":{"start":{"line":14,"column":8},"end":{"line":30,"column":9}},"7":{"start":{"line":15,"column":29},"end":{"line":15,"column":48}},"8":{"start":{"line":17,"column":30},"end":{"line":17,"column":128}},"9":{"start":{"line":18,"column":12},"end":{"line":20,"column":13}},"10":{"start":{"line":19,"column":16},"end":{"line":19,"column":90}},"11":{"start":{"line":22,"column":12},"end":{"line":24,"column":13}},"12":{"start":{"line":23,"column":16},"end":{"line":23,"column":90}},"13":{"start":{"line":26,"column":29},"end":{"line":26,"column":91}},"14":{"start":{"line":27,"column":12},"end":{"line":27,"column":43}},"15":{"start":{"line":29,"column":12},"end":{"line":29,"column":57}},"16":{"start":{"line":34,"column":8},"end":{"line":46,"column":9}},"17":{"start":{"line":35,"column":29},"end":{"line":35,"column":48}},"18":{"start":{"line":37,"column":30},"end":{"line":37,"column":128}},"19":{"start":{"line":38,"column":12},"end":{"line":40,"column":13}},"20":{"start":{"line":39,"column":16},"end":{"line":39,"column":90}},"21":{"start":{"line":42,"column":29},"end":{"line":42,"column":104}},"22":{"start":{"line":43,"column":12},"end":{"line":43,"column":43}},"23":{"start":{"line":45,"column":12},"end":{"line":45,"column":57}},"24":{"start":{"line":50,"column":8},"end":{"line":55,"column":9}},"25":{"start":{"line":51,"column":29},"end":{"line":51,"column":90}},"26":{"start":{"line":52,"column":12},"end":{"line":52,"column":43}},"27":{"start":{"line":54,"column":12},"end":{"line":54,"column":57}},"28":{"start":{"line":59,"column":8},"end":{"line":64,"column":9}},"29":{"start":{"line":60,"column":12},"end":{"line":60,"column":64}},"30":{"start":{"line":61,"column":12},"end":{"line":61,"column":35}},"31":{"start":{"line":63,"column":12},"end":{"line":63,"column":57}},"32":{"start":{"line":70,"column":0},"end":{"line":70,"column":36}}},"fnMap":{"0":{"name":"(anonymous_0)","decl":{"start":{"line":4,"column":4},"end":{"line":4,"column":5}},"loc":{"start":{"line":4,"column":27},"end":{"line":11,"column":5}},"line":4},"1":{"name":"(anonymous_1)","decl":{"start":{"line":13,"column":4},"end":{"line":13,"column":5}},"loc":{"start":{"line":13,"column":32},"end":{"line":31,"column":5}},"line":13},"2":{"name":"(anonymous_2)","decl":{"start":{"line":33,"column":4},"end":{"line":33,"column":5}},"loc":{"start":{"line":33,"column":45},"end":{"line":47,"column":5}},"line":33},"3":{"name":"(anonymous_3)","decl":{"start":{"line":49,"column":4},"end":{"line":49,"column":5}},"loc":{"start":{"line":49,"column":27},"end":{"line":56,"column":5}},"line":49},"4":{"name":"(anonymous_4)","decl":{"start":{"line":58,"column":4},"end":{"line":58,"column":5}},"loc":{"start":{"line":58,"column":27},"end":{"line":65,"column":5}},"line":58}},"branchMap":{"0":{"loc":{"start":{"line":17,"column":37},"end":{"line":17,"column":127}},"type":"binary-expr","locations":[{"start":{"line":17,"column":37},"end":{"line":17,"column":45}},{"start":{"line":17,"column":50},"end":{"line":17,"column":61}},{"start":{"line":17,"column":65},"end":{"line":17,"column":83}},{"start":{"line":17,"column":87},"end":{"line":17,"column":110}},{"start":{"line":17,"column":114},"end":{"line":17,"column":126}}],"line":17},"1":{"loc":{"start":{"line":18,"column":12},"end":{"line":20,"column":13}},"type":"if","locations":[{"start":{"line":18,"column":12},"end":{"line":20,"column":13}},{"start":{},"end":{}}],"line":18},"2":{"loc":{"start":{"line":18,"column":16},"end":{"line":18,"column":53}},"type":"binary-expr","locations":[{"start":{"line":18,"column":16},"end":{"line":18,"column":26}},{"start":{"line":18,"column":30},"end":{"line":18,"column":53}}],"line":18},"3":{"loc":{"start":{"line":22,"column":12},"end":{"line":24,"column":13}},"type":"if","locations":[{"start":{"line":22,"column":12},"end":{"line":24,"column":13}},{"start":{},"end":{}}],"line":22},"4":{"loc":{"start":{"line":37,"column":37},"end":{"line":37,"column":127}},"type":"binary-expr","locations":[{"start":{"line":37,"column":37},"end":{"line":37,"column":45}},{"start":{"line":37,"column":50},"end":{"line":37,"column":61}},{"start":{"line":37,"column":65},"end":{"line":37,"column":83}},{"start":{"line":37,"column":87},"end":{"line":37,"column":110}},{"start":{"line":37,"column":114},"end":{"line":37,"column":126}}],"line":37},"5":{"loc":{"start":{"line":38,"column":12},"end":{"line":40,"column":13}},"type":"if","locations":[{"start":{"line":38,"column":12},"end":{"line":40,"column":13}},{"start":{},"end":{}}],"line":38},"6":{"loc":{"start":{"line":38,"column":16},"end":{"line":38,"column":53}},"type":"binary-expr","locations":[{"start":{"line":38,"column":16},"end":{"line":38,"column":26}},{"start":{"line":38,"column":30},"end":{"line":38,"column":53}}],"line":38}},"s":{"0":1,"1":1,"2":0,"3":0,"4":0,"5":0,"6":0,"7":0,"8":0,"9":0,"10":0,"11":0,"12":0,"13":0,"14":0,"15":0,"16":0,"17":0,"18":0,"19":0,"20":0,"21":0,"22":0,"23":0,"24":0,"25":0,"26":0,"27":0,"28":0,"29":0,"30":0,"31":0,"32":1},"f":{"0":0,"1":0,"2":0,"3":0,"4":0},"b":{"0":[0,0,0,0,0],"1":[0,0],"2":[0,0],"3":[0,0],"4":[0,0,0,0,0],"5":[0,0],"6":[0,0]},"_coverageSchema":"1a1c01bbd47fc00a2c39e90264f33305004495a9","hash":"daa3a5ce81ff1d09549ca4c0e239e6eec1a08955"}
,"C:\\Users\\Michał\\Desktop\\PracaInzynierska\\course-service\\src\\modules\\homework\\zadanieDomowe.model.js": {"path":"C:\\Users\\Michał\\Desktop\\PracaInzynierska\\course-service\\src\\modules\\homework\\zadanieDomowe.model.js","statementMap":{"0":{"start":{"line":1,"column":29},"end":{"line":1,"column":49}},"1":{"start":{"line":2,"column":22},"end":{"line":2,"column":48}},"2":{"start":{"line":6,"column":0},"end":{"line":33,"column":3}},"3":{"start":{"line":35,"column":0},"end":{"line":35,"column":31}}},"fnMap":{},"branchMap":{},"s":{"0":2,"1":2,"2":2,"3":2},"f":{},"b":{},"_coverageSchema":"1a1c01bbd47fc00a2c39e90264f33305004495a9","hash":"b9c263029e8e3f9207ccd3ab81c5ab29246ebddd"}
,"C:\\Users\\Michał\\Desktop\\PracaInzynierska\\course-service\\src\\modules\\homework\\zadanieDomowe.repository.js": {"path":"C:\\Users\\Michał\\Desktop\\PracaInzynierska\\course-service\\src\\modules\\homework\\zadanieDomowe.repository.js","statementMap":{"0":{"start":{"line":1,"column":22},"end":{"line":1,"column":48}},"1":{"start":{"line":2,"column":22},"end":{"line":2,"column":54}},"2":{"start":{"line":4,"column":27},"end":{"line":108,"column":1}},"3":{"start":{"line":6,"column":25},"end":{"line":11,"column":10}},"4":{"start":{"line":12,"column":8},"end":{"line":12,"column":24}},"5":{"start":{"line":16,"column":24},"end":{"line":16,"column":40}},"6":{"start":{"line":17,"column":26},"end":{"line":17,"column":43}},"7":{"start":{"line":19,"column":8},"end":{"line":21,"column":9}},"8":{"start":{"line":20,"column":12},"end":{"line":20,"column":54}},"9":{"start":{"line":22,"column":8},"end":{"line":24,"column":9}},"10":{"start":{"line":23,"column":12},"end":{"line":23,"column":55}},"11":{"start":{"line":26,"column":26},"end":{"line":45,"column":9}},"12":{"start":{"line":47,"column":8},"end":{"line":47,"column":23}},"13":{"start":{"line":51,"column":24},"end":{"line":51,"column":40}},"14":{"start":{"line":52,"column":26},"end":{"line":52,"column":43}},"15":{"start":{"line":54,"column":8},"end":{"line":56,"column":9}},"16":{"start":{"line":55,"column":12},"end":{"line":55,"column":54}},"17":{"start":{"line":57,"column":8},"end":{"line":59,"column":9}},"18":{"start":{"line":58,"column":12},"end":{"line":58,"column":55}},"19":{"start":{"line":61,"column":24},"end":{"line":85,"column":9}},"20":{"start":{"line":87,"column":8},"end":{"line":87,"column":23}},"21":{"start":{"line":91,"column":25},"end":{"line":91,"column":65}},"22":{"start":{"line":92,"column":8},"end":{"line":94,"column":9}},"23":{"start":{"line":93,"column":12},"end":{"line":93,"column":61}},"24":{"start":{"line":95,"column":8},"end":{"line":95,"column":43}},"25":{"start":{"line":99,"column":25},"end":{"line":99,"column":65}},"26":{"start":{"line":100,"column":8},"end":{"line":102,"column":9}},"27":{"start":{"line":101,"column":12},"end":{"line":101,"column":61}},"28":{"start":{"line":103,"column":8},"end":{"line":103,"column":40}},"29":{"start":{"line":110,"column":0},"end":{"line":110,"column":36}}},"fnMap":{"0":{"name":"(anonymous_0)","decl":{"start":{"line":5,"column":4},"end":{"line":5,"column":5}},"loc":{"start":{"line":5,"column":31},"end":{"line":13,"column":5}},"line":5},"1":{"name":"(anonymous_1)","decl":{"start":{"line":15,"column":4},"end":{"line":15,"column":5}},"loc":{"start":{"line":15,"column":52},"end":{"line":48,"column":5}},"line":15},"2":{"name":"(anonymous_2)","decl":{"start":{"line":50,"column":4},"end":{"line":50,"column":5}},"loc":{"start":{"line":50,"column":65},"end":{"line":88,"column":5}},"line":50},"3":{"name":"(anonymous_3)","decl":{"start":{"line":90,"column":4},"end":{"line":90,"column":5}},"loc":{"start":{"line":90,"column":43},"end":{"line":96,"column":5}},"line":90},"4":{"name":"(anonymous_4)","decl":{"start":{"line":98,"column":4},"end":{"line":98,"column":5}},"loc":{"start":{"line":98,"column":37},"end":{"line":104,"column":5}},"line":98}},"branchMap":{"0":{"loc":{"start":{"line":19,"column":8},"end":{"line":21,"column":9}},"type":"if","locations":[{"start":{"line":19,"column":8},"end":{"line":21,"column":9}},{"start":{},"end":{}}],"line":19},"1":{"loc":{"start":{"line":22,"column":8},"end":{"line":24,"column":9}},"type":"if","locations":[{"start":{"line":22,"column":8},"end":{"line":24,"column":9}},{"start":{},"end":{}}],"line":22},"2":{"loc":{"start":{"line":54,"column":8},"end":{"line":56,"column":9}},"type":"if","locations":[{"start":{"line":54,"column":8},"end":{"line":56,"column":9}},{"start":{},"end":{}}],"line":54},"3":{"loc":{"start":{"line":57,"column":8},"end":{"line":59,"column":9}},"type":"if","locations":[{"start":{"line":57,"column":8},"end":{"line":59,"column":9}},{"start":{},"end":{}}],"line":57},"4":{"loc":{"start":{"line":92,"column":8},"end":{"line":94,"column":9}},"type":"if","locations":[{"start":{"line":92,"column":8},"end":{"line":94,"column":9}},{"start":{},"end":{}}],"line":92},"5":{"loc":{"start":{"line":100,"column":8},"end":{"line":102,"column":9}},"type":"if","locations":[{"start":{"line":100,"column":8},"end":{"line":102,"column":9}},{"start":{},"end":{}}],"line":100}},"s":{"0":1,"1":1,"2":1,"3":0,"4":0,"5":0,"6":0,"7":0,"8":0,"9":0,"10":0,"11":0,"12":0,"13":0,"14":0,"15":0,"16":0,"17":0,"18":0,"19":0,"20":0,"21":0,"22":0,"23":0,"24":0,"25":0,"26":0,"27":0,"28":0,"29":1},"f":{"0":0,"1":0,"2":0,"3":0,"4":0},"b":{"0":[0,0],"1":[0,0],"2":[0,0],"3":[0,0],"4":[0,0],"5":[0,0]},"_coverageSchema":"1a1c01bbd47fc00a2c39e90264f33305004495a9","hash":"330a4ca4df8e89814742d9a2673e1504e88e9825"}
,"C:\\Users\\Michał\\Desktop\\PracaInzynierska\\course-service\\src\\modules\\homework\\zadanieDomowe.service.js": {"path":"C:\\Users\\Michał\\Desktop\\PracaInzynierska\\course-service\\src\\modules\\homework\\zadanieDomowe.service.js","statementMap":{"0":{"start":{"line":1,"column":27},"end":{"line":1,"column":64}},"1":{"start":{"line":5,"column":8},"end":{"line":7,"column":9}},"2":{"start":{"line":6,"column":12},"end":{"line":6,"column":45}},"3":{"start":{"line":8,"column":8},"end":{"line":8,"column":61}},"4":{"start":{"line":12,"column":8},"end":{"line":12,"column":82}},"5":{"start":{"line":16,"column":8},"end":{"line":16,"column":95}},"6":{"start":{"line":20,"column":8},"end":{"line":20,"column":73}},"7":{"start":{"line":24,"column":8},"end":{"line":24,"column":67}},"8":{"start":{"line":30,"column":0},"end":{"line":30,"column":39}}},"fnMap":{"0":{"name":"(anonymous_0)","decl":{"start":{"line":4,"column":4},"end":{"line":4,"column":5}},"loc":{"start":{"line":4,"column":28},"end":{"line":9,"column":5}},"line":4},"1":{"name":"(anonymous_1)","decl":{"start":{"line":11,"column":4},"end":{"line":11,"column":5}},"loc":{"start":{"line":11,"column":51},"end":{"line":13,"column":5}},"line":11},"2":{"name":"(anonymous_2)","decl":{"start":{"line":15,"column":4},"end":{"line":15,"column":5}},"loc":{"start":{"line":15,"column":64},"end":{"line":17,"column":5}},"line":15},"3":{"name":"(anonymous_3)","decl":{"start":{"line":19,"column":4},"end":{"line":19,"column":5}},"loc":{"start":{"line":19,"column":43},"end":{"line":21,"column":5}},"line":19},"4":{"name":"(anonymous_4)","decl":{"start":{"line":23,"column":4},"end":{"line":23,"column":5}},"loc":{"start":{"line":23,"column":37},"end":{"line":25,"column":5}},"line":23}},"branchMap":{"0":{"loc":{"start":{"line":5,"column":8},"end":{"line":7,"column":9}},"type":"if","locations":[{"start":{"line":5,"column":8},"end":{"line":7,"column":9}},{"start":{},"end":{}}],"line":5}},"s":{"0":1,"1":0,"2":0,"3":0,"4":0,"5":0,"6":0,"7":0,"8":1},"f":{"0":0,"1":0,"2":0,"3":0,"4":0},"b":{"0":[0,0]},"_coverageSchema":"1a1c01bbd47fc00a2c39e90264f33305004495a9","hash":"3d71975ae09004e2d3e6c06ccc665b1f46498d77"}
,"C:\\Users\\Michał\\Desktop\\PracaInzynierska\\course-service\\src\\modules\\homework_answer\\odpowiedzNaZadanie.controller.js": {"path":"C:\\Users\\Michał\\Desktop\\PracaInzynierska\\course-service\\src\\modules\\homework_answer\\odpowiedzNaZadanie.controller.js","statementMap":{"0":{"start":{"line":1,"column":30},"end":{"line":1,"column":69}},"1":{"start":{"line":2,"column":25},"end":{"line":2,"column":53}},"2":{"start":{"line":3,"column":14},"end":{"line":3,"column":30}},"3":{"start":{"line":5,"column":33},"end":{"line":112,"column":1}},"4":{"start":{"line":7,"column":8},"end":{"line":12,"column":9}},"5":{"start":{"line":8,"column":31},"end":{"line":8,"column":67}},"6":{"start":{"line":9,"column":12},"end":{"line":9,"column":45}},"7":{"start":{"line":11,"column":12},"end":{"line":11,"column":57}},"8":{"start":{"line":16,"column":8},"end":{"line":33,"column":9}},"9":{"start":{"line":17,"column":30},"end":{"line":17,"column":41}},"10":{"start":{"line":18,"column":42},"end":{"line":18,"column":50}},"11":{"start":{"line":20,"column":12},"end":{"line":22,"column":13}},"12":{"start":{"line":21,"column":16},"end":{"line":21,"column":73}},"13":{"start":{"line":24,"column":30},"end":{"line":28,"column":14}},"14":{"start":{"line":30,"column":12},"end":{"line":30,"column":44}},"15":{"start":{"line":32,"column":12},"end":{"line":32,"column":57}},"16":{"start":{"line":37,"column":8},"end":{"line":43,"column":9}},"17":{"start":{"line":38,"column":35},"end":{"line":38,"column":45}},"18":{"start":{"line":39,"column":31},"end":{"line":39,"column":93}},"19":{"start":{"line":40,"column":12},"end":{"line":40,"column":45}},"20":{"start":{"line":42,"column":12},"end":{"line":42,"column":57}},"21":{"start":{"line":47,"column":8},"end":{"line":64,"column":9}},"22":{"start":{"line":48,"column":38},"end":{"line":48,"column":48}},"23":{"start":{"line":49,"column":30},"end":{"line":49,"column":38}},"24":{"start":{"line":51,"column":12},"end":{"line":53,"column":13}},"25":{"start":{"line":52,"column":16},"end":{"line":52,"column":46}},"26":{"start":{"line":55,"column":29},"end":{"line":55,"column":42}},"27":{"start":{"line":56,"column":12},"end":{"line":58,"column":13}},"28":{"start":{"line":57,"column":16},"end":{"line":57,"column":74}},"29":{"start":{"line":60,"column":30},"end":{"line":60,"column":94}},"30":{"start":{"line":61,"column":12},"end":{"line":61,"column":44}},"31":{"start":{"line":63,"column":12},"end":{"line":63,"column":57}},"32":{"start":{"line":68,"column":8},"end":{"line":76,"column":9}},"33":{"start":{"line":69,"column":35},"end":{"line":69,"column":45}},"34":{"start":{"line":70,"column":30},"end":{"line":70,"column":41}},"35":{"start":{"line":72,"column":30},"end":{"line":72,"column":97}},"36":{"start":{"line":73,"column":12},"end":{"line":73,"column":44}},"37":{"start":{"line":75,"column":12},"end":{"line":75,"column":57}},"38":{"start":{"line":81,"column":8},"end":{"line":89,"column":9}},"39":{"start":{"line":82,"column":30},"end":{"line":82,"column":41}},"40":{"start":{"line":84,"column":31},"end":{"line":84,"column":92}},"41":{"start":{"line":86,"column":12},"end":{"line":86,"column":45}},"42":{"start":{"line":88,"column":12},"end":{"line":88,"column":57}},"43":{"start":{"line":93,"column":8},"end":{"line":110,"column":9}},"44":{"start":{"line":94,"column":36},"end":{"line":94,"column":46}},"45":{"start":{"line":96,"column":27},"end":{"line":96,"column":102}},"46":{"start":{"line":97,"column":30},"end":{"line":97,"column":41}},"47":{"start":{"line":99,"column":12},"end":{"line":101,"column":13}},"48":{"start":{"line":100,"column":16},"end":{"line":100,"column":48}},"49":{"start":{"line":103,"column":24},"end":{"line":103,"column":55}},"50":{"start":{"line":103,"column":43},"end":{"line":103,"column":54}},"51":{"start":{"line":105,"column":31},"end":{"line":105,"column":87}},"52":{"start":{"line":107,"column":12},"end":{"line":107,"column":45}},"53":{"start":{"line":109,"column":12},"end":{"line":109,"column":57}},"54":{"start":{"line":114,"column":0},"end":{"line":114,"column":42}}},"fnMap":{"0":{"name":"(anonymous_0)","decl":{"start":{"line":6,"column":4},"end":{"line":6,"column":5}},"loc":{"start":{"line":6,"column":27},"end":{"line":13,"column":5}},"line":6},"1":{"name":"(anonymous_1)","decl":{"start":{"line":15,"column":4},"end":{"line":15,"column":5}},"loc":{"start":{"line":15,"column":27},"end":{"line":34,"column":5}},"line":15},"2":{"name":"(anonymous_2)","decl":{"start":{"line":36,"column":4},"end":{"line":36,"column":5}},"loc":{"start":{"line":36,"column":31},"end":{"line":44,"column":5}},"line":36},"3":{"name":"(anonymous_3)","decl":{"start":{"line":46,"column":4},"end":{"line":46,"column":5}},"loc":{"start":{"line":46,"column":32},"end":{"line":65,"column":5}},"line":46},"4":{"name":"(anonymous_4)","decl":{"start":{"line":67,"column":4},"end":{"line":67,"column":5}},"loc":{"start":{"line":67,"column":37},"end":{"line":77,"column":5}},"line":67},"5":{"name":"(anonymous_5)","decl":{"start":{"line":80,"column":4},"end":{"line":80,"column":5}},"loc":{"start":{"line":80,"column":35},"end":{"line":90,"column":5}},"line":80},"6":{"name":"(anonymous_6)","decl":{"start":{"line":92,"column":4},"end":{"line":92,"column":5}},"loc":{"start":{"line":92,"column":43},"end":{"line":111,"column":5}},"line":92},"7":{"name":"(anonymous_7)","decl":{"start":{"line":103,"column":38},"end":{"line":103,"column":39}},"loc":{"start":{"line":103,"column":43},"end":{"line":103,"column":54}},"line":103}},"branchMap":{"0":{"loc":{"start":{"line":20,"column":12},"end":{"line":22,"column":13}},"type":"if","locations":[{"start":{"line":20,"column":12},"end":{"line":22,"column":13}},{"start":{},"end":{}}],"line":20},"1":{"loc":{"start":{"line":20,"column":16},"end":{"line":20,"column":37}},"type":"binary-expr","locations":[{"start":{"line":20,"column":16},"end":{"line":20,"column":27}},{"start":{"line":20,"column":31},"end":{"line":20,"column":37}}],"line":20},"2":{"loc":{"start":{"line":51,"column":12},"end":{"line":53,"column":13}},"type":"if","locations":[{"start":{"line":51,"column":12},"end":{"line":53,"column":13}},{"start":{},"end":{}}],"line":51},"3":{"loc":{"start":{"line":51,"column":16},"end":{"line":51,"column":53}},"type":"binary-expr","locations":[{"start":{"line":51,"column":16},"end":{"line":51,"column":35}},{"start":{"line":51,"column":39},"end":{"line":51,"column":53}}],"line":51},"4":{"loc":{"start":{"line":56,"column":12},"end":{"line":58,"column":13}},"type":"if","locations":[{"start":{"line":56,"column":12},"end":{"line":58,"column":13}},{"start":{},"end":{}}],"line":56},"5":{"loc":{"start":{"line":56,"column":16},"end":{"line":56,"column":65}},"type":"binary-expr","locations":[{"start":{"line":56,"column":16},"end":{"line":56,"column":31}},{"start":{"line":56,"column":35},"end":{"line":56,"column":47}},{"start":{"line":56,"column":51},"end":{"line":56,"column":65}}],"line":56},"6":{"loc":{"start":{"line":99,"column":12},"end":{"line":101,"column":13}},"type":"if","locations":[{"start":{"line":99,"column":12},"end":{"line":101,"column":13}},{"start":{},"end":{}}],"line":99}},"s":{"0":1,"1":1,"2":1,"3":1,"4":0,"5":0,"6":0,"7":0,"8":0,"9":0,"10":0,"11":0,"12":0,"13":0,"14":0,"15":0,"16":0,"17":0,"18":0,"19":0,"20":0,"21":0,"22":0,"23":0,"24":0,"25":0,"26":0,"27":0,"28":0,"29":0,"30":0,"31":0,"32":0,"33":0,"34":0,"35":0,"36":0,"37":0,"38":0,"39":0,"40":0,"41":0,"42":0,"43":0,"44":0,"45":0,"46":0,"47":0,"48":0,"49":0,"50":0,"51":0,"52":0,"53":0,"54":1},"f":{"0":0,"1":0,"2":0,"3":0,"4":0,"5":0,"6":0,"7":0},"b":{"0":[0,0],"1":[0,0],"2":[0,0],"3":[0,0],"4":[0,0],"5":[0,0,0],"6":[0,0]},"_coverageSchema":"1a1c01bbd47fc00a2c39e90264f33305004495a9","hash":"4908a75ed33604217e60e9248aba1e8fe67361e8"}
,"C:\\Users\\Michał\\Desktop\\PracaInzynierska\\course-service\\src\\modules\\homework_answer\\odpowiedzNaZadanie.model.js": {"path":"C:\\Users\\Michał\\Desktop\\PracaInzynierska\\course-service\\src\\modules\\homework_answer\\odpowiedzNaZadanie.model.js","statementMap":{"0":{"start":{"line":1,"column":29},"end":{"line":1,"column":49}},"1":{"start":{"line":2,"column":22},"end":{"line":2,"column":48}},"2":{"start":{"line":6,"column":0},"end":{"line":33,"column":3}},"3":{"start":{"line":35,"column":0},"end":{"line":35,"column":36}}},"fnMap":{},"branchMap":{},"s":{"0":1,"1":1,"2":1,"3":1},"f":{},"b":{},"_coverageSchema":"1a1c01bbd47fc00a2c39e90264f33305004495a9","hash":"531f36dbf4eb7a5191759581b71bc8cb7eae5905"}
,"C:\\Users\\Michał\\Desktop\\PracaInzynierska\\course-service\\src\\modules\\homework_answer\\odpowiedzNaZadanie.repository.js": {"path":"C:\\Users\\Michał\\Desktop\\PracaInzynierska\\course-service\\src\\modules\\homework_answer\\odpowiedzNaZadanie.repository.js","statementMap":{"0":{"start":{"line":1,"column":27},"end":{"line":1,"column":64}},"1":{"start":{"line":3,"column":33},"end":{"line":62,"column":1}},"2":{"start":{"line":5,"column":8},"end":{"line":7,"column":11}},"3":{"start":{"line":11,"column":8},"end":{"line":11,"column":53}},"4":{"start":{"line":16,"column":8},"end":{"line":19,"column":11}},"5":{"start":{"line":24,"column":26},"end":{"line":24,"column":74}},"6":{"start":{"line":25,"column":8},"end":{"line":27,"column":9}},"7":{"start":{"line":26,"column":12},"end":{"line":26,"column":56}},"8":{"start":{"line":29,"column":8},"end":{"line":29,"column":32}},"9":{"start":{"line":30,"column":8},"end":{"line":30,"column":31}},"10":{"start":{"line":31,"column":8},"end":{"line":31,"column":25}},"11":{"start":{"line":36,"column":8},"end":{"line":38,"column":11}},"12":{"start":{"line":42,"column":8},"end":{"line":45,"column":11}},"13":{"start":{"line":49,"column":8},"end":{"line":59,"column":11}},"14":{"start":{"line":64,"column":0},"end":{"line":64,"column":42}}},"fnMap":{"0":{"name":"(anonymous_0)","decl":{"start":{"line":4,"column":4},"end":{"line":4,"column":5}},"loc":{"start":{"line":4,"column":20},"end":{"line":8,"column":5}},"line":4},"1":{"name":"(anonymous_1)","decl":{"start":{"line":10,"column":4},"end":{"line":10,"column":5}},"loc":{"start":{"line":10,"column":29},"end":{"line":12,"column":5}},"line":10},"2":{"name":"(anonymous_2)","decl":{"start":{"line":15,"column":4},"end":{"line":15,"column":5}},"loc":{"start":{"line":15,"column":45},"end":{"line":20,"column":5}},"line":15},"3":{"name":"(anonymous_3)","decl":{"start":{"line":23,"column":4},"end":{"line":23,"column":5}},"loc":{"start":{"line":23,"column":44},"end":{"line":32,"column":5}},"line":23},"4":{"name":"(anonymous_4)","decl":{"start":{"line":35,"column":4},"end":{"line":35,"column":5}},"loc":{"start":{"line":35,"column":50},"end":{"line":39,"column":5}},"line":35},"5":{"name":"(anonymous_5)","decl":{"start":{"line":41,"column":4},"end":{"line":41,"column":5}},"loc":{"start":{"line":41,"column":43},"end":{"line":46,"column":5}},"line":41},"6":{"name":"(anonymous_6)","decl":{"start":{"line":48,"column":4},"end":{"line":48,"column":5}},"loc":{"start":{"line":48,"column":43},"end":{"line":60,"column":5}},"line":48}},"branchMap":{"0":{"loc":{"start":{"line":25,"column":8},"end":{"line":27,"column":9}},"type":"if","locations":[{"start":{"line":25,"column":8},"end":{"line":27,"column":9}},{"start":{},"end":{}}],"line":25}},"s":{"0":1,"1":1,"2":0,"3":0,"4":0,"5":0,"6":0,"7":0,"8":0,"9":0,"10":0,"11":0,"12":0,"13":0,"14":1},"f":{"0":0,"1":0,"2":0,"3":0,"4":0,"5":0,"6":0},"b":{"0":[0,0]},"_coverageSchema":"1a1c01bbd47fc00a2c39e90264f33305004495a9","hash":"d30de3faf790a2ec01c40ac6c240b4b21f59c864"}
,"C:\\Users\\Michał\\Desktop\\PracaInzynierska\\course-service\\src\\modules\\homework_answer\\odpowiedzNaZadanie.service.js": {"path":"C:\\Users\\Michał\\Desktop\\PracaInzynierska\\course-service\\src\\modules\\homework_answer\\odpowiedzNaZadanie.service.js","statementMap":{"0":{"start":{"line":1,"column":33},"end":{"line":1,"column":75}},"1":{"start":{"line":2,"column":14},"end":{"line":2,"column":30}},"2":{"start":{"line":3,"column":25},"end":{"line":3,"column":53}},"3":{"start":{"line":7,"column":27},"end":{"line":7,"column":67}},"4":{"start":{"line":8,"column":8},"end":{"line":8,"column":54}},"5":{"start":{"line":12,"column":8},"end":{"line":14,"column":9}},"6":{"start":{"line":13,"column":12},"end":{"line":13,"column":81}},"7":{"start":{"line":15,"column":8},"end":{"line":15,"column":65}},"8":{"start":{"line":19,"column":8},"end":{"line":19,"column":60}},"9":{"start":{"line":19,"column":25},"end":{"line":19,"column":60}},"10":{"start":{"line":21,"column":27},"end":{"line":21,"column":92}},"11":{"start":{"line":22,"column":8},"end":{"line":22,"column":54}},"12":{"start":{"line":26,"column":8},"end":{"line":28,"column":9}},"13":{"start":{"line":27,"column":12},"end":{"line":27,"column":60}},"14":{"start":{"line":29,"column":8},"end":{"line":31,"column":9}},"15":{"start":{"line":30,"column":12},"end":{"line":30,"column":63}},"16":{"start":{"line":32,"column":8},"end":{"line":32,"column":80}},"17":{"start":{"line":36,"column":8},"end":{"line":36,"column":88}},"18":{"start":{"line":36,"column":39},"end":{"line":36,"column":88}},"19":{"start":{"line":38,"column":26},"end":{"line":38,"column":96}},"20":{"start":{"line":39,"column":8},"end":{"line":39,"column":36}},"21":{"start":{"line":39,"column":24},"end":{"line":39,"column":36}},"22":{"start":{"line":41,"column":21},"end":{"line":41,"column":53}},"23":{"start":{"line":42,"column":8},"end":{"line":42,"column":49}},"24":{"start":{"line":46,"column":8},"end":{"line":46,"column":58}},"25":{"start":{"line":46,"column":24},"end":{"line":46,"column":58}},"26":{"start":{"line":48,"column":27},"end":{"line":48,"column":90}},"27":{"start":{"line":49,"column":8},"end":{"line":49,"column":54}},"28":{"start":{"line":53,"column":8},"end":{"line":55,"column":9}},"29":{"start":{"line":54,"column":12},"end":{"line":54,"column":53}},"30":{"start":{"line":57,"column":27},"end":{"line":57,"column":90}},"31":{"start":{"line":58,"column":8},"end":{"line":58,"column":54}},"32":{"start":{"line":62,"column":24},"end":{"line":62,"column":67}},"33":{"start":{"line":62,"column":53},"end":{"line":62,"column":64}},"34":{"start":{"line":63,"column":22},"end":{"line":63,"column":79}},"35":{"start":{"line":63,"column":58},"end":{"line":63,"column":77}},"36":{"start":{"line":64,"column":24},"end":{"line":64,"column":26}},"37":{"start":{"line":65,"column":8},"end":{"line":65,"column":69}},"38":{"start":{"line":65,"column":29},"end":{"line":65,"column":65}},"39":{"start":{"line":65,"column":35},"end":{"line":65,"column":65}},"40":{"start":{"line":67,"column":8},"end":{"line":70,"column":12}},"41":{"start":{"line":67,"column":33},"end":{"line":70,"column":9}},"42":{"start":{"line":74,"column":8},"end":{"line":80,"column":9}},"43":{"start":{"line":75,"column":24},"end":{"line":75,"column":73}},"44":{"start":{"line":76,"column":12},"end":{"line":76,"column":28}},"45":{"start":{"line":78,"column":12},"end":{"line":78,"column":77}},"46":{"start":{"line":79,"column":12},"end":{"line":79,"column":24}},"47":{"start":{"line":85,"column":0},"end":{"line":85,"column":45}}},"fnMap":{"0":{"name":"(anonymous_0)","decl":{"start":{"line":6,"column":4},"end":{"line":6,"column":5}},"loc":{"start":{"line":6,"column":19},"end":{"line":9,"column":5}},"line":6},"1":{"name":"(anonymous_1)","decl":{"start":{"line":11,"column":4},"end":{"line":11,"column":5}},"loc":{"start":{"line":11,"column":26},"end":{"line":16,"column":5}},"line":11},"2":{"name":"(anonymous_2)","decl":{"start":{"line":18,"column":4},"end":{"line":18,"column":5}},"loc":{"start":{"line":18,"column":45},"end":{"line":23,"column":5}},"line":18},"3":{"name":"(anonymous_3)","decl":{"start":{"line":25,"column":4},"end":{"line":25,"column":5}},"loc":{"start":{"line":25,"column":44},"end":{"line":33,"column":5}},"line":25},"4":{"name":"(anonymous_4)","decl":{"start":{"line":35,"column":4},"end":{"line":35,"column":5}},"loc":{"start":{"line":35,"column":50},"end":{"line":43,"column":5}},"line":35},"5":{"name":"(anonymous_5)","decl":{"start":{"line":45,"column":4},"end":{"line":45,"column":5}},"loc":{"start":{"line":45,"column":44},"end":{"line":50,"column":5}},"line":45},"6":{"name":"(anonymous_6)","decl":{"start":{"line":52,"column":4},"end":{"line":52,"column":5}},"loc":{"start":{"line":52,"column":46},"end":{"line":59,"column":5}},"line":52},"7":{"name":"(anonymous_7)","decl":{"start":{"line":61,"column":4},"end":{"line":61,"column":5}},"loc":{"start":{"line":61,"column":35},"end":{"line":71,"column":5}},"line":61},"8":{"name":"(anonymous_8)","decl":{"start":{"line":62,"column":48},"end":{"line":62,"column":49}},"loc":{"start":{"line":62,"column":53},"end":{"line":62,"column":64}},"line":62},"9":{"name":"(anonymous_9)","decl":{"start":{"line":63,"column":52},"end":{"line":63,"column":53}},"loc":{"start":{"line":63,"column":58},"end":{"line":63,"column":77}},"line":63},"10":{"name":"(anonymous_10)","decl":{"start":{"line":65,"column":22},"end":{"line":65,"column":23}},"loc":{"start":{"line":65,"column":27},"end":{"line":65,"column":67}},"line":65},"11":{"name":"(anonymous_11)","decl":{"start":{"line":67,"column":27},"end":{"line":67,"column":28}},"loc":{"start":{"line":67,"column":33},"end":{"line":70,"column":9}},"line":67},"12":{"name":"(anonymous_12)","decl":{"start":{"line":73,"column":4},"end":{"line":73,"column":5}},"loc":{"start":{"line":73,"column":25},"end":{"line":81,"column":5}},"line":73}},"branchMap":{"0":{"loc":{"start":{"line":12,"column":8},"end":{"line":14,"column":9}},"type":"if","locations":[{"start":{"line":12,"column":8},"end":{"line":14,"column":9}},{"start":{},"end":{}}],"line":12},"1":{"loc":{"start":{"line":12,"column":12},"end":{"line":12,"column":62}},"type":"binary-expr","locations":[{"start":{"line":12,"column":12},"end":{"line":12,"column":28}},{"start":{"line":12,"column":32},"end":{"line":12,"column":47}},{"start":{"line":12,"column":51},"end":{"line":12,"column":62}}],"line":12},"2":{"loc":{"start":{"line":19,"column":8},"end":{"line":19,"column":60}},"type":"if","locations":[{"start":{"line":19,"column":8},"end":{"line":19,"column":60}},{"start":{},"end":{}}],"line":19},"3":{"loc":{"start":{"line":26,"column":8},"end":{"line":28,"column":9}},"type":"if","locations":[{"start":{"line":26,"column":8},"end":{"line":28,"column":9}},{"start":{},"end":{}}],"line":26},"4":{"loc":{"start":{"line":26,"column":12},"end":{"line":26,"column":49}},"type":"binary-expr","locations":[{"start":{"line":26,"column":12},"end":{"line":26,"column":26}},{"start":{"line":26,"column":30},"end":{"line":26,"column":49}}],"line":26},"5":{"loc":{"start":{"line":29,"column":8},"end":{"line":31,"column":9}},"type":"if","locations":[{"start":{"line":29,"column":8},"end":{"line":31,"column":9}},{"start":{},"end":{}}],"line":29},"6":{"loc":{"start":{"line":29,"column":12},"end":{"line":29,"column":36}},"type":"binary-expr","locations":[{"start":{"line":29,"column":12},"end":{"line":29,"column":21}},{"start":{"line":29,"column":25},"end":{"line":29,"column":36}}],"line":29},"7":{"loc":{"start":{"line":36,"column":8},"end":{"line":36,"column":88}},"type":"if","locations":[{"start":{"line":36,"column":8},"end":{"line":36,"column":88}},{"start":{},"end":{}}],"line":36},"8":{"loc":{"start":{"line":36,"column":12},"end":{"line":36,"column":37}},"type":"binary-expr","locations":[{"start":{"line":36,"column":12},"end":{"line":36,"column":23}},{"start":{"line":36,"column":27},"end":{"line":36,"column":37}}],"line":36},"9":{"loc":{"start":{"line":39,"column":8},"end":{"line":39,"column":36}},"type":"if","locations":[{"start":{"line":39,"column":8},"end":{"line":39,"column":36}},{"start":{},"end":{}}],"line":39},"10":{"loc":{"start":{"line":46,"column":8},"end":{"line":46,"column":58}},"type":"if","locations":[{"start":{"line":46,"column":8},"end":{"line":46,"column":58}},{"start":{},"end":{}}],"line":46},"11":{"loc":{"start":{"line":53,"column":8},"end":{"line":55,"column":9}},"type":"if","locations":[{"start":{"line":53,"column":8},"end":{"line":55,"column":9}},{"start":{},"end":{}}],"line":53},"12":{"loc":{"start":{"line":53,"column":12},"end":{"line":53,"column":65}},"type":"binary-expr","locations":[{"start":{"line":53,"column":12},"end":{"line":53,"column":38}},{"start":{"line":53,"column":42},"end":{"line":53,"column":65}}],"line":53},"13":{"loc":{"start":{"line":65,"column":29},"end":{"line":65,"column":65}},"type":"if","locations":[{"start":{"line":65,"column":29},"end":{"line":65,"column":65}},{"start":{},"end":{}}],"line":65},"14":{"loc":{"start":{"line":69,"column":18},"end":{"line":69,"column":46}},"type":"binary-expr","locations":[{"start":{"line":69,"column":18},"end":{"line":69,"column":38}},{"start":{"line":69,"column":42},"end":{"line":69,"column":46}}],"line":69}},"s":{"0":1,"1":1,"2":1,"3":0,"4":0,"5":0,"6":0,"7":0,"8":0,"9":0,"10":0,"11":0,"12":0,"13":0,"14":0,"15":0,"16":0,"17":0,"18":0,"19":0,"20":0,"21":0,"22":0,"23":0,"24":0,"25":0,"26":0,"27":0,"28":0,"29":0,"30":0,"31":0,"32":0,"33":0,"34":0,"35":0,"36":0,"37":0,"38":0,"39":0,"40":0,"41":0,"42":0,"43":0,"44":0,"45":0,"46":0,"47":1},"f":{"0":0,"1":0,"2":0,"3":0,"4":0,"5":0,"6":0,"7":0,"8":0,"9":0,"10":0,"11":0,"12":0},"b":{"0":[0,0],"1":[0,0,0],"2":[0,0],"3":[0,0],"4":[0,0],"5":[0,0],"6":[0,0],"7":[0,0],"8":[0,0],"9":[0,0],"10":[0,0],"11":[0,0],"12":[0,0],"13":[0,0],"14":[0,0]},"_coverageSchema":"1a1c01bbd47fc00a2c39e90264f33305004495a9","hash":"4128aafa97f4c186e1f075e5aff97d807b5e2885"}
,"C:\\Users\\Michał\\Desktop\\PracaInzynierska\\course-service\\src\\modules\\lesson\\lesson.controller.js": {"path":"C:\\Users\\Michał\\Desktop\\PracaInzynierska\\course-service\\src\\modules\\lesson\\lesson.controller.js","statementMap":{"0":{"start":{"line":1,"column":22},"end":{"line":1,"column":49}},"1":{"start":{"line":2,"column":16},"end":{"line":2,"column":41}},"2":{"start":{"line":3,"column":34},"end":{"line":3,"column":69}},"3":{"start":{"line":6,"column":25},"end":{"line":134,"column":1}},"4":{"start":{"line":8,"column":8},"end":{"line":13,"column":9}},"5":{"start":{"line":9,"column":28},"end":{"line":9,"column":82}},"6":{"start":{"line":10,"column":12},"end":{"line":10,"column":30}},"7":{"start":{"line":12,"column":12},"end":{"line":12,"column":57}},"8":{"start":{"line":17,"column":8},"end":{"line":22,"column":9}},"9":{"start":{"line":18,"column":28},"end":{"line":18,"column":69}},"10":{"start":{"line":19,"column":12},"end":{"line":19,"column":30}},"11":{"start":{"line":21,"column":12},"end":{"line":21,"column":57}},"12":{"start":{"line":26,"column":8},"end":{"line":43,"column":9}},"13":{"start":{"line":27,"column":32},"end":{"line":27,"column":42}},"14":{"start":{"line":29,"column":30},"end":{"line":37,"column":14}},"15":{"start":{"line":39,"column":12},"end":{"line":39,"column":32}},"16":{"start":{"line":41,"column":12},"end":{"line":41,"column":31}},"17":{"start":{"line":42,"column":12},"end":{"line":42,"column":57}},"18":{"start":{"line":47,"column":8},"end":{"line":52,"column":9}},"19":{"start":{"line":48,"column":28},"end":{"line":48,"column":79}},"20":{"start":{"line":49,"column":12},"end":{"line":49,"column":30}},"21":{"start":{"line":51,"column":12},"end":{"line":51,"column":57}},"22":{"start":{"line":56,"column":8},"end":{"line":61,"column":9}},"23":{"start":{"line":57,"column":12},"end":{"line":57,"column":54}},"24":{"start":{"line":58,"column":12},"end":{"line":58,"column":54}},"25":{"start":{"line":60,"column":12},"end":{"line":60,"column":57}},"26":{"start":{"line":66,"column":8},"end":{"line":84,"column":9}},"27":{"start":{"line":67,"column":30},"end":{"line":67,"column":56}},"28":{"start":{"line":68,"column":36},"end":{"line":68,"column":44}},"29":{"start":{"line":70,"column":12},"end":{"line":72,"column":13}},"30":{"start":{"line":71,"column":16},"end":{"line":71,"column":84}},"31":{"start":{"line":74,"column":28},"end":{"line":78,"column":13}},"32":{"start":{"line":80,"column":12},"end":{"line":80,"column":30}},"33":{"start":{"line":82,"column":12},"end":{"line":82,"column":31}},"34":{"start":{"line":83,"column":12},"end":{"line":83,"column":57}},"35":{"start":{"line":89,"column":8},"end":{"line":100,"column":9}},"36":{"start":{"line":90,"column":32},"end":{"line":90,"column":42}},"37":{"start":{"line":91,"column":35},"end":{"line":91,"column":85}},"38":{"start":{"line":93,"column":12},"end":{"line":96,"column":15}},"39":{"start":{"line":98,"column":12},"end":{"line":98,"column":31}},"40":{"start":{"line":99,"column":12},"end":{"line":99,"column":57}},"41":{"start":{"line":104,"column":8},"end":{"line":110,"column":9}},"42":{"start":{"line":105,"column":28},"end":{"line":105,"column":69}},"43":{"start":{"line":106,"column":12},"end":{"line":106,"column":30}},"44":{"start":{"line":108,"column":12},"end":{"line":108,"column":31}},"45":{"start":{"line":109,"column":12},"end":{"line":109,"column":57}},"46":{"start":{"line":114,"column":8},"end":{"line":120,"column":9}},"47":{"start":{"line":115,"column":28},"end":{"line":115,"column":83}},"48":{"start":{"line":116,"column":12},"end":{"line":116,"column":30}},"49":{"start":{"line":118,"column":12},"end":{"line":118,"column":31}},"50":{"start":{"line":119,"column":12},"end":{"line":119,"column":57}},"51":{"start":{"line":124,"column":8},"end":{"line":131,"column":9}},"52":{"start":{"line":125,"column":32},"end":{"line":125,"column":42}},"53":{"start":{"line":126,"column":37},"end":{"line":126,"column":45}},"54":{"start":{"line":127,"column":27},"end":{"line":127,"column":88}},"55":{"start":{"line":128,"column":12},"end":{"line":128,"column":29}},"56":{"start":{"line":130,"column":12},"end":{"line":130,"column":57}},"57":{"start":{"line":136,"column":0},"end":{"line":136,"column":34}}},"fnMap":{"0":{"name":"(anonymous_0)","decl":{"start":{"line":7,"column":4},"end":{"line":7,"column":5}},"loc":{"start":{"line":7,"column":35},"end":{"line":14,"column":5}},"line":7},"1":{"name":"(anonymous_1)","decl":{"start":{"line":16,"column":4},"end":{"line":16,"column":5}},"loc":{"start":{"line":16,"column":27},"end":{"line":23,"column":5}},"line":16},"2":{"name":"(anonymous_2)","decl":{"start":{"line":25,"column":4},"end":{"line":25,"column":5}},"loc":{"start":{"line":25,"column":27},"end":{"line":44,"column":5}},"line":25},"3":{"name":"(anonymous_3)","decl":{"start":{"line":46,"column":4},"end":{"line":46,"column":5}},"loc":{"start":{"line":46,"column":27},"end":{"line":53,"column":5}},"line":46},"4":{"name":"(anonymous_4)","decl":{"start":{"line":55,"column":4},"end":{"line":55,"column":5}},"loc":{"start":{"line":55,"column":27},"end":{"line":62,"column":5}},"line":55},"5":{"name":"(anonymous_5)","decl":{"start":{"line":65,"column":4},"end":{"line":65,"column":5}},"loc":{"start":{"line":65,"column":48},"end":{"line":85,"column":5}},"line":65},"6":{"name":"(anonymous_6)","decl":{"start":{"line":88,"column":4},"end":{"line":88,"column":5}},"loc":{"start":{"line":88,"column":42},"end":{"line":101,"column":5}},"line":88},"7":{"name":"(anonymous_7)","decl":{"start":{"line":103,"column":4},"end":{"line":103,"column":5}},"loc":{"start":{"line":103,"column":40},"end":{"line":111,"column":5}},"line":103},"8":{"name":"(anonymous_8)","decl":{"start":{"line":113,"column":4},"end":{"line":113,"column":5}},"loc":{"start":{"line":113,"column":41},"end":{"line":121,"column":5}},"line":113},"9":{"name":"(anonymous_9)","decl":{"start":{"line":123,"column":4},"end":{"line":123,"column":5}},"loc":{"start":{"line":123,"column":39},"end":{"line":132,"column":5}},"line":123}},"branchMap":{"0":{"loc":{"start":{"line":70,"column":12},"end":{"line":72,"column":13}},"type":"if","locations":[{"start":{"line":70,"column":12},"end":{"line":72,"column":13}},{"start":{},"end":{}}],"line":70},"1":{"loc":{"start":{"line":70,"column":16},"end":{"line":70,"column":31}},"type":"binary-expr","locations":[{"start":{"line":70,"column":16},"end":{"line":70,"column":21}},{"start":{"line":70,"column":25},"end":{"line":70,"column":31}}],"line":70}},"s":{"0":1,"1":1,"2":1,"3":1,"4":0,"5":0,"6":0,"7":0,"8":0,"9":0,"10":0,"11":0,"12":0,"13":0,"14":0,"15":0,"16":0,"17":0,"18":0,"19":0,"20":0,"21":0,"22":0,"23":0,"24":0,"25":0,"26":0,"27":0,"28":0,"29":0,"30":0,"31":0,"32":0,"33":0,"34":0,"35":0,"36":0,"37":0,"38":0,"39":0,"40":0,"41":0,"42":0,"43":0,"44":0,"45":0,"46":0,"47":0,"48":0,"49":0,"50":0,"51":0,"52":0,"53":0,"54":0,"55":0,"56":0,"57":1},"f":{"0":0,"1":0,"2":0,"3":0,"4":0,"5":0,"6":0,"7":0,"8":0,"9":0},"b":{"0":[0,0],"1":[0,0]},"_coverageSchema":"1a1c01bbd47fc00a2c39e90264f33305004495a9","hash":"5cf82b7af67ef9d64f881066245655148e5ea823"}
,"C:\\Users\\Michał\\Desktop\\PracaInzynierska\\course-service\\src\\modules\\lesson\\lesson.model.js": {"path":"C:\\Users\\Michał\\Desktop\\PracaInzynierska\\course-service\\src\\modules\\lesson\\lesson.model.js","statementMap":{"0":{"start":{"line":1,"column":29},"end":{"line":1,"column":49}},"1":{"start":{"line":2,"column":22},"end":{"line":2,"column":48}},"2":{"start":{"line":6,"column":0},"end":{"line":43,"column":3}},"3":{"start":{"line":45,"column":0},"end":{"line":45,"column":25}}},"fnMap":{},"branchMap":{},"s":{"0":4,"1":4,"2":4,"3":4},"f":{},"b":{},"_coverageSchema":"1a1c01bbd47fc00a2c39e90264f33305004495a9","hash":"82b0f2e0842c15f1f62c2788188f7b49fae807ed"}
[...]
,"C:\\Users\\Michał\\Desktop\\PracaInzynierska\\course-service\\src\\modules\\room\\room.service.js": {"path":"C:\\Users\\Michał\\Desktop\\PracaInzynierska\\course-service\\src\\modules\\room\\room.service.js","statementMap":{"0":{"start":{"line":1,"column":23},"end":{"line":1,"column":51}},"1":{"start":{"line":6,"column":8},"end":{"line":6,"column":40}},"2":{"start":{"line":10,"column":8},"end":{"line":10,"column":42}},"3":{"start":{"line":14,"column":8},"end":{"line":14,"column":43}},"4":{"start":{"line":18,"column":8},"end":{"line":18,"column":47}},"5":{"start":{"line":22,"column":8},"end":{"line":22,"column":41}},"6":{"start":{"line":26,"column":0},"end":{"line":26,"column":35}}},"fnMap":{"0":{"name":"(anonymous_0)","decl":{"start":{"line":5,"column":4},"end":{"line":5,"column":5}},"loc":{"start":{"line":5,"column":13},"end":{"line":7,"column":5}},"line":5},"1":{"name":"(anonymous_1)","decl":{"start":{"line":9,"column":4},"end":{"line":9,"column":5}},"loc":{"start":{"line":9,"column":15},"end":{"line":11,"column":5}},"line":9},"2":{"name":"(anonymous_2)","decl":{"start":{"line":13,"column":4},"end":{"line":13,"column":5}},"loc":{"start":{"line":13,"column":17},"end":{"line":15,"column":5}},"line":13},"3":{"name":"(anonymous_3)","decl":{"start":{"line":17,"column":4},"end":{"line":17,"column":5}},"loc":{"start":{"line":17,"column":21},"end":{"line":19,"column":5}},"line":17},"4":{"name":"(anonymous_4)","decl":{"start":{"line":21,"column":4},"end":{"line":21,"column":5}},"loc":{"start":{"line":21,"column":15},"end":{"line":23,"column":5}},"line":21}},"branchMap":{},"s":{"0":1,"1":0,"2":0,"3":0,"4":0,"5":0,"6":1},"f":{"0":0,"1":0,"2":0,"3":0,"4":0},"b":{},"_coverageSchema":"1a1c01bbd47fc00a2c39e90264f33305004495a9","hash":"ba18251a97b27a43e6130c1e16b62a3a477e4302"}
,"C:\\Users\\Michał\\Desktop\\PracaInzynierska\\course-service\\src\\modules\\substitute\\substitute.controller.js": {"path":"C:\\Users\\Michał\\Desktop\\PracaInzynierska\\course-service\\src\\modules\\substitute\\substitute.controller.js","statementMap":{"0":{"start":{"line":1,"column":26},"end":{"line":1,"column":57}},"1":{"start":{"line":5,"column":8},"end":{"line":10,"column":9}},"2":{"start":{"line":6,"column":32},"end":{"line":6,"column":64}},"3":{"start":{"line":7,"column":12},"end":{"line":7,"column":34}},"4":{"start":{"line":9,"column":12},"end":{"line":9,"column":57}},"5":{"start":{"line":14,"column":8},"end":{"line":19,"column":9}},"6":{"start":{"line":15,"column":31},"end":{"line":15,"column":76}},"7":{"start":{"line":16,"column":12},"end":{"line":16,"column":33}},"8":{"start":{"line":18,"column":12},"end":{"line":18,"column":57}},"9":{"start":{"line":23,"column":8},"end":{"line":28,"column":9}},"10":{"start":{"line":24,"column":31},"end":{"line":24,"column":71}},"11":{"start":{"line":25,"column":12},"end":{"line":25,"column":45}},"12":{"start":{"line":27,"column":12},"end":{"line":27,"column":57}},"13":{"start":{"line":32,"column":8},"end":{"line":37,"column":9}},"14":{"start":{"line":33,"column":31},"end":{"line":33,"column":86}},"15":{"start":{"line":34,"column":12},"end":{"line":34,"column":33}},"16":{"start":{"line":36,"column":12},"end":{"line":36,"column":57}},"17":{"start":{"line":41,"column":8},"end":{"line":46,"column":9}},"18":{"start":{"line":42,"column":12},"end":{"line":42,"column":58}},"19":{"start":{"line":43,"column":12},"end":{"line":43,"column":35}},"20":{"start":{"line":45,"column":12},"end":{"line":45,"column":57}},"21":{"start":{"line":50,"column":8},"end":{"line":55,"column":9}},"22":{"start":{"line":51,"column":32},"end":{"line":51,"column":99}},"23":{"start":{"line":52,"column":12},"end":{"line":52,"column":34}},"24":{"start":{"line":54,"column":12},"end":{"line":54,"column":57}},"25":{"start":{"line":59,"column":8},"end":{"line":64,"column":9}},"26":{"start":{"line":60,"column":32},"end":{"line":60,"column":102}},"27":{"start":{"line":61,"column":12},"end":{"line":61,"column":34}},"28":{"start":{"line":63,"column":12},"end":{"line":63,"column":57}},"29":{"start":{"line":68,"column":8},"end":{"line":73,"column":9}},"30":{"start":{"line":69,"column":32},"end":{"line":69,"column":70}},"31":{"start":{"line":70,"column":12},"end":{"line":70,"column":34}},"32":{"start":{"line":72,"column":12},"end":{"line":72,"column":57}},"33":{"start":{"line":77,"column":8},"end":{"line":85,"column":9}},"34":{"start":{"line":78,"column":27},"end":{"line":78,"column":37}},"35":{"start":{"line":79,"column":50},"end":{"line":79,"column":58}},"36":{"start":{"line":81,"column":31},"end":{"line":81,"column":99}},"37":{"start":{"line":82,"column":12},"end":{"line":82,"column":33}},"38":{"start":{"line":84,"column":12},"end":{"line":84,"column":57}},"39":{"start":{"line":89,"column":8},"end":{"line":95,"column":9}},"40":{"start":{"line":90,"column":27},"end":{"line":90,"column":37}},"41":{"start":{"line":91,"column":31},"end":{"line":91,"column":74}},"42":{"start":{"line":92,"column":12},"end":{"line":92,"column":33}},"43":{"start":{"line":94,"column":12},"end":{"line":94,"column":57}},"44":{"start":{"line":99,"column":0},"end":{"line":99,"column":44}}},"fnMap":{"0":{"name":"(anonymous_0)","decl":{"start":{"line":4,"column":4},"end":{"line":4,"column":5}},"loc":{"start":{"line":4,"column":27},"end":{"line":11,"column":5}},"line":4},"1":{"name":"(anonymous_1)","decl":{"start":{"line":13,"column":4},"end":{"line":13,"column":5}},"loc":{"start":{"line":13,"column":27},"end":{"line":20,"column":5}},"line":13},"2":{"name":"(anonymous_2)","decl":{"start":{"line":22,"column":4},"end":{"line":22,"column":5}},"loc":{"start":{"line":22,"column":27},"end":{"line":29,"column":5}},"line":22},"3":{"name":"(anonymous_3)","decl":{"start":{"line":31,"column":4},"end":{"line":31,"column":5}},"loc":{"start":{"line":31,"column":27},"end":{"line":38,"column":5}},"line":31},"4":{"name":"(anonymous_4)","decl":{"start":{"line":40,"column":4},"end":{"line":40,"column":5}},"loc":{"start":{"line":40,"column":27},"end":{"line":47,"column":5}},"line":40},"5":{"name":"(anonymous_5)","decl":{"start":{"line":49,"column":4},"end":{"line":49,"column":5}},"loc":{"start":{"line":49,"column":42},"end":{"line":56,"column":5}},"line":49},"6":{"name":"(anonymous_6)","decl":{"start":{"line":58,"column":4},"end":{"line":58,"column":5}},"loc":{"start":{"line":58,"column":45},"end":{"line":65,"column":5}},"line":58},"7":{"name":"(anonymous_7)","decl":{"start":{"line":67,"column":4},"end":{"line":67,"column":5}},"loc":{"start":{"line":67,"column":33},"end":{"line":74,"column":5}},"line":67},"8":{"name":"(anonymous_8)","decl":{"start":{"line":76,"column":4},"end":{"line":76,"column":5}},"loc":{"start":{"line":76,"column":34},"end":{"line":86,"column":5}},"line":76},"9":{"name":"(anonymous_9)","decl":{"start":{"line":88,"column":4},"end":{"line":88,"column":5}},"loc":{"start":{"line":88,"column":36},"end":{"line":96,"column":5}},"line":88}},"branchMap":{},"s":{"0":1,"1":0,"2":0,"3":0,"4":0,"5":0,"6":0,"7":0,"8":0,"9":0,"10":0,"11":0,"12":0,"13":0,"14":0,"15":0,"16":0,"17":0,"18":0,"19":0,"20":0,"21":0,"22":0,"23":0,"24":0,"25":0,"26":0,"27":0,"28":0,"29":0,"30":0,"31":0,"32":0,"33":0,"34":0,"35":0,"36":0,"37":0,"38":0,"39":0,"40":0,"41":0,"42":0,"43":0,"44":1},"f":{"0":0,"1":0,"2":0,"3":0,"4":0,"5":0,"6":0,"7":0,"8":0,"9":0},"b":{},"_coverageSchema":"1a1c01bbd47fc00a2c39e90264f33305004495a9","hash":"f96bfdf152e9b8a31ba7d3f16efda1995fb15609"}
,"C:\\Users\\Michał\\Desktop\\PracaInzynierska\\course-service\\src\\modules\\substitute\\substitute.model.js": {"path":"C:\\Users\\Michał\\Desktop\\PracaInzynierska\\course-service\\src\\modules\\substitute\\substitute.model.js","statementMap":{"0":{"start":{"line":1,"column":29},"end":{"line":1,"column":49}},"1":{"start":{"line":2,"column":22},"end":{"line":2,"column":48}},"2":{"start":{"line":6,"column":0},"end":{"line":33,"column":3}},"3":{"start":{"line":35,"column":0},"end":{"line":35,"column":28}}},"fnMap":{},"branchMap":{},"s":{"0":1,"1":1,"2":1,"3":1},"f":{},"b":{},"_coverageSchema":"1a1c01bbd47fc00a2c39e90264f33305004495a9","hash":"082fa5b545e5e0891199099bc16ca885438104c8"}
,"C:\\Users\\Michał\\Desktop\\PracaInzynierska\\course-service\\src\\modules\\substitute\\substitute.repository.js": {"path":"C:\\Users\\Michał\\Desktop\\PracaInzynierska\\course-service\\src\\modules\\substitute\\substitute.repository.js","statementMap":{"0":{"start":{"line":1,"column":19},"end":{"line":1,"column":48}},"1":{"start":{"line":2,"column":16},"end":{"line":2,"column":49}},"2":{"start":{"line":6,"column":8},"end":{"line":12,"column":11}},"3":{"start":{"line":16,"column":8},"end":{"line":21,"column":11}},"4":{"start":{"line":25,"column":8},"end":{"line":32,"column":11}},"5":{"start":{"line":36,"column":8},"end":{"line":43,"column":11}},"6":{"start":{"line":47,"column":8},"end":{"line":54,"column":11}},"7":{"start":{"line":58,"column":8},"end":{"line":58,"column":45}},"8":{"start":{"line":62,"column":27},"end":{"line":62,"column":50}},"9":{"start":{"line":63,"column":8},"end":{"line":63,"column":70}},"10":{"start":{"line":63,"column":25},"end":{"line":63,"column":70}},"11":{"start":{"line":64,"column":8},"end":{"line":64,"column":45}},"12":{"start":{"line":68,"column":27},"end":{"line":68,"column":50}},"13":{"start":{"line":69,"column":8},"end":{"line":69,"column":70}},"14":{"start":{"line":69,"column":25},"end":{"line":69,"column":70}},"15":{"start":{"line":70,"column":8},"end":{"line":70,"column":42}},"16":{"start":{"line":74,"column":27},"end":{"line":74,"column":61}},"17":{"start":{"line":75,"column":8},"end":{"line":75,"column":70}},"18":{"start":{"line":75,"column":25},"end":{"line":75,"column":70}},"19":{"start":{"line":77,"column":8},"end":{"line":77,"column":73}},"20":{"start":{"line":78,"column":8},"end":{"line":78,"column":39}},"21":{"start":{"line":82,"column":0},"end":{"line":82,"column":44}}},"fnMap":{"0":{"name":"(anonymous_0)","decl":{"start":{"line":5,"column":4},"end":{"line":5,"column":5}},"loc":{"start":{"line":5,"column":20},"end":{"line":13,"column":5}},"line":5},"1":{"name":"(anonymous_1)","decl":{"start":{"line":15,"column":4},"end":{"line":15,"column":5}},"loc":{"start":{"line":15,"column":23},"end":{"line":22,"column":5}},"line":15},"2":{"name":"(anonymous_2)","decl":{"start":{"line":24,"column":4},"end":{"line":24,"column":5}},"loc":{"start":{"line":24,"column":49},"end":{"line":33,"column":5}},"line":24},"3":{"name":"(anonymous_3)","decl":{"start":{"line":35,"column":4},"end":{"line":35,"column":5}},"loc":{"start":{"line":35,"column":52},"end":{"line":44,"column":5}},"line":35},"4":{"name":"(anonymous_4)","decl":{"start":{"line":46,"column":4},"end":{"line":46,"column":5}},"loc":{"start":{"line":46,"column":26},"end":{"line":55,"column":5}},"line":46},"5":{"name":"(anonymous_5)","decl":{"start":{"line":57,"column":4},"end":{"line":57,"column":5}},"loc":{"start":{"line":57,"column":23},"end":{"line":59,"column":5}},"line":57},"6":{"name":"(anonymous_6)","decl":{"start":{"line":61,"column":4},"end":{"line":61,"column":5}},"loc":{"start":{"line":61,"column":27},"end":{"line":65,"column":5}},"line":61},"7":{"name":"(anonymous_7)","decl":{"start":{"line":67,"column":4},"end":{"line":67,"column":5}},"loc":{"start":{"line":67,"column":21},"end":{"line":71,"column":5}},"line":67},"8":{"name":"(anonymous_8)","decl":{"start":{"line":73,"column":4},"end":{"line":73,"column":5}},"loc":{"start":{"line":73,"column":66},"end":{"line":79,"column":5}},"line":73}},"branchMap":{"0":{"loc":{"start":{"line":63,"column":8},"end":{"line":63,"column":70}},"type":"if","locations":[{"start":{"line":63,"column":8},"end":{"line":63,"column":70}},{"start":{},"end":{}}],"line":63},"1":{"loc":{"start":{"line":69,"column":8},"end":{"line":69,"column":70}},"type":"if","locations":[{"start":{"line":69,"column":8},"end":{"line":69,"column":70}},{"start":{},"end":{}}],"line":69},"2":{"loc":{"start":{"line":75,"column":8},"end":{"line":75,"column":70}},"type":"if","locations":[{"start":{"line":75,"column":8},"end":{"line":75,"column":70}},{"start":{},"end":{}}],"line":75}},"s":{"0":1,"1":1,"2":0,"3":0,"4":0,"5":0,"6":0,"7":0,"8":0,"9":0,"10":0,"11":0,"12":0,"13":0,"14":0,"15":0,"16":0,"17":0,"18":0,"19":0,"20":0,"21":1},"f":{"0":0,"1":0,"2":0,"3":0,"4":0,"5":0,"6":0,"7":0,"8":0},"b":{"0":[0,0],"1":[0,0],"2":[0,0]},"_coverageSchema":"1a1c01bbd47fc00a2c39e90264f33305004495a9","hash":"81828e7e569320b9a42d809675ad6c260439888d"}
,"C:\\Users\\Michał\\Desktop\\PracaInzynierska\\course-service\\src\\modules\\substitute\\substitute.service.js": {"path":"C:\\Users\\Michał\\Desktop\\PracaInzynierska\\course-service\\src\\modules\\substitute\\substitute.service.js","statementMap":{"0":{"start":{"line":1,"column":29},"end":{"line":1,"column":63}},"1":{"start":{"line":5,"column":8},"end":{"line":5,"column":52}},"2":{"start":{"line":9,"column":27},"end":{"line":9,"column":66}},"3":{"start":{"line":10,"column":8},"end":{"line":10,"column":70}},"4":{"start":{"line":10,"column":25},"end":{"line":10,"column":70}},"5":{"start":{"line":11,"column":8},"end":{"line":11,"column":26}},"6":{"start":{"line":15,"column":27},"end":{"line":15,"column":73}},"7":{"start":{"line":16,"column":49},"end":{"line":16,"column":53}},"8":{"start":{"line":18,"column":8},"end":{"line":20,"column":9}},"9":{"start":{"line":19,"column":12},"end":{"line":19,"column":54}},"10":{"start":{"line":22,"column":8},"end":{"line":26,"column":11}},"11":{"start":{"line":30,"column":8},"end":{"line":30,"column":59}},"12":{"start":{"line":34,"column":8},"end":{"line":34,"column":53}},"13":{"start":{"line":38,"column":8},"end":{"line":38,"column":81}},"14":{"start":{"line":42,"column":8},"end":{"line":42,"column":84}},"15":{"start":{"line":46,"column":8},"end":{"line":46,"column":58}},"16":{"start":{"line":50,"column":8},"end":{"line":52,"column":9}},"17":{"start":{"line":51,"column":12},"end":{"line":51,"column":74}},"18":{"start":{"line":54,"column":27},"end":{"line":54,"column":77}},"19":{"start":{"line":55,"column":8},"end":{"line":55,"column":70}},"20":{"start":{"line":55,"column":25},"end":{"line":55,"column":70}},"21":{"start":{"line":57,"column":8},"end":{"line":59,"column":9}},"22":{"start":{"line":58,"column":12},"end":{"line":58,"column":77}},"23":{"start":{"line":61,"column":8},"end":{"line":63,"column":9}},"24":{"start":{"line":62,"column":12},"end":{"line":62,"column":71}},"25":{"start":{"line":65,"column":8},"end":{"line":65,"column":98}},"26":{"start":{"line":69,"column":8},"end":{"line":69,"column":77}},"27":{"start":{"line":73,"column":0},"end":{"line":73,"column":41}}},"fnMap":{"0":{"name":"(anonymous_0)","decl":{"start":{"line":4,"column":4},"end":{"line":4,"column":5}},"loc":{"start":{"line":4,"column":19},"end":{"line":6,"column":5}},"line":4},"1":{"name":"(anonymous_1)","decl":{"start":{"line":8,"column":4},"end":{"line":8,"column":5}},"loc":{"start":{"line":8,"column":21},"end":{"line":12,"column":5}},"line":8},"2":{"name":"(anonymous_2)","decl":{"start":{"line":14,"column":4},"end":{"line":14,"column":5}},"loc":{"start":{"line":14,"column":23},"end":{"line":27,"column":5}},"line":14},"3":{"name":"(anonymous_3)","decl":{"start":{"line":29,"column":4},"end":{"line":29,"column":5}},"loc":{"start":{"line":29,"column":27},"end":{"line":31,"column":5}},"line":29},"4":{"name":"(anonymous_4)","decl":{"start":{"line":33,"column":4},"end":{"line":33,"column":5}},"loc":{"start":{"line":33,"column":21},"end":{"line":35,"column":5}},"line":33},"5":{"name":"(anonymous_5)","decl":{"start":{"line":37,"column":4},"end":{"line":37,"column":5}},"loc":{"start":{"line":37,"column":48},"end":{"line":39,"column":5}},"line":37},"6":{"name":"(anonymous_6)","decl":{"start":{"line":41,"column":4},"end":{"line":41,"column":5}},"loc":{"start":{"line":41,"column":51},"end":{"line":43,"column":5}},"line":41},"7":{"name":"(anonymous_7)","decl":{"start":{"line":45,"column":4},"end":{"line":45,"column":5}},"loc":{"start":{"line":45,"column":25},"end":{"line":47,"column":5}},"line":45},"8":{"name":"(anonymous_8)","decl":{"start":{"line":49,"column":4},"end":{"line":49,"column":5}},"loc":{"start":{"line":49,"column":66},"end":{"line":66,"column":5}},"line":49},"9":{"name":"(anonymous_9)","decl":{"start":{"line":68,"column":4},"end":{"line":68,"column":5}},"loc":{"start":{"line":68,"column":41},"end":{"line":70,"column":5}},"line":68}},"branchMap":{"0":{"loc":{"start":{"line":10,"column":8},"end":{"line":10,"column":70}},"type":"if","locations":[{"start":{"line":10,"column":8},"end":{"line":10,"column":70}},{"start":{},"end":{}}],"line":10},"1":{"loc":{"start":{"line":15,"column":27},"end":{"line":15,"column":73}},"type":"binary-expr","locations":[{"start":{"line":15,"column":27},"end":{"line":15,"column":48}},{"start":{"line":15,"column":52},"end":{"line":15,"column":73}}],"line":15},"2":{"loc":{"start":{"line":18,"column":8},"end":{"line":20,"column":9}},"type":"if","locations":[{"start":{"line":18,"column":8},"end":{"line":20,"column":9}},{"start":{},"end":{}}],"line":18},"3":{"loc":{"start":{"line":18,"column":12},"end":{"line":18,"column":56}},"type":"binary-expr","locations":[{"start":{"line":18,"column":12},"end":{"line":18,"column":23}},{"start":{"line":18,"column":27},"end":{"line":18,"column":56}}],"line":18},"4":{"loc":{"start":{"line":50,"column":8},"end":{"line":52,"column":9}},"type":"if","locations":[{"start":{"line":50,"column":8},"end":{"line":52,"column":9}},{"start":{},"end":{}}],"line":50},"5":{"loc":{"start":{"line":55,"column":8},"end":{"line":55,"column":70}},"type":"if","locations":[{"start":{"line":55,"column":8},"end":{"line":55,"column":70}},{"start":{},"end":{}}],"line":55},"6":{"loc":{"start":{"line":57,"column":8},"end":{"line":59,"column":9}},"type":"if","locations":[{"start":{"line":57,"column":8},"end":{"line":59,"column":9}},{"start":{},"end":{}}],"line":57},"7":{"loc":{"start":{"line":61,"column":8},"end":{"line":63,"column":9}},"type":"if","locations":[{"start":{"line":61,"column":8},"end":{"line":63,"column":9}},{"start":{},"end":{}}],"line":61}},"s":{"0":1,"1":0,"2":0,"3":0,"4":0,"5":0,"6":0,"7":0,"8":0,"9":0,"10":0,"11":0,"12":0,"13":0,"14":0,"15":0,"16":0,"17":0,"18":0,"19":0,"20":0,"21":0,"22":0,"23":0,"24":0,"25":0,"26":0,"27":1},"f":{"0":0,"1":0,"2":0,"3":0,"4":0,"5":0,"6":0,"7":0,"8":0,"9":0},"b":{"0":[0,0],"1":[0,0],"2":[0,0],"3":[0,0],"4":[0,0],"5":[0,0],"6":[0,0],"7":[0,0]},"_coverageSchema":"1a1c01bbd47fc00a2c39e90264f33305004495a9","hash":"80ffebc4fe7388a0a0e0dd4085e0649eff02e8e7"}
}
