{"C:\\Users\\Michał\\Desktop\\PracaInzynierska\\quiz-service\\src\\config\\db.js": {"path":"C:\\Users\\Michał\\Desktop\\PracaInzynierska\\quiz-service\\src\\config\\db.js","statementMap":{"0":{"start":{"line":1,"column":0},"end":{"line":1,"column":62}},"1":{"start":{"line":2,"column":22},"end":{"line":2,"column":42}},"2":{"start":{"line":4,"column":18},"end":{"line":13,"column":2}},"3":{"start":{"line":15,"column":0},"end":{"line":15,"column":31}}},"fnMap":{},"branchMap":{},"s":{"0":4,"1":4,"2":4,"3":4},"f":{},"b":{},"_coverageSchema":"1a1c01bbd47fc00a2c39e90264f33305004495a9","hash":"9ecdfc9f67af26c60897c20c1f4c4b5ce4cf9985"}
,"C:\\Users\\Michał\\Desktop\\PracaInzynierska\\quiz-service\\src\\models\\zajecia.model.js": {"path":"C:\\Users\\Michał\\Desktop\\PracaInzynierska\\quiz-service\\src\\models\\zajecia.model.js","statementMap":{"0":{"start":{"line":1,"column":29},"end":{"line":1,"column":49}},"1":{"start":{"line":2,"column":22},"end":{"line":2,"column":45}},"2":{"start":{"line":6,"column":0},"end":{"line":21,"column":3}},"3":{"start":{"line":23,"column":0},"end":{"line":23,"column":25}}},"fnMap":{},"branchMap":{},"s":{"0":1,"1":1,"2":1,"3":1},"f":{},"b":{},"_coverageSchema":"1a1c01bbd47fc00a2c39e90264f33305004495a9","hash":"3e90fa59e6c4e51de11d225fe5d82d6f277df715"}
,"C:\\Users\\Michał\\Desktop\\PracaInzynierska\\quiz-service\\src\\modules\\answer\\answer.controller.js": {"path":"C:\\Users\\Michał\\Desktop\\PracaInzynierska\\quiz-service\\src\\modules\\answer\\answer.controller.js","statementMap":{"0":{"start":{"line":1,"column":22},"end":{"line":1,"column":49}},"1":{"start":{"line":5,"column":8},"end":{"line":10,"column":9}},"2":{"start":{"line":6,"column":28},"end":{"line":6,"column":56}},"3":{"start":{"line":7,"column":12},"end":{"line":7,"column":30}},"4":{"start":{"line":9,"column":12},"end":{"line":9,"column":57}},"5":{"start":{"line":14,"column":8},"end":{"line":19,"column":9}},"6":{"start":{"line":15,"column":27},"end":{"line":15,"column":68}},"7":{"start":{"line":16,"column":12},"end":{"line":16,"column":29}},"8":{"start":{"line":18,"column":12},"end":{"line":18,"column":57}},"9":{"start":{"line":23,"column":8},"end":{"line":28,"column":9}},"10":{"start":{"line":24,"column":28},"end":{"line":24,"column":84}},"11":{"start":{"line":25,"column":12},"end":{"line":25,"column":30}},"12":{"start":{"line":27,"column":12},"end":{"line":27,"column":57}},"13":{"start":{"line":32,"column":8},"end":{"line":37,"column":9}},"14":{"start":{"line":33,"column":27},"end":{"line":33,"column":63}},"15":{"start":{"line":34,"column":12},"end":{"line":34,"column":41}},"16":{"start":{"line":36,"column":12},"end":{"line":36,"column":57}},"17":{"start":{"line":41,"column":8},"end":{"line":46,"column":9}},"18":{"start":{"line":42,"column":27},"end":{"line":42,"column":78}},"19":{"start":{"line":43,"column":12},"end":{"line":43,"column":29}},"20":{"start":{"line":45,"column":12},"end":{"line":45,"column":57}},"21":{"start":{"line":50,"column":8},"end":{"line":55,"column":9}},"22":{"start":{"line":51,"column":12},"end":{"line":51,"column":54}},"23":{"start":{"line":52,"column":12},"end":{"line":52,"column":35}},"24":{"start":{"line":54,"column":12},"end":{"line":54,"column":57}},"25":{"start":{"line":59,"column":0},"end":{"line":59,"column":40}}},"fnMap":{"0":{"name":"(anonymous_0)","decl":{"start":{"line":4,"column":4},"end":{"line":4,"column":5}},"loc":{"start":{"line":4,"column":27},"end":{"line":11,"column":5}},"line":4},"1":{"name":"(anonymous_1)","decl":{"start":{"line":13,"column":4},"end":{"line":13,"column":5}},"loc":{"start":{"line":13,"column":27},"end":{"line":20,"column":5}},"line":13},"2":{"name":"(anonymous_2)","decl":{"start":{"line":22,"column":4},"end":{"line":22,"column":5}},"loc":{"start":{"line":22,"column":34},"end":{"line":29,"column":5}},"line":22},"3":{"name":"(anonymous_3)","decl":{"start":{"line":31,"column":4},"end":{"line":31,"column":5}},"loc":{"start":{"line":31,"column":27},"end":{"line":38,"column":5}},"line":31},"4":{"name":"(anonymous_4)","decl":{"start":{"line":40,"column":4},"end":{"line":40,"column":5}},"loc":{"start":{"line":40,"column":27},"end":{"line":47,"column":5}},"line":40},"5":{"name":"(anonymous_5)","decl":{"start":{"line":49,"column":4},"end":{"line":49,"column":5}},"loc":{"start":{"line":49,"column":27},"end":{"line":56,"column":5}},"line":49}},"branchMap":{},"s":{"0":1,"1":0,"2":0,"3":0,"4":0,"5":0,"6":0,"7":0,"8":0,"9":0,"10":0,"11":0,"12":0,"13":0,"14":0,"15":0,"16":0,"17":0,"18":0,"19":0,"20":0,"21":0,"22":0,"23":0,"24":0,"25":1},"f":{"0":0,"1":0,"2":0,"3":0,"4":0,"5":0},"b":{},"_coverageSchema":"1a1c01bbd47fc00a2c39e90264f33305004495a9","hash":"1d94ab6d852548d67018965bb355e90768c5da2d"}
,"C:\\Users\\Michał\\Desktop\\PracaInzynierska\\quiz-service\\src\\modules\\answer\\answer.model.js": {"path":"C:\\Users\\Michał\\Desktop\\PracaInzynierska\\quiz-service\\src\\modules\\answer\\answer.model.js","statementMap":{"0":{"start":{"line":1,"column":29},"end":{"line":1,"column":49}},"1":{"start":{"line":2,"column":22},"end":{"line":2,"column":48}},"2":{"start":{"line":6,"column":0},"end":{"line":38,"column":3}},"3":{"start":{"line":40,"column":0},"end":{"line":40,"column":27}}},"fnMap":{},"branchMap":{},"s":{"0":1,"1":1,"2":1,"3":1},"f":{},"b":{},"_coverageSchema":"1a1c01bbd47fc00a2c39e90264f33305004495a9","hash":"b5de0043bac93b5a9df4e38bf59dc0829ae958ae"}
,"C:\\Users\\Michał\\Desktop\\PracaInzynierska\\quiz-service\\src\\modules\\answer\\answer.repository.js": {"path":"C:\\Users\\Michał\\Desktop\\PracaInzynierska\\quiz-service\\src\\modules\\answer\\answer.repository.js","statementMap":{"0":{"start":{"line":1,"column":18},"end":{"line":1,"column":43}},"1":{"start":{"line":5,"column":8},"end":{"line":7,"column":11}},"2":{"start":{"line":11,"column":8},"end":{"line":11,"column":44}},"3":{"start":{"line":15,"column":8},"end":{"line":18,"column":11}},"4":{"start":{"line":22,"column":8},"end":{"line":22,"column":44}},"5":{"start":{"line":26,"column":26},"end":{"line":26,"column":49}},"6":{"start":{"line":27,"column":8},"end":{"line":27,"column":68}},"7":{"start":{"line":27,"column":24},"end":{"line":27,"column":68}},"8":{"start":{"line":28,"column":8},"end":{"line":28,"column":44}},"9":{"start":{"line":32,"column":26},"end":{"line":32,"column":49}},"10":{"start":{"line":33,"column":8},"end":{"line":33,"column":68}},"11":{"start":{"line":33,"column":24},"end":{"line":33,"column":68}},"12":{"start":{"line":34,"column":8},"end":{"line":34,"column":41}},"13":{"start":{"line":38,"column":0},"end":{"line":38,"column":40}}},"fnMap":{"0":{"name":"(anonymous_0)","decl":{"start":{"line":4,"column":4},"end":{"line":4,"column":5}},"loc":{"start":{"line":4,"column":20},"end":{"line":8,"column":5}},"line":4},"1":{"name":"(anonymous_1)","decl":{"start":{"line":10,"column":4},"end":{"line":10,"column":5}},"loc":{"start":{"line":10,"column":23},"end":{"line":12,"column":5}},"line":10},"2":{"name":"(anonymous_2)","decl":{"start":{"line":14,"column":4},"end":{"line":14,"column":5}},"loc":{"start":{"line":14,"column":37},"end":{"line":19,"column":5}},"line":14},"3":{"name":"(anonymous_3)","decl":{"start":{"line":21,"column":4},"end":{"line":21,"column":5}},"loc":{"start":{"line":21,"column":23},"end":{"line":23,"column":5}},"line":21},"4":{"name":"(anonymous_4)","decl":{"start":{"line":25,"column":4},"end":{"line":25,"column":5}},"loc":{"start":{"line":25,"column":27},"end":{"line":29,"column":5}},"line":25},"5":{"name":"(anonymous_5)","decl":{"start":{"line":31,"column":4},"end":{"line":31,"column":5}},"loc":{"start":{"line":31,"column":21},"end":{"line":35,"column":5}},"line":31}},"branchMap":{"0":{"loc":{"start":{"line":27,"column":8},"end":{"line":27,"column":68}},"type":"if","locations":[{"start":{"line":27,"column":8},"end":{"line":27,"column":68}},{"start":{},"end":{}}],"line":27},"1":{"loc":{"start":{"line":33,"column":8},"end":{"line":33,"column":68}},"type":"if","locations":[{"start":{"line":33,"column":8},"end":{"line":33,"column":68}},{"start":{},"end":{}}],"line":33}},"s":{"0":1,"1":0,"2":0,"3":0,"4":0,"5":0,"6":0,"7":0,"8":0,"9":0,"10":0,"11":0,"12":0,"13":1},"f":{"0":0,"1":0,"2":0,"3":0,"4":0,"5":0},"b":{"0":[0,0],"1":[0,0]},"_coverageSchema":"1a1c01bbd47fc00a2c39e90264f33305004495a9","hash":"3b6a5286f110d356da0096877e6029f91b78a218"}
,"C:\\Users\\Michał\\Desktop\\PracaInzynierska\\quiz-service\\src\\modules\\answer\\answer.service.js": {"path":"C:\\Users\\Michał\\Desktop\\PracaInzynierska\\quiz-service\\src\\modules\\answer\\answer.service.js","statementMap":{"0":{"start":{"line":1,"column":25},"end":{"line":1,"column":55}},"1":{"start":{"line":5,"column":8},"end":{"line":5,"column":48}},"2":{"start":{"line":9,"column":23},"end":{"line":9,"column":58}},"3":{"start":{"line":10,"column":8},"end":{"line":10,"column":65}},"4":{"start":{"line":10,"column":21},"end":{"line":10,"column":65}},"5":{"start":{"line":11,"column":8},"end":{"line":11,"column":22}},"6":{"start":{"line":15,"column":8},"end":{"line":15,"column":65}},"7":{"start":{"line":19,"column":8},"end":{"line":19,"column":51}},"8":{"start":{"line":23,"column":8},"end":{"line":23,"column":55}},"9":{"start":{"line":27,"column":8},"end":{"line":27,"column":49}},"10":{"start":{"line":31,"column":0},"end":{"line":31,"column":37}}},"fnMap":{"0":{"name":"(anonymous_0)","decl":{"start":{"line":4,"column":4},"end":{"line":4,"column":5}},"loc":{"start":{"line":4,"column":19},"end":{"line":6,"column":5}},"line":4},"1":{"name":"(anonymous_1)","decl":{"start":{"line":8,"column":4},"end":{"line":8,"column":5}},"loc":{"start":{"line":8,"column":21},"end":{"line":12,"column":5}},"line":8},"2":{"name":"(anonymous_2)","decl":{"start":{"line":14,"column":4},"end":{"line":14,"column":5}},"loc":{"start":{"line":14,"column":36},"end":{"line":16,"column":5}},"line":14},"3":{"name":"(anonymous_3)","decl":{"start":{"line":18,"column":4},"end":{"line":18,"column":5}},"loc":{"start":{"line":18,"column":23},"end":{"line":20,"column":5}},"line":18},"4":{"name":"(anonymous_4)","decl":{"start":{"line":22,"column":4},"end":{"line":22,"column":5}},"loc":{"start":{"line":22,"column":27},"end":{"line":24,"column":5}},"line":22},"5":{"name":"(anonymous_5)","decl":{"start":{"line":26,"column":4},"end":{"line":26,"column":5}},"loc":{"start":{"line":26,"column":21},"end":{"line":28,"column":5}},"line":26}},"branchMap":{"0":{"loc":{"start":{"line":10,"column":8},"end":{"line":10,"column":65}},"type":"if","locations":[{"start":{"line":10,"column":8},"end":{"line":10,"column":65}},{"start":{},"end":{}}],"line":10}},"s":{"0":1,"1":0,"2":0,"3":0,"4":0,"5":0,"6":0,"7":0,"8":0,"9":0,"10":1},"f":{"0":0,"1":0,"2":0,"3":0,"4":0,"5":0},"b":{"0":[0,0]},"_coverageSchema":"1a1c01bbd47fc00a2c39e90264f33305004495a9","hash":"6a82b47ca6c3564d8c864976e6c5dc0cd077f3bd"}
,"C:\\Users\\Michał\\Desktop\\PracaInzynierska\\quiz-service\\src\\modules\\question\\question.controller.js": {"path":"C:\\Users\\Michał\\Desktop\\PracaInzynierska\\quiz-service\\src\\modules\\question\\question.controller.js","statementMap":{"0":{"start":{"line":1,"column":24},"end":{"line":1,"column":53}},"1":{"start":{"line":5,"column":8},"end":{"line":10,"column":9}},"2":{"start":{"line":6,"column":30},"end":{"line":6,"column":60}},"3":{"start":{"line":7,"column":12},"end":{"line":7,"column":32}},"4":{"start":{"line":9,"column":12},"end":{"line":9,"column":57}},"5":{"start":{"line":14,"column":8},"end":{"line":19,"column":9}},"6":{"start":{"line":15,"column":29},"end":{"line":15,"column":72}},"7":{"start":{"line":16,"column":12},"end":{"line":16,"column":31}},"8":{"start":{"line":18,"column":12},"end":{"line":18,"column":57}},"9":{"start":{"line":23,"column":8},"end":{"line":28,"column":9}},"10":{"start":{"line":24,"column":30},"end":{"line":24,"column":80}},"11":{"start":{"line":25,"column":12},"end":{"line":25,"column":32}},"12":{"start":{"line":27,"column":12},"end":{"line":27,"column":57}},"13":{"start":{"line":32,"column":8},"end":{"line":37,"column":9}},"14":{"start":{"line":33,"column":29},"end":{"line":33,"column":67}},"15":{"start":{"line":34,"column":12},"end":{"line":34,"column":43}},"16":{"start":{"line":36,"column":12},"end":{"line":36,"column":57}},"17":{"start":{"line":41,"column":8},"end":{"line":46,"column":9}},"18":{"start":{"line":42,"column":29},"end":{"line":42,"column":82}},"19":{"start":{"line":43,"column":12},"end":{"line":43,"column":31}},"20":{"start":{"line":45,"column":12},"end":{"line":45,"column":57}},"21":{"start":{"line":50,"column":8},"end":{"line":55,"column":9}},"22":{"start":{"line":51,"column":12},"end":{"line":51,"column":56}},"23":{"start":{"line":52,"column":12},"end":{"line":52,"column":35}},"24":{"start":{"line":54,"column":12},"end":{"line":54,"column":57}},"25":{"start":{"line":59,"column":8},"end":{"line":63,"column":9}},"26":{"start":{"line":60,"column":12},"end":{"line":60,"column":35}},"27":{"start":{"line":62,"column":12},"end":{"line":62,"column":57}},"28":{"start":{"line":67,"column":0},"end":{"line":67,"column":42}}},"fnMap":{"0":{"name":"(anonymous_0)","decl":{"start":{"line":4,"column":4},"end":{"line":4,"column":5}},"loc":{"start":{"line":4,"column":27},"end":{"line":11,"column":5}},"line":4},"1":{"name":"(anonymous_1)","decl":{"start":{"line":13,"column":4},"end":{"line":13,"column":5}},"loc":{"start":{"line":13,"column":27},"end":{"line":20,"column":5}},"line":13},"2":{"name":"(anonymous_2)","decl":{"start":{"line":22,"column":4},"end":{"line":22,"column":5}},"loc":{"start":{"line":22,"column":30},"end":{"line":29,"column":5}},"line":22},"3":{"name":"(anonymous_3)","decl":{"start":{"line":31,"column":4},"end":{"line":31,"column":5}},"loc":{"start":{"line":31,"column":27},"end":{"line":38,"column":5}},"line":31},"4":{"name":"(anonymous_4)","decl":{"start":{"line":40,"column":4},"end":{"line":40,"column":5}},"loc":{"start":{"line":40,"column":27},"end":{"line":47,"column":5}},"line":40},"5":{"name":"(anonymous_5)","decl":{"start":{"line":49,"column":4},"end":{"line":49,"column":5}},"loc":{"start":{"line":49,"column":27},"end":{"line":56,"column":5}},"line":49},"6":{"name":"(anonymous_6)","decl":{"start":{"line":58,"column":4},"end":{"line":58,"column":5}},"loc":{"start":{"line":58,"column":25},"end":{"line":64,"column":5}},"line":58}},"branchMap":{},"s":{"0":1,"1":0,"2":0,"3":0,"4":0,"5":0,"6":0,"7":0,"8":0,"9":0,"10":0,"11":0,"12":0,"13":0,"14":0,"15":0,"16":0,"17":0,"18":0,"19":0,"20":0,"21":0,"22":0,"23":0,"24":0,"25":0,"26":0,"27":0,"28":1},"f":{"0":0,"1":0,"2":0,"3":0,"4":0,"5":0,"6":0},"b":{},"_coverageSchema":"1a1c01bbd47fc00a2c39e90264f33305004495a9","hash":"5da874e8676948fccea698c01d10550ee0a2e60e"}
,"C:\\Users\\Michał\\Desktop\\PracaInzynierska\\quiz-service\\src\\modules\\question\\question.model.js": {"path":"C:\\Users\\Michał\\Desktop\\PracaInzynierska\\quiz-service\\src\\modules\\question\\question.model.js","statementMap":{"0":{"start":{"line":1,"column":29},"end":{"line":1,"column":49}},"1":{"start":{"line":2,"column":22},"end":{"line":2,"column":48}},"2":{"start":{"line":6,"column":0},"end":{"line":38,"column":3}},"3":{"start":{"line":40,"column":0},"end":{"line":40,"column":25}}},"fnMap":{},"branchMap":{},"s":{"0":1,"1":1,"2":1,"3":1},"f":{},"b":{},"_coverageSchema":"1a1c01bbd47fc00a2c39e90264f33305004495a9","hash":"668871b1aa92c978a030d5b7d764856af8d3bca9"}
,"C:\\Users\\Michał\\Desktop\\PracaInzynierska\\quiz-service\\src\\modules\\question\\question.repository.js": {"path":"C:\\Users\\Michał\\Desktop\\PracaInzynierska\\quiz-service\\src\\modules\\question\\question.repository.js","statementMap":{"0":{"start":{"line":1,"column":16},"end":{"line":1,"column":43}},"1":{"start":{"line":5,"column":8},"end":{"line":7,"column":11}},"2":{"start":{"line":11,"column":8},"end":{"line":11,"column":42}},"3":{"start":{"line":15,"column":8},"end":{"line":18,"column":11}},"4":{"start":{"line":22,"column":8},"end":{"line":22,"column":42}},"5":{"start":{"line":26,"column":24},"end":{"line":26,"column":47}},"6":{"start":{"line":27,"column":8},"end":{"line":27,"column":64}},"7":{"start":{"line":27,"column":22},"end":{"line":27,"column":64}},"8":{"start":{"line":28,"column":8},"end":{"line":28,"column":42}},"9":{"start":{"line":32,"column":24},"end":{"line":32,"column":47}},"10":{"start":{"line":33,"column":8},"end":{"line":33,"column":64}},"11":{"start":{"line":33,"column":22},"end":{"line":33,"column":64}},"12":{"start":{"line":34,"column":8},"end":{"line":34,"column":39}},"13":{"start":{"line":38,"column":0},"end":{"line":38,"column":42}}},"fnMap":{"0":{"name":"(anonymous_0)","decl":{"start":{"line":4,"column":4},"end":{"line":4,"column":5}},"loc":{"start":{"line":4,"column":20},"end":{"line":8,"column":5}},"line":4},"1":{"name":"(anonymous_1)","decl":{"start":{"line":10,"column":4},"end":{"line":10,"column":5}},"loc":{"start":{"line":10,"column":23},"end":{"line":12,"column":5}},"line":10},"2":{"name":"(anonymous_2)","decl":{"start":{"line":14,"column":4},"end":{"line":14,"column":5}},"loc":{"start":{"line":14,"column":29},"end":{"line":19,"column":5}},"line":14},"3":{"name":"(anonymous_3)","decl":{"start":{"line":21,"column":4},"end":{"line":21,"column":5}},"loc":{"start":{"line":21,"column":23},"end":{"line":23,"column":5}},"line":21},"4":{"name":"(anonymous_4)","decl":{"start":{"line":25,"column":4},"end":{"line":25,"column":5}},"loc":{"start":{"line":25,"column":27},"end":{"line":29,"column":5}},"line":25},"5":{"name":"(anonymous_5)","decl":{"start":{"line":31,"column":4},"end":{"line":31,"column":5}},"loc":{"start":{"line":31,"column":21},"end":{"line":35,"column":5}},"line":31}},"branchMap":{"0":{"loc":{"start":{"line":27,"column":8},"end":{"line":27,"column":64}},"type":"if","locations":[{"start":{"line":27,"column":8},"end":{"line":27,"column":64}},{"start":{},"end":{}}],"line":27},"1":{"loc":{"start":{"line":33,"column":8},"end":{"line":33,"column":64}},"type":"if","locations":[{"start":{"line":33,"column":8},"end":{"line":33,"column":64}},{"start":{},"end":{}}],"line":33}},"s":{"0":1,"1":0,"2":0,"3":0,"4":0,"5":0,"6":0,"7":0,"8":0,"9":0,"10":0,"11":0,"12":0,"13":1},"f":{"0":0,"1":0,"2":0,"3":0,"4":0,"5":0},"b":{"0":[0,0],"1":[0,0]},"_coverageSchema":"1a1c01bbd47fc00a2c39e90264f33305004495a9","hash":"f746a40792f45054c3fac39d3f447e7e1c152e98"}
,"C:\\Users\\Michał\\Desktop\\PracaInzynierska\\quiz-service\\src\\modules\\question\\question.service.js": {"path":"C:\\Users\\Michał\\Desktop\\PracaInzynierska\\quiz-service\\src\\modules\\question\\question.service.js","statementMap":{"0":{"start":{"line":1,"column":27},"end":{"line":1,"column":59}},"1":{"start":{"line":5,"column":8},"end":{"line":5,"column":50}},"2":{"start":{"line":9,"column":25},"end":{"line":9,"column":62}},"3":{"start":{"line":10,"column":8},"end":{"line":10,"column":65}},"4":{"start":{"line":10,"column":23},"end":{"line":10,"column":65}},"5":{"start":{"line":11,"column":8},"end":{"line":11,"column":24}},"6":{"start":{"line":15,"column":8},"end":{"line":15,"column":59}},"7":{"start":{"line":19,"column":8},"end":{"line":19,"column":53}},"8":{"start":{"line":23,"column":8},"end":{"line":23,"column":57}},"9":{"start":{"line":27,"column":8},"end":{"line":27,"column":51}},"10":{"start":{"line":31,"column":0},"end":{"line":31,"column":39}}},"fnMap":{"0":{"name":"(anonymous_0)","decl":{"start":{"line":4,"column":4},"end":{"line":4,"column":5}},"loc":{"start":{"line":4,"column":19},"end":{"line":6,"column":5}},"line":4},"1":{"name":"(anonymous_1)","decl":{"start":{"line":8,"column":4},"end":{"line":8,"column":5}},"loc":{"start":{"line":8,"column":21},"end":{"line":12,"column":5}},"line":8},"2":{"name":"(anonymous_2)","decl":{"start":{"line":14,"column":4},"end":{"line":14,"column":5}},"loc":{"start":{"line":14,"column":28},"end":{"line":16,"column":5}},"line":14},"3":{"name":"(anonymous_3)","decl":{"start":{"line":18,"column":4},"end":{"line":18,"column":5}},"loc":{"start":{"line":18,"column":23},"end":{"line":20,"column":5}},"line":18},"4":{"name":"(anonymous_4)","decl":{"start":{"line":22,"column":4},"end":{"line":22,"column":5}},"loc":{"start":{"line":22,"column":27},"end":{"line":24,"column":5}},"line":22},"5":{"name":"(anonymous_5)","decl":{"start":{"line":26,"column":4},"end":{"line":26,"column":5}},"loc":{"start":{"line":26,"column":21},"end":{"line":28,"column":5}},"line":26}},"branchMap":{"0":{"loc":{"start":{"line":10,"column":8},"end":{"line":10,"column":65}},"type":"if","locations":[{"start":{"line":10,"column":8},"end":{"line":10,"column":65}},{"start":{},"end":{}}],"line":10}},"s":{"0":1,"1":0,"2":0,"3":0,"4":0,"5":0,"6":0,"7":0,"8":0,"9":0,"10":1},"f":{"0":0,"1":0,"2":0,"3":0,"4":0,"5":0},"b":{"0":[0,0]},"_coverageSchema":"1a1c01bbd47fc00a2c39e90264f33305004495a9","hash":"e34963e1ec7bc1f99ca47938d3279d6891ef734a"}
,"C:\\Users\\Michał\\Desktop\\PracaInzynierska\\quiz-service\\src\\modules\\quiz\\quiz.controller.js": {"path":"C:\\Users\\Michał\\Desktop\\PracaInzynierska\\quiz-service\\src\\modules\\quiz\\quiz.controller.js","statementMap":{"0":{"start":{"line":1,"column":20},"end":{"line":1,"column":45}},"1":{"start":{"line":5,"column":8},"end":{"line":10,"column":9}},"2":{"start":{"line":6,"column":28},"end":{"line":6,"column":54}},"3":{"start":{"line":7,"column":12},"end":{"line":7,"column":30}},"4":{"start":{"line":9,"column":12},"end":{"line":9,"column":57}},"5":{"start":{"line":14,"column":8},"end":{"line":19,"column":9}},"6":{"start":{"line":15,"column":25},"end":{"line":15,"column":64}},"7":{"start":{"line":16,"column":12},"end":{"line":16,"column":27}},"8":{"start":{"line":18,"column":12},"end":{"line":18,"column":57}},"9":{"start":{"line":23,"column":8},"end":{"line":28,"column":9}},"10":{"start":{"line":24,"column":28},"end":{"line":24,"column":78}},"11":{"start":{"line":25,"column":12},"end":{"line":25,"column":30}},"12":{"start":{"line":27,"column":12},"end":{"line":27,"column":57}},"13":{"start":{"line":32,"column":8},"end":{"line":37,"column":9}},"14":{"start":{"line":33,"column":28},"end":{"line":33,"column":76}},"15":{"start":{"line":34,"column":12},"end":{"line":34,"column":30}},"16":{"start":{"line":36,"column":12},"end":{"line":36,"column":57}},"17":{"start":{"line":41,"column":8},"end":{"line":46,"column":9}},"18":{"start":{"line":42,"column":25},"end":{"line":42,"column":59}},"19":{"start":{"line":43,"column":12},"end":{"line":43,"column":39}},"20":{"start":{"line":45,"column":12},"end":{"line":45,"column":57}},"21":{"start":{"line":50,"column":8},"end":{"line":55,"column":9}},"22":{"start":{"line":51,"column":25},"end":{"line":51,"column":74}},"23":{"start":{"line":52,"column":12},"end":{"line":52,"column":27}},"24":{"start":{"line":54,"column":12},"end":{"line":54,"column":57}},"25":{"start":{"line":59,"column":8},"end":{"line":64,"column":9}},"26":{"start":{"line":60,"column":12},"end":{"line":60,"column":52}},"27":{"start":{"line":61,"column":12},"end":{"line":61,"column":35}},"28":{"start":{"line":63,"column":12},"end":{"line":63,"column":57}},"29":{"start":{"line":68,"column":0},"end":{"line":68,"column":38}}},"fnMap":{"0":{"name":"(anonymous_0)","decl":{"start":{"line":4,"column":4},"end":{"line":4,"column":5}},"loc":{"start":{"line":4,"column":27},"end":{"line":11,"column":5}},"line":4},"1":{"name":"(anonymous_1)","decl":{"start":{"line":13,"column":4},"end":{"line":13,"column":5}},"loc":{"start":{"line":13,"column":27},"end":{"line":20,"column":5}},"line":13},"2":{"name":"(anonymous_2)","decl":{"start":{"line":22,"column":4},"end":{"line":22,"column":5}},"loc":{"start":{"line":22,"column":32},"end":{"line":29,"column":5}},"line":22},"3":{"name":"(anonymous_3)","decl":{"start":{"line":31,"column":4},"end":{"line":31,"column":5}},"loc":{"start":{"line":31,"column":31},"end":{"line":38,"column":5}},"line":31},"4":{"name":"(anonymous_4)","decl":{"start":{"line":40,"column":4},"end":{"line":40,"column":5}},"loc":{"start":{"line":40,"column":27},"end":{"line":47,"column":5}},"line":40},"5":{"name":"(anonymous_5)","decl":{"start":{"line":49,"column":4},"end":{"line":49,"column":5}},"loc":{"start":{"line":49,"column":27},"end":{"line":56,"column":5}},"line":49},"6":{"name":"(anonymous_6)","decl":{"start":{"line":58,"column":4},"end":{"line":58,"column":5}},"loc":{"start":{"line":58,"column":27},"end":{"line":65,"column":5}},"line":58}},"branchMap":{},"s":{"0":1,"1":0,"2":0,"3":0,"4":0,"5":0,"6":0,"7":0,"8":0,"9":0,"10":0,"11":0,"12":0,"13":0,"14":0,"15":0,"16":0,"17":0,"18":0,"19":0,"20":0,"21":0,"22":0,"23":0,"24":0,"25":0,"26":0,"27":0,"28":0,"29":1},"f":{"0":0,"1":0,"2":0,"3":0,"4":0,"5":0,"6":0},"b":{},"_coverageSchema":"1a1c01bbd47fc00a2c39e90264f33305004495a9","hash":"1f982483827b20e4d1abb1f35294a964a2d6402a"}
,"C:\\Users\\Michał\\Desktop\\PracaInzynierska\\quiz-service\\src\\modules\\quiz\\quiz.model.js": {"path":"C:\\Users\\Michał\\Desktop\\PracaInzynierska\\quiz-service\\src\\modules\\quiz\\quiz.model.js","statementMap":{"0":{"start":{"line":1,"column":29},"end":{"line":1,"column":49}},"1":{"start":{"line":2,"column":22},"end":{"line":2,"column":48}},"2":{"start":{"line":6,"column":0},"end":{"line":30,"column":3}},"3":{"start":{"line":32,"column":0},"end":{"line":32,"column":22}}},"fnMap":{},"branchMap":{},"s":{"0":2,"1":2,"2":2,"3":2},"f":{},"b":{},"_coverageSchema":"1a1c01bbd47fc00a2c39e90264f33305004495a9","hash":"d140d07e0c85107086623b3949928a2abe5d5f2e"}
,"C:\\Users\\Michał\\Desktop\\PracaInzynierska\\quiz-service\\src\\modules\\quiz\\quiz.repository.js": {"path":"C:\\Users\\Michał\\Desktop\\PracaInzynierska\\quiz-service\\src\\modules\\quiz\\quiz.repository.js","statementMap":{"0":{"start":{"line":1,"column":13},"end":{"line":1,"column":36}},"1":{"start":{"line":2,"column":16},"end":{"line":2,"column":53}},"2":{"start":{"line":3,"column":22},"end":{"line":3,"column":42}},"3":{"start":{"line":7,"column":8},"end":{"line":7,"column":45}},"4":{"start":{"line":8,"column":8},"end":{"line":10,"column":11}},"5":{"start":{"line":14,"column":8},"end":{"line":14,"column":39}},"6":{"start":{"line":18,"column":8},"end":{"line":21,"column":11}},"7":{"start":{"line":25,"column":8},"end":{"line":25,"column":45}},"8":{"start":{"line":26,"column":8},"end":{"line":34,"column":11}},"9":{"start":{"line":38,"column":8},"end":{"line":38,"column":39}},"10":{"start":{"line":42,"column":21},"end":{"line":42,"column":44}},"11":{"start":{"line":43,"column":8},"end":{"line":43,"column":58}},"12":{"start":{"line":43,"column":19},"end":{"line":43,"column":58}},"13":{"start":{"line":44,"column":8},"end":{"line":44,"column":39}},"14":{"start":{"line":48,"column":21},"end":{"line":48,"column":44}},"15":{"start":{"line":49,"column":8},"end":{"line":49,"column":58}},"16":{"start":{"line":49,"column":19},"end":{"line":49,"column":58}},"17":{"start":{"line":50,"column":8},"end":{"line":50,"column":36}},"18":{"start":{"line":54,"column":0},"end":{"line":54,"column":38}}},"fnMap":{"0":{"name":"(anonymous_0)","decl":{"start":{"line":6,"column":4},"end":{"line":6,"column":5}},"loc":{"start":{"line":6,"column":20},"end":{"line":11,"column":5}},"line":6},"1":{"name":"(anonymous_1)","decl":{"start":{"line":13,"column":4},"end":{"line":13,"column":5}},"loc":{"start":{"line":13,"column":23},"end":{"line":15,"column":5}},"line":13},"2":{"name":"(anonymous_2)","decl":{"start":{"line":17,"column":4},"end":{"line":17,"column":5}},"loc":{"start":{"line":17,"column":33},"end":{"line":22,"column":5}},"line":17},"3":{"name":"(anonymous_3)","decl":{"start":{"line":24,"column":4},"end":{"line":24,"column":5}},"loc":{"start":{"line":24,"column":31},"end":{"line":35,"column":5}},"line":24},"4":{"name":"(anonymous_4)","decl":{"start":{"line":37,"column":4},"end":{"line":37,"column":5}},"loc":{"start":{"line":37,"column":23},"end":{"line":39,"column":5}},"line":37},"5":{"name":"(anonymous_5)","decl":{"start":{"line":41,"column":4},"end":{"line":41,"column":5}},"loc":{"start":{"line":41,"column":27},"end":{"line":45,"column":5}},"line":41},"6":{"name":"(anonymous_6)","decl":{"start":{"line":47,"column":4},"end":{"line":47,"column":5}},"loc":{"start":{"line":47,"column":21},"end":{"line":51,"column":5}},"line":47}},"branchMap":{"0":{"loc":{"start":{"line":43,"column":8},"end":{"line":43,"column":58}},"type":"if","locations":[{"start":{"line":43,"column":8},"end":{"line":43,"column":58}},{"start":{},"end":{}}],"line":43},"1":{"loc":{"start":{"line":49,"column":8},"end":{"line":49,"column":58}},"type":"if","locations":[{"start":{"line":49,"column":8},"end":{"line":49,"column":58}},{"start":{},"end":{}}],"line":49}},"s":{"0":1,"1":1,"2":1,"3":0,"4":0,"5":0,"6":0,"7":0,"8":0,"9":0,"10":0,"11":0,"12":0,"13":0,"14":0,"15":0,"16":0,"17":0,"18":1},"f":{"0":0,"1":0,"2":0,"3":0,"4":0,"5":0,"6":0},"b":{"0":[0,0],"1":[0,0]},"_coverageSchema":"1a1c01bbd47fc00a2c39e90264f33305004495a9","hash":"9add9d1540e50858a028ad2cc4fd47375f8e8422"}
,"C:\\Users\\Michał\\Desktop\\PracaInzynierska\\quiz-service\\src\\modules\\quiz\\quiz.service.js": {"path":"C:\\Users\\Michał\\Desktop\\PracaInzynierska\\quiz-service\\src\\modules\\quiz\\quiz.service.js","statementMap":{"0":{"start":{"line":1,"column":23},"end":{"line":1,"column":51}},"1":{"start":{"line":5,"column":8},"end":{"line":5,"column":46}},"2":{"start":{"line":9,"column":21},"end":{"line":9,"column":54}},"3":{"start":{"line":10,"column":8},"end":{"line":10,"column":58}},"4":{"start":{"line":10,"column":19},"end":{"line":10,"column":58}},"5":{"start":{"line":11,"column":8},"end":{"line":11,"column":20}},"6":{"start":{"line":15,"column":8},"end":{"line":15,"column":59}},"7":{"start":{"line":19,"column":8},"end":{"line":19,"column":57}},"8":{"start":{"line":23,"column":8},"end":{"line":23,"column":49}},"9":{"start":{"line":27,"column":8},"end":{"line":27,"column":53}},"10":{"start":{"line":31,"column":8},"end":{"line":31,"column":47}},"11":{"start":{"line":35,"column":0},"end":{"line":35,"column":35}}},"fnMap":{"0":{"name":"(anonymous_0)","decl":{"start":{"line":4,"column":4},"end":{"line":4,"column":5}},"loc":{"start":{"line":4,"column":19},"end":{"line":6,"column":5}},"line":4},"1":{"name":"(anonymous_1)","decl":{"start":{"line":8,"column":4},"end":{"line":8,"column":5}},"loc":{"start":{"line":8,"column":21},"end":{"line":12,"column":5}},"line":8},"2":{"name":"(anonymous_2)","decl":{"start":{"line":14,"column":4},"end":{"line":14,"column":5}},"loc":{"start":{"line":14,"column":32},"end":{"line":16,"column":5}},"line":14},"3":{"name":"(anonymous_3)","decl":{"start":{"line":18,"column":4},"end":{"line":18,"column":5}},"loc":{"start":{"line":18,"column":30},"end":{"line":20,"column":5}},"line":18},"4":{"name":"(anonymous_4)","decl":{"start":{"line":22,"column":4},"end":{"line":22,"column":5}},"loc":{"start":{"line":22,"column":23},"end":{"line":24,"column":5}},"line":22},"5":{"name":"(anonymous_5)","decl":{"start":{"line":26,"column":4},"end":{"line":26,"column":5}},"loc":{"start":{"line":26,"column":27},"end":{"line":28,"column":5}},"line":26},"6":{"name":"(anonymous_6)","decl":{"start":{"line":30,"column":4},"end":{"line":30,"column":5}},"loc":{"start":{"line":30,"column":21},"end":{"line":32,"column":5}},"line":30}},"branchMap":{"0":{"loc":{"start":{"line":10,"column":8},"end":{"line":10,"column":58}},"type":"if","locations":[{"start":{"line":10,"column":8},"end":{"line":10,"column":58}},{"start":{},"end":{}}],"line":10}},"s":{"0":1,"1":0,"2":0,"3":0,"4":0,"5":0,"6":0,"7":0,"8":0,"9":0,"10":0,"11":1},"f":{"0":0,"1":0,"2":0,"3":0,"4":0,"5":0,"6":0},"b":{"0":[0,0]},"_coverageSchema":"1a1c01bbd47fc00a2c39e90264f33305004495a9","hash":"5fbe41167323fc2106d1f1198ccd37ca52b38975"}
,"C:\\Users\\Michał\\Desktop\\PracaInzynierska\\quiz-service\\src\\modules\\quizResult\\wynikQuizu.controller.js": {"path":"C:\\Users\\Michał\\Desktop\\PracaInzynierska\\quiz-service\\src\\modules\\quizResult\\wynikQuizu.controller.js","statementMap":{"0":{"start":{"line":1,"column":26},"end":{"line":1,"column":57}},"1":{"start":{"line":5,"column":8},"end":{"line":10,"column":9}},"2":{"start":{"line":6,"column":27},"end":{"line":6,"column":59}},"3":{"start":{"line":7,"column":12},"end":{"line":7,"column":29}},"4":{"start":{"line":9,"column":12},"end":{"line":9,"column":57}},"5":{"start":{"line":14,"column":8},"end":{"line":19,"column":9}},"6":{"start":{"line":15,"column":26},"end":{"line":15,"column":71}},"7":{"start":{"line":16,"column":12},"end":{"line":16,"column":28}},"8":{"start":{"line":18,"column":12},"end":{"line":18,"column":57}},"9":{"start":{"line":23,"column":8},"end":{"line":28,"column":9}},"10":{"start":{"line":24,"column":27},"end":{"line":24,"column":85}},"11":{"start":{"line":25,"column":12},"end":{"line":25,"column":29}},"12":{"start":{"line":27,"column":12},"end":{"line":27,"column":57}},"13":{"start":{"line":32,"column":8},"end":{"line":37,"column":9}},"14":{"start":{"line":33,"column":27},"end":{"line":33,"column":79}},"15":{"start":{"line":34,"column":12},"end":{"line":34,"column":29}},"16":{"start":{"line":36,"column":12},"end":{"line":36,"column":57}},"17":{"start":{"line":41,"column":8},"end":{"line":46,"column":9}},"18":{"start":{"line":42,"column":26},"end":{"line":42,"column":66}},"19":{"start":{"line":43,"column":12},"end":{"line":43,"column":40}},"20":{"start":{"line":45,"column":12},"end":{"line":45,"column":57}},"21":{"start":{"line":50,"column":8},"end":{"line":55,"column":9}},"22":{"start":{"line":51,"column":26},"end":{"line":51,"column":81}},"23":{"start":{"line":52,"column":12},"end":{"line":52,"column":28}},"24":{"start":{"line":54,"column":12},"end":{"line":54,"column":57}},"25":{"start":{"line":59,"column":8},"end":{"line":64,"column":9}},"26":{"start":{"line":60,"column":12},"end":{"line":60,"column":58}},"27":{"start":{"line":61,"column":12},"end":{"line":61,"column":35}},"28":{"start":{"line":63,"column":12},"end":{"line":63,"column":57}},"29":{"start":{"line":68,"column":0},"end":{"line":68,"column":44}}},"fnMap":{"0":{"name":"(anonymous_0)","decl":{"start":{"line":4,"column":4},"end":{"line":4,"column":5}},"loc":{"start":{"line":4,"column":27},"end":{"line":11,"column":5}},"line":4},"1":{"name":"(anonymous_1)","decl":{"start":{"line":13,"column":4},"end":{"line":13,"column":5}},"loc":{"start":{"line":13,"column":27},"end":{"line":20,"column":5}},"line":13},"2":{"name":"(anonymous_2)","decl":{"start":{"line":22,"column":4},"end":{"line":22,"column":5}},"loc":{"start":{"line":22,"column":33},"end":{"line":29,"column":5}},"line":22},"3":{"name":"(anonymous_3)","decl":{"start":{"line":31,"column":4},"end":{"line":31,"column":5}},"loc":{"start":{"line":31,"column":30},"end":{"line":38,"column":5}},"line":31},"4":{"name":"(anonymous_4)","decl":{"start":{"line":40,"column":4},"end":{"line":40,"column":5}},"loc":{"start":{"line":40,"column":27},"end":{"line":47,"column":5}},"line":40},"5":{"name":"(anonymous_5)","decl":{"start":{"line":49,"column":4},"end":{"line":49,"column":5}},"loc":{"start":{"line":49,"column":27},"end":{"line":56,"column":5}},"line":49},"6":{"name":"(anonymous_6)","decl":{"start":{"line":58,"column":4},"end":{"line":58,"column":5}},"loc":{"start":{"line":58,"column":27},"end":{"line":65,"column":5}},"line":58}},"branchMap":{},"s":{"0":1,"1":0,"2":0,"3":0,"4":0,"5":0,"6":0,"7":0,"8":0,"9":0,"10":0,"11":0,"12":0,"13":0,"14":0,"15":0,"16":0,"17":0,"18":0,"19":0,"20":0,"21":0,"22":0,"23":0,"24":0,"25":0,"26":0,"27":0,"28":0,"29":1},"f":{"0":0,"1":0,"2":0,"3":0,"4":0,"5":0,"6":0},"b":{},"_coverageSchema":"1a1c01bbd47fc00a2c39e90264f33305004495a9","hash":"37eef89ee5a577d30866756d0d985020ccfce804"}
,"C:\\Users\\Michał\\Desktop\\PracaInzynierska\\quiz-service\\src\\modules\\quizResult\\wynikQuizu.model.js": {"path":"C:\\Users\\Michał\\Desktop\\PracaInzynierska\\quiz-service\\src\\modules\\quizResult\\wynikQuizu.model.js","statementMap":{"0":{"start":{"line":1,"column":29},"end":{"line":1,"column":49}},"1":{"start":{"line":2,"column":22},"end":{"line":2,"column":48}},"2":{"start":{"line":6,"column":0},"end":{"line":35,"column":3}},"3":{"start":{"line":37,"column":0},"end":{"line":37,"column":28}}},"fnMap":{},"branchMap":{},"s":{"0":1,"1":1,"2":1,"3":1},"f":{},"b":{},"_coverageSchema":"1a1c01bbd47fc00a2c39e90264f33305004495a9","hash":"700c631286aa26cb2e811423a0ef82759591c775"}
,"C:\\Users\\Michał\\Desktop\\PracaInzynierska\\quiz-service\\src\\modules\\quizResult\\wynikQuizu.repository.js": {"path":"C:\\Users\\Michał\\Desktop\\PracaInzynierska\\quiz-service\\src\\modules\\quizResult\\wynikQuizu.repository.js","statementMap":{"0":{"start":{"line":1,"column":19},"end":{"line":1,"column":48}},"1":{"start":{"line":2,"column":13},"end":{"line":2,"column":42}},"2":{"start":{"line":6,"column":8},"end":{"line":6,"column":45}},"3":{"start":{"line":7,"column":8},"end":{"line":14,"column":11}},"4":{"start":{"line":18,"column":8},"end":{"line":18,"column":45}},"5":{"start":{"line":19,"column":8},"end":{"line":25,"column":11}},"6":{"start":{"line":29,"column":8},"end":{"line":29,"column":45}},"7":{"start":{"line":30,"column":8},"end":{"line":38,"column":11}},"8":{"start":{"line":42,"column":8},"end":{"line":45,"column":11}},"9":{"start":{"line":49,"column":8},"end":{"line":49,"column":45}},"10":{"start":{"line":53,"column":22},"end":{"line":53,"column":45}},"11":{"start":{"line":54,"column":8},"end":{"line":54,"column":66}},"12":{"start":{"line":54,"column":20},"end":{"line":54,"column":66}},"13":{"start":{"line":55,"column":8},"end":{"line":55,"column":40}},"14":{"start":{"line":59,"column":22},"end":{"line":59,"column":45}},"15":{"start":{"line":60,"column":8},"end":{"line":60,"column":66}},"16":{"start":{"line":60,"column":20},"end":{"line":60,"column":66}},"17":{"start":{"line":61,"column":8},"end":{"line":61,"column":37}},"18":{"start":{"line":65,"column":0},"end":{"line":65,"column":44}}},"fnMap":{"0":{"name":"(anonymous_0)","decl":{"start":{"line":5,"column":4},"end":{"line":5,"column":5}},"loc":{"start":{"line":5,"column":20},"end":{"line":15,"column":5}},"line":5},"1":{"name":"(anonymous_1)","decl":{"start":{"line":17,"column":4},"end":{"line":17,"column":5}},"loc":{"start":{"line":17,"column":23},"end":{"line":26,"column":5}},"line":17},"2":{"name":"(anonymous_2)","decl":{"start":{"line":28,"column":4},"end":{"line":28,"column":5}},"loc":{"start":{"line":28,"column":35},"end":{"line":39,"column":5}},"line":28},"3":{"name":"(anonymous_3)","decl":{"start":{"line":41,"column":4},"end":{"line":41,"column":5}},"loc":{"start":{"line":41,"column":29},"end":{"line":46,"column":5}},"line":41},"4":{"name":"(anonymous_4)","decl":{"start":{"line":48,"column":4},"end":{"line":48,"column":5}},"loc":{"start":{"line":48,"column":23},"end":{"line":50,"column":5}},"line":48},"5":{"name":"(anonymous_5)","decl":{"start":{"line":52,"column":4},"end":{"line":52,"column":5}},"loc":{"start":{"line":52,"column":27},"end":{"line":56,"column":5}},"line":52},"6":{"name":"(anonymous_6)","decl":{"start":{"line":58,"column":4},"end":{"line":58,"column":5}},"loc":{"start":{"line":58,"column":21},"end":{"line":62,"column":5}},"line":58}},"branchMap":{"0":{"loc":{"start":{"line":54,"column":8},"end":{"line":54,"column":66}},"type":"if","locations":[{"start":{"line":54,"column":8},"end":{"line":54,"column":66}},{"start":{},"end":{}}],"line":54},"1":{"loc":{"start":{"line":60,"column":8},"end":{"line":60,"column":66}},"type":"if","locations":[{"start":{"line":60,"column":8},"end":{"line":60,"column":66}},{"start":{},"end":{}}],"line":60}},"s":{"0":1,"1":1,"2":0,"3":0,"4":0,"5":0,"6":0,"7":0,"8":0,"9":0,"10":0,"11":0,"12":0,"13":0,"14":0,"15":0,"16":0,"17":0,"18":1},"f":{"0":0,"1":0,"2":0,"3":0,"4":0,"5":0,"6":0},"b":{"0":[0,0],"1":[0,0]},"_coverageSchema":"1a1c01bbd47fc00a2c39e90264f33305004495a9","hash":"6d75ea50dd7f658a645dfeb99b814a4b282113cf"}
,"C:\\Users\\Michał\\Desktop\\PracaInzynierska\\quiz-service\\src\\modules\\quizResult\\wynikQuizu.service.js": {"path":"C:\\Users\\Michał\\Desktop\\PracaInzynierska\\quiz-service\\src\\modules\\quizResult\\wynikQuizu.service.js","statementMap":{"0":{"start":{"line":1,"column":29},"end":{"line":1,"column":63}},"1":{"start":{"line":5,"column":8},"end":{"line":5,"column":52}},"2":{"start":{"line":9,"column":22},"end":{"line":9,"column":61}},"3":{"start":{"line":10,"column":8},"end":{"line":10,"column":66}},"4":{"start":{"line":10,"column":20},"end":{"line":10,"column":66}},"5":{"start":{"line":11,"column":8},"end":{"line":11,"column":21}},"6":{"start":{"line":15,"column":8},"end":{"line":15,"column":67}},"7":{"start":{"line":19,"column":8},"end":{"line":19,"column":61}},"8":{"start":{"line":23,"column":8},"end":{"line":25,"column":9}},"9":{"start":{"line":24,"column":12},"end":{"line":24,"column":64}},"10":{"start":{"line":26,"column":8},"end":{"line":28,"column":9}},"11":{"start":{"line":27,"column":12},"end":{"line":27,"column":51}},"12":{"start":{"line":29,"column":8},"end":{"line":31,"column":9}},"13":{"start":{"line":30,"column":12},"end":{"line":30,"column":45}},"14":{"start":{"line":32,"column":8},"end":{"line":32,"column":55}},"15":{"start":{"line":36,"column":8},"end":{"line":36,"column":59}},"16":{"start":{"line":40,"column":8},"end":{"line":40,"column":53}},"17":{"start":{"line":44,"column":0},"end":{"line":44,"column":41}}},"fnMap":{"0":{"name":"(anonymous_0)","decl":{"start":{"line":4,"column":4},"end":{"line":4,"column":5}},"loc":{"start":{"line":4,"column":19},"end":{"line":6,"column":5}},"line":4},"1":{"name":"(anonymous_1)","decl":{"start":{"line":8,"column":4},"end":{"line":8,"column":5}},"loc":{"start":{"line":8,"column":21},"end":{"line":12,"column":5}},"line":8},"2":{"name":"(anonymous_2)","decl":{"start":{"line":14,"column":4},"end":{"line":14,"column":5}},"loc":{"start":{"line":14,"column":34},"end":{"line":16,"column":5}},"line":14},"3":{"name":"(anonymous_3)","decl":{"start":{"line":18,"column":4},"end":{"line":18,"column":5}},"loc":{"start":{"line":18,"column":28},"end":{"line":20,"column":5}},"line":18},"4":{"name":"(anonymous_4)","decl":{"start":{"line":22,"column":4},"end":{"line":22,"column":5}},"loc":{"start":{"line":22,"column":23},"end":{"line":33,"column":5}},"line":22},"5":{"name":"(anonymous_5)","decl":{"start":{"line":35,"column":4},"end":{"line":35,"column":5}},"loc":{"start":{"line":35,"column":27},"end":{"line":37,"column":5}},"line":35},"6":{"name":"(anonymous_6)","decl":{"start":{"line":39,"column":4},"end":{"line":39,"column":5}},"loc":{"start":{"line":39,"column":21},"end":{"line":41,"column":5}},"line":39}},"branchMap":{"0":{"loc":{"start":{"line":10,"column":8},"end":{"line":10,"column":66}},"type":"if","locations":[{"start":{"line":10,"column":8},"end":{"line":10,"column":66}},{"start":{},"end":{}}],"line":10},"1":{"loc":{"start":{"line":23,"column":8},"end":{"line":25,"column":9}},"type":"if","locations":[{"start":{"line":23,"column":8},"end":{"line":25,"column":9}},{"start":{},"end":{}}],"line":23},"2":{"loc":{"start":{"line":23,"column":12},"end":{"line":23,"column":56}},"type":"binary-expr","locations":[{"start":{"line":23,"column":12},"end":{"line":23,"column":33}},{"start":{"line":23,"column":37},"end":{"line":23,"column":56}}],"line":23},"3":{"loc":{"start":{"line":26,"column":8},"end":{"line":28,"column":9}},"type":"if","locations":[{"start":{"line":26,"column":8},"end":{"line":28,"column":9}},{"start":{},"end":{}}],"line":26},"4":{"loc":{"start":{"line":26,"column":12},"end":{"line":26,"column":59}},"type":"binary-expr","locations":[{"start":{"line":26,"column":12},"end":{"line":26,"column":36}},{"start":{"line":26,"column":40},"end":{"line":26,"column":59}}],"line":26},"5":{"loc":{"start":{"line":29,"column":8},"end":{"line":31,"column":9}},"type":"if","locations":[{"start":{"line":29,"column":8},"end":{"line":31,"column":9}},{"start":{},"end":{}}],"line":29}},"s":{"0":1,"1":0,"2":0,"3":0,"4":0,"5":0,"6":0,"7":0,"8":0,"9":0,"10":0,"11":0,"12":0,"13":0,"14":0,"15":0,"16":0,"17":1},"f":{"0":0,"1":0,"2":0,"3":0,"4":0,"5":0,"6":0},"b":{"0":[0,0],"1":[0,0],"2":[0,0],"3":[0,0],"4":[0,0],"5":[0,0]},"_coverageSchema":"1a1c01bbd47fc00a2c39e90264f33305004495a9","hash":"2a1c376f8aab54ca309950ad67fae3e3652187da"}
}
